1
                 Chemistry at HARvard Macromolecular Mechanics
           (CHARMM) - Developmental Version 41a2   February 15, 2016            
                             Git commit ID f89d5df                              
       Copyright(c) 1984-2014  President and Fellows of Harvard College
                              All Rights Reserved
     Current operating system: Linux-2.6.32-642.6.2.el6.x86_64(x86_64)@node     
                 Created on 12/15/16 at 10:02:58 by user: ra15808     

            Maximum number of ATOMS:    360720, and RESidues:      120240
 RDTITL> * PRODUCTION RUNS
 RDTITL> *
  
 CHARMM>     
  
 CHARMM>    envi OPENMM_PLATFORM  "CUDA"   ! /CUDA/Reference   Use OpenMM platform based on
  
 CHARMM>    envi OPENMM_PRECISION "mixed"   ! /mixed/double    Do calculations in single
  
 CHARMM>     
  
 CHARMM>    prnlev 5
  
 CHARMM>    set datadir ../common
 Parameter: DATADIR <- "../COMMON"
  
 CHARMM>    stream @datadir/toppar_water_ions_fixed.str
 Parameter: DATADIR -> "../COMMON"
 VOPEN> Attempting to open::../common/toppar_water_ions_fixed.str::
 OPNLGU> Unit 99 opened for READONLY access to ../common/toppar_water_ions_fixed.str

                    INPUT STREAM SWITCHING TO UNIT    99
 RDTITL> * TOPLOGY AND PARAMETER INFORMATION FOR WATER AND IONS.
 RDTITL> *
 Parameter: IN1 <- "" <empty>
  
 CHARMM>     
  
 CHARMM>    !Testcase
 CHARMM>    !test_water_ions.inp
 CHARMM>     
  
 CHARMM>    ! IMPORTANT NOTE: this file contains NBFixes between carboxylates and sodium,
 CHARMM>    ! which will only apply if the main files containing carboxylate atom types
 CHARMM>    ! have been read in first!
 CHARMM>     
  
 CHARMM>    !references
 CHARMM>    !
 CHARMM>    !TIP3P water model
 CHARMM>    !
 CHARMM>    !W.L. Jorgensen; J.Chandrasekhar; J.D. Madura; R.W. Impey;
 CHARMM>    !M.L. Klein; "Comparison of simple potential functions for
 CHARMM>    !simulating liquid water", J. Chem. Phys. 79 926-935 (1983).
 CHARMM>    !
 CHARMM>    !IONS
 CHARMM>    !
 CHARMM>    !Ions from Roux and coworkers
 CHARMM>    !
 CHARMM>    !Beglov, D. and Roux, B., Finite Representation of an Infinite
 CHARMM>    !Bulk System: Solvent Boundary Potential for Computer Simulations,
 CHARMM>    !Journal of Chemical Physics, 1994, 100: 9050-9063
 CHARMM>    !
 CHARMM>    !ZINC
 CHARMM>    !
 CHARMM>    !Stote, R.H. and Karplus, M. Zinc Binding in Proteins and
 CHARMM>    !Solution: A Simple but Accurate Nonbonded Representation, PROTEINS:
 CHARMM>    !Structure, Function, and Genetics 23:12-31 (1995)
 CHARMM>     
  
 CHARMM>    !test "append" to determine if previous toppar files have been read and
 CHARMM>    !add append to "read rtf card" if true
 CHARMM>    set nat ?NATC
 RDCMND: can not substitute energy "?NATC"
 Parameter: NAT <- "?NATC"
  
 CHARMM>    set app
 Parameter: APP <- "" <empty>
  
 CHARMM>    !We're exploiting what is arguably a bug in the parser. On the left hand side,
 CHARMM>    !the quotes have priority, so NAT is correctly substituted. On the right hand
 CHARMM>    !side, the ? has priority and NATC" (sic) is not a valid substitution...
 CHARMM>    if "@NAT" ne "?NATC" if @nat ne 0 set app append
 Parameter: NAT -> "?NATC"
 Parameter: NAT -> "?NATC"
 RDCMND: can not substitute energy "?NATC""
 Comparing ""?NATC"" and ""?NATC"".
 IF test evaluated as false.  Skipping command
  
 CHARMM>     
  
 CHARMM>    read rtf card  !REA 26/07/2013 - deleted @app - always stream this first and everything else must be appended)
 MAINIO> Residue topology file being read from unit  99.
 RDTITL> * TOPOLOGY FOR WATER AND IONS
 RDTITL> *
  
 CHARMM>     
  
 CHARMM>    read para card flex  !REA - deleted @app

          PARAMETER FILE BEING READ FROM UNIT 99
 RDTITL> * PARAMETERS FOR WATER AND IONS
 RDTITL> *
 PARMIO> NONBOND, HBOND lists and IMAGE atoms cleared.
  
 CHARMM>     
  
 CHARMM>    ! The following section contains NBFixes for sodium interacting with
 CHARMM>    ! carboxylate oxygens of various CHARMM force fields. It will generate
 CHARMM>    ! level -1 warnings whenever any of these force fields have not been
 CHARMM>    ! read prior to the current stream file. Since we don't want to force
 CHARMM>    ! the user to always read all the force fields, we're suppressing the
 CHARMM>    ! warnings. The only side effect is that you will have "most severe
 CHARMM>    ! warning was at level 0" at the end of your output. Also note that
 CHARMM>    ! the user is responsible for reading the current file last if they
 CHARMM>    ! want the NBFixes to apply. A more elegant solution would require new
 CHARMM>    ! features to be added to CHARMM.
 CHARMM>    ! parallel fix, to avoid duplicated messages in the log
 CHARMM>    set para
 Parameter: PARA <- "" <empty>
  
 CHARMM>    if ?NUMNODE gt 1 set para node 0
 RDCMND substituted energy or value "?NUMNODE" to "1"
 Comparing "1" and "1".
 IF test evaluated as false.  Skipping command
  
 CHARMM>     
  
 CHARMM>    set wrn ?WRNLEV
 RDCMND substituted energy or value "?WRNLEV" to "5"
 Parameter: WRN <- "5"
  
 CHARMM>    ! Some versions of CHARMM don't seem to initialize wrnlev...
 CHARMM>    if "@WRN" eq "?WRNLEV" set wrn 5
 Parameter: WRN -> "5"
 RDCMND: can not substitute energy "?WRNLEV""
 Comparing ""5"" and ""?WRNLEV"".
 IF test evaluated as false.  Skipping command
  
 CHARMM>    set bom ?bomlev
 RDCMND substituted energy or value "?BOMLEV" to "0"
 Parameter: BOM <- "0"
  
 CHARMM>    WRNLEV -1 @PARA
 Parameter: PARA -> "" <empty>
  
 CHARMM>    BOMLEV -1 @PARA
 Parameter: PARA -> "" <empty>
  
 CHARMM>    read para card flex append

          PARAMETER FILE BEING READ FROM UNIT 99
 RDTITL> * NBFIX BETWEEN CARBOXYLATE AND SODIUM
 RDTITL> *
 PARMIO> NONBOND, HBOND lists and IMAGE atoms cleared.
  
 CHARMM>    BOMLEV @bom @PARA
 Parameter: BOM -> "0"
 Parameter: PARA -> "" <empty>
  
 CHARMM>    WRNLEV @wrn @PARA
 Parameter: WRN -> "5"
 Parameter: PARA -> "" <empty>
  
 CHARMM>     
  
 CHARMM>    return
 VCLOSE: Closing unit   99 with status "KEEP"

                    RETURNING TO INPUT STREAM     5
  
 CHARMM>    read rtf card name @datadir/top_all36_prot.rtf append flex
 Parameter: DATADIR -> "../COMMON"
 VOPEN> Attempting to open::../common/top_all36_prot.rtf::
 MAINIO> Residue topology file being read from unit  90.
 TITLE> *>>>>>>>>CHARMM36 ALL-HYDROGEN TOPOLOGY FILE FOR PROTEINS <<<<<<
 TITLE> *>>>>> INCLUDES PHI, PSI CROSS TERM MAP (CMAP) CORRECTION <<<<<<<
 TITLE> *>>>>>>>>>>>>>>>>>>>>>>>>>> MAY 2011 <<<<<<<<<<<<<<<<<<<<<<<<<<<<
 TITLE> * ALL COMMENTS TO THE CHARMM WEB SITE: WWW.CHARMM.ORG
 TITLE> *             PARAMETER SET DISCUSSION FORUM
 TITLE> *
 VCLOSE: Closing unit   90 with status "KEEP"
  
 CHARMM>    read rtf card name @datadir/aadh_topologies.rtf append flex
 Parameter: DATADIR -> "../COMMON"
 VOPEN> Attempting to open::../common/aadh_topologies.rtf::
 MAINIO> Residue topology file being read from unit  90.
 TITLE> * RESIDUES AND PATCHES FOR CREATING AADH REACTANT AND PRODUCTS
 TITLE> * ATOM DEFINITIONS IS TAKEN FROM TOP_ALL36_PROT.RTF
 TITLE> * PREAMLE IS TAKEN FROM TOP_TTW.INP
 TITLE> * >>>>>
 TITLE> * RESI TTW - /DATA/KR/TOP_TTW.INP
 TITLE> * RESI TTW2 - /DATA/KR/TOP_TTW.INP - I DON'T THINK THIS IS USED SO THIS WON'T BE ADJUSTED.
 TITLE> * PRES TRPM - /DATA/NEW_MD/TRPM.RTF
 TITLE> * PRES TTWP - /DATA/KR/TTW_PROD.RTF
 TITLE> * PRES ASP1/2 - /DATA/KR/TTW_PROD.RTF
 TITLE> * PRES TTQ_TRP - /DATA/NEW_MD/TTW_TOP.INP
 TITLE> * THE ORIGINAL PATCHES AND RESIDUES WERE SPECIFIED IN THE CHARM22 FF
 TITLE> * 23/07/2016 - THE PRODUCT PATCHES WILL HAVE TO CHANGE (TO GET RID OF DELE STATEMENT)
 TITLE> *               AND TO PRESERVE THE ATOMS LABELLING CHANGES.
 TITLE> *
 WARNING from DECODI -- Zero length string being converted to 0
 RTFRDR> WARNING: Version number is NOT specified.
 VCLOSE: Closing unit   90 with status "KEEP"
  
 CHARMM>    read para card name @datadir/par_all36_prot_mod.prm append flex
 Parameter: DATADIR -> "../COMMON"
 VOPEN> Attempting to open::../common/par_all36_prot_mod.prm::

          PARAMETER FILE BEING READ FROM UNIT 90
 TITLE> *>>>> CHARMM36 ALL-HYDROGEN PARAMETER FILE FOR PROTEINS <<<<<<<<<<
 TITLE> *>>>>> INCLUDES PHI, PSI CROSS TERM MAP (CMAP) CORRECTION <<<<<<<<
 TITLE> *>>>>>>>>>>>>>>>>>>>>>>>>>> JAN. 2016 <<<<<<<<<<<<<<<<<<<<<<<<<<<<
 TITLE> * ALL COMMENTS TO THE CHARMM WEB SITE: WWW.CHARMM.ORG
 TITLE> *             PARAMETER SET DISCUSSION FORUM
 TITLE> *
 PARMIO> NONBOND, HBOND lists and IMAGE atoms cleared.
 VCLOSE: Closing unit   90 with status "KEEP"
  
 CHARMM>    read para card name @datadir/aadh_parameters.prm append flex
 Parameter: DATADIR -> "../COMMON"
 VOPEN> Attempting to open::../common/aadh_parameters.prm::

          PARAMETER FILE BEING READ FROM UNIT 90
 TITLE> * PARAMETERS SPECIFIC TO AADH.  TO BE USED IN CONJUNCTION WITH AADH_TOPOLOGIES.RTF
 TITLE> * THESE WERE TAKEN FROM EACH SECTION IN /DATA/KR/PAR_TTW.INP
 TITLE> *   AND ADDITIONALLY FROM /DATA/NEW_MD/PAR_TTW.INP
 TITLE> * THERE'S NO ANGLE PARAMETERS FOR HA ONLY HA1/2/3 SO CHANGE THE HAS IN THE AADH_TOPOLOGIES
 TITLE> * ADDED NBFIX
 TITLE>  
 PARMIO> NONBOND, HBOND lists and IMAGE atoms cleared.
 VCLOSE: Closing unit   90 with status "KEEP"
  
 CHARMM>     
  
 CHARMM>    set prodid 4
 Parameter: PRODID <- "4"
  
 CHARMM>    set input 2agy-equil-310k-1atm-step10
 Parameter: INPUT <- "2AGY-EQUIL-310K-1ATM-STEP10"
  
 CHARMM>    set output 2agy-310k-1atm-prod@prodid
 Parameter: PRODID -> "4"
 Parameter: OUTPUT <- "2AGY-310K-1ATM-PROD4"
  
 CHARMM>    read psf card name ../common/2agy_final.psf
 VOPEN> Attempting to open::../common/2agy_final.psf::
 MAINIO> Protein structure file being read from unit  90.
 PSFRD2> Reading PSF in the expanded format.
 TITLE>  * REALIGNED THE CRYSTAL STRUCTURE TO BE COMPATIBLE WITH OPENMM
 TITLE>  * CUBIC CRYSTAL STRUCTURE BOX SIZE: 132.94535 ANG
 TITLE>  * NOT MINIMIZED
 TITLE>  *  DATE:    12/10/16      7:27:19      CREATED BY USER: ra15808
 TITLE>  *
 PSFSUM> PSF modified: NONBOND lists and IMAGE atoms cleared.
 PSFSUM> Summary of the structure file counters :
         Number of segments      =        7   Number of residues   =    73137
         Number of atoms         =   230161   Number of groups     =    76487
         Number of bonds         =   229944   Number of angles     =    98111
         Number of dihedrals     =    38677   Number of impropers  =     2624
         Number of cross-terms   =      936
         Number of HB acceptors  =    73213   Number of HB donors  =   145196
         Number of NB exclusions =        0   Total charge =   -0.00000
 VCLOSE: Closing unit   90 with status "KEEP"
  
 CHARMM>    read coord card name @input.cor
 Parameter: INPUT -> "2AGY-EQUIL-310K-1ATM-STEP10"
 VOPEN> Attempting to open::2agy-equil-310k-1atm-step10.cor::
          SPATIAL COORDINATES BEING READ FROM UNIT 90
 TITLE> * 2AGY EQUILIBRATION INTERMEDIATE OUTPUT.
 TITLE> *  DATE:    12/13/16     20:30:57      CREATED BY USER: RA15808
 TITLE> *
 VCLOSE: Closing unit   90 with status "KEEP"
  
 CHARMM>     
  
 CHARMM>    !
 CHARMM>    ! Setup crystal
 CHARMM>    !
 CHARMM>     
  
 CHARMM>    define protein sele segid AL* .or. segid BT* end
 SELRPN>  14420 atoms have been selected out of 230161
  
 CHARMM>    define water sele segid *WAT end
 SELRPN> 215325 atoms have been selected out of 230161
  
 CHARMM>    define ions sele segid ion end
 SELRPN>    416 atoms have been selected out of 230161
  
 CHARMM>    define backbone_prot sele type n .or. type ca .or. type c .or. type o end
 SELRPN>   3780 atoms have been selected out of 230161
  
 CHARMM>     
  
 CHARMM>    set xdim 132.94535
 Parameter: XDIM <- "132.94535"
  
 CHARMM>    calc cen @xdim/2
 Parameter: XDIM -> "132.94535"
Evaluating: 132.94535/2
 Parameter: CEN <- "66.472675"
  
 CHARMM>    set cutim 14
 Parameter: CUTIM <- "14"
  
 CHARMM>     
  
 CHARMM>    crystal defi cubic @xdim @xdim @xdim 90.0 90.0 90.0
 Parameter: XDIM -> "132.94535"
 Parameter: XDIM -> "132.94535"
 Parameter: XDIM -> "132.94535"
 Crystal Parameters : Crystal Type = CUBI
           A     =  132.94535 B    =  132.94535 C     =  132.94535
           Alpha =   90.00000 Beta =   90.00000 Gamma =   90.00000
  
 CHARMM>    crystal build cutoff @cutim noper 0
 Parameter: CUTIM -> "14"
 XBUILD> Building all transformations with a minimum atom-atom
         contact distance of less than   14.00 Angstroms.

 Range of Grid Search for Transformation     1 :
 Lattice Vector A    -2 TO     2
 Lattice Vector B    -2 TO     2
 Lattice Vector C    -2 TO     2


 The number of transformations generated =    26


 Number  Symop   A   B   C   Distance

      1      1  -1  -1  -1     6.1487
      2      1  -1   0  -1     3.4915
      3      1  -1   1  -1     6.2617
      4      1   0  -1  -1     4.8320
      5      1   0   0  -1     2.8112
      6      1   0   1  -1     4.1782
      7      1  -1  -1   0     3.4685
      8      1  -1   0   0     2.9946
      9      1  -1   1   0     4.0523
     10      1   0  -1   0     3.3827
     11      1   0   1   0     3.3827
     12      1  -1  -1   1     6.4254
     13      1  -1   0   1     5.7908
     14      1  -1   1   1     7.4387
     15      1   0  -1   1     4.1782
     16      1   0   0   1     2.8112
     17      1   0   1   1     4.8320
     18      1   1   1   1     6.1487
     19      1   1   0   1     3.4915
     20      1   1  -1   1     6.2617
     21      1   1   1   0     3.4685
     22      1   1   0   0     2.9946
     23      1   1  -1   0     4.0523
     24      1   1   1  -1     6.4254
     25      1   1   0  -1     5.7908
     26      1   1  -1  -1     7.4387
                     THERE ARE NO ROTATIONS FOR THIS TRANSFORMATION SET
    26 Transformations have been processed.

  
 CHARMM>    image byseg xcen @cen ycen @cen zcen @cen sele protein end
 Parameter: CEN -> "66.472675"
 Parameter: CEN -> "66.472675"
 Parameter: CEN -> "66.472675"
 SELRPN>  14420 atoms have been selected out of 230161
 IMAGE CENTERING ON FOR SOME ATOMS
  
 CHARMM>    image byres xcen @cen ycen @cen zcen @cen sele water .or. ions end
 Parameter: CEN -> "66.472675"
 Parameter: CEN -> "66.472675"
 Parameter: CEN -> "66.472675"
 SELRPN> 215741 atoms have been selected out of 230161
 IMAGE CENTERING ON FOR SOME ATOMS
  
 CHARMM>     
  
 CHARMM>    !
 CHARMM>    ! Setup non-bonded forces
 CHARMM>    !
 CHARMM>    set ftx 144
 Parameter: FTX <- "144"
  
 CHARMM>    set fty 144
 Parameter: FTY <- "144"
  
 CHARMM>    set ftz 144
 Parameter: FTZ <- "144"
  
 CHARMM>    NBONDED inbfrq -1 imgfrq -1 nbxmod 5 -                                              ! C36 DEFAULTS
 CHARMM>            atom cdiel fshift -                                                         ! use atom based electrostatics, C36 DEFAULTS
 CHARMM>            vatom vdistance vfswitch -                                                  ! C36 DEFAULTS
 CHARMM>            elec ewald pmew fftx @ftx ffty @fty fftz @ftz kappa .34 spline order 6 -    ! PME SUMMATION
 CHARMM>            cutnb 14.0 ctofnb 12.0 ctonnb 10.0 -                                        ! C36 DEFAULTS
 CHARMM>            cutim @cutim -                                                                ! must be same as cutnb
 CHARMM>            eps 1.0 e14fac 1.0 wmin 1.5                                                 ! C36 DEFAULTS
 Parameter: FTX -> "144"
 Parameter: FTY -> "144"
 Parameter: FTZ -> "144"
 Parameter: CUTIM -> "14"

 SELECTED IMAGES ATOMS BEING CENTERED ABOUT 66.472675 66.472675 66.472675
 RESIDUE 4402 OPERATED ON BY TRANSFORMATION C022
 RESIDUE 4663 OPERATED ON BY TRANSFORMATION C011
 RESIDUE 7220 OPERATED ON BY TRANSFORMATION C022
 RESIDUE 7898 OPERATED ON BY TRANSFORMATION C011
 RESIDUE 9748 OPERATED ON BY TRANSFORMATION C011
 RESIDUE15634 OPERATED ON BY TRANSFORMATION C022
 RESIDUE18133 OPERATED ON BY TRANSFORMATION C011
 RESIDUE18187 OPERATED ON BY TRANSFORMATION C016
 RESIDUE19662 OPERATED ON BY TRANSFORMATION C022
 RESIDUE20504 OPERATED ON BY TRANSFORMATION C022
 RESIDUE20959 OPERATED ON BY TRANSFORMATION C011
 RESIDUE21793 OPERATED ON BY TRANSFORMATION C016
 RESIDUE22814 OPERATED ON BY TRANSFORMATION C011
 RESIDUE23979 OPERATED ON BY TRANSFORMATION C016
 RESIDUE24332 OPERATED ON BY TRANSFORMATION C022
 RESIDUE24732 OPERATED ON BY TRANSFORMATION C011
 RESIDUE26189 OPERATED ON BY TRANSFORMATION C011
 RESIDUE26770 OPERATED ON BY TRANSFORMATION C022
 RESIDUE26993 OPERATED ON BY TRANSFORMATION C022
 RESIDUE28271 OPERATED ON BY TRANSFORMATION C016
 RESIDUE30015 OPERATED ON BY TRANSFORMATION C011
 RESIDUE30554 OPERATED ON BY TRANSFORMATION C011
 RESIDUE30918 OPERATED ON BY TRANSFORMATION C011
 RESIDUE32446 OPERATED ON BY TRANSFORMATION C022
 RESIDUE33474 OPERATED ON BY TRANSFORMATION C022
 RESIDUE36228 OPERATED ON BY TRANSFORMATION C011
 RESIDUE36906 OPERATED ON BY TRANSFORMATION C011
 RESIDUE38805 OPERATED ON BY TRANSFORMATION C016
 RESIDUE39538 OPERATED ON BY TRANSFORMATION C011
 RESIDUE39797 OPERATED ON BY TRANSFORMATION C016
 RESIDUE42364 OPERATED ON BY TRANSFORMATION C011
 RESIDUE43506 OPERATED ON BY TRANSFORMATION C016
 RESIDUE46655 OPERATED ON BY TRANSFORMATION C011
 RESIDUE47263 OPERATED ON BY TRANSFORMATION C016
 RESIDUE47611 OPERATED ON BY TRANSFORMATION C011
 RESIDUE48577 OPERATED ON BY TRANSFORMATION C022
 RESIDUE51467 OPERATED ON BY TRANSFORMATION C016
 RESIDUE52334 OPERATED ON BY TRANSFORMATION C011
 RESIDUE52836 OPERATED ON BY TRANSFORMATION C016
 RESIDUE52999 OPERATED ON BY TRANSFORMATION C022
 RESIDUE55248 OPERATED ON BY TRANSFORMATION C016
 RESIDUE60116 OPERATED ON BY TRANSFORMATION C016
 RESIDUE60125 OPERATED ON BY TRANSFORMATION C011
 RESIDUE62245 OPERATED ON BY TRANSFORMATION C011
 RESIDUE63561 OPERATED ON BY TRANSFORMATION C016
 RESIDUE64563 OPERATED ON BY TRANSFORMATION C011
 RESIDUE65961 OPERATED ON BY TRANSFORMATION C011
 RESIDUE67182 OPERATED ON BY TRANSFORMATION C016
 RESIDUE69657 OPERATED ON BY TRANSFORMATION C022
 RESIDUE70177 OPERATED ON BY TRANSFORMATION C022
 RESIDUE70509 OPERATED ON BY TRANSFORMATION C016
 RESIDUE71133 OPERATED ON BY TRANSFORMATION C022
 RESIDUE71288 OPERATED ON BY TRANSFORMATION C016

 <MKIMAT2>: updating the image atom lists and remapping
 Transformation   Atoms  Groups  Residues  Min-Distance
    1  C001 has      63      21      21        1.29
    2  C002 has    1545     519     519        0.37
    3  C003 has      78      26      26        2.62
    4  C004 has    1518     508     508        0.52
    5  C005 has   22804    7634    7634        0.00
    6  C006 has    1538     514     514        0.00
    7  C007 has    1542     514     514        0.45
    8  C008 has   22914    7666    7666        0.00
    9  C009 has    1538     514     514        0.03
   10  C010 has   22985    7689    7689        0.00
   12  C012 has      63      21      21        2.83
   13  C013 has    1534     514     514        0.46
   14  C014 has      60      20      20        1.35
 Total of    308343 atoms and    102647 groups and     99297 residues were included

 <PME> Total heap storage needed =    15410875
 Fill Ewald table: Number of points=     10000 EWXmax=    4.250000
 fill erfc table: linear inter has rms error = 0.979220D-08 maximum error = 0.218740D-07
 fill erfc table: cubic spline has rms error = 0.360331D-11 maximum error = 0.108438D-10

 NONBOND OPTION FLAGS: 
     ELEC     VDW      ATOMs    CDIElec  FSHIft   VATOm    VFSWIt  
     BYGRoup  NOEXtnd  EWALd   
 CUTNB  = 14.000 CTEXNB =999.000 CTONNB = 10.000 CTOFNB = 12.000
 CGONNB =  0.000 CGOFNB = 10.000
 WMIN   =  1.500 WRNMXD =  0.500 E14FAC =  1.000 EPS    =  1.000
 NBXMOD =      5
 PME EWALD OPTIONS: KAPPA  =  0.340  QCOR =  0.000  Bspline order = 6
 FFTX= 144  FFTY= 144  FFTZ= 144
                Using Pub FFT
                Real-to-Complex FFT
 There are        0 atom  pairs and        0 atom  exclusions.
 There are        0 group pairs and        0 group exclusions.
 <MAKINB> with mode   5 found 256284 exclusions and  37937 interactions(1-4)
 <MAKGRP> found  12527 group exclusions.
 <MAKGRP> found      0 image group exclusions.
 Generating nonbond list with Exclusion mode = 5
 == PRIMARY == SPACE FOR 66137147 ATOM PAIRS AND        0 GROUP PAIRS
 == PRIMARY == SPACE FOR 99205744 ATOM PAIRS AND        0 GROUP PAIRS
 == PRIMARY == SPACE FOR148808624 ATOM PAIRS AND        0 GROUP PAIRS

 General atom nonbond list generation found:
117574228 ATOM PAIRS WERE FOUND FOR ATOM LIST
  6970211 GROUP PAIRS REQUIRED ATOM SEARCHES

 SPACE FOR 39948330 ATOM PAIRS AND        0 GROUP PAIRS

 Image nonbond list generation found:
 11915562 ATOM PAIRS WERE FOUND FOR ATOM LIST
        0 ATOM PAIRS WERE FOUND FOR ATOM SELF LIST
  1038629 GROUP PAIRS REQUIRED ATOM SEARCHES

  
 CHARMM>     
  
 CHARMM>    faster on
 MISCOM> FAST option: EXPANDED (limited fast routines)
  
 CHARMM>    omm on
Energy and dynamics calculations will use OpenMM.
  
 CHARMM>    shake fast bonh tol 1.0e-8 para
 SHKCOM> SHAKE parameters: TOL =   0.1000D-07 MXITer =    500

          222377 constraints will held by SHAKE.
 FSSHKINI: Fast shake initialized with    7052 bond contraints and    71775 water constraints (3-center).
 FSSHKINI:     7052 constraints are in groups of:    71775
 FSSHKINI:   2728 2-body (CH),   1346 3-body(CH2),    544 4-body(CH3),      0 >4-body. 
 FSSHKINI: Fast shake initialized with    7052 bond contraints and    71775 water constraints (3-center).
 FSSHKINI:     7052 constraints are in groups of:    71775
 FSSHKINI:   2728 2-body (CH),   1346 3-body(CH2),    544 4-body(CH3),      0 >4-body. 
  
 CHARMM>    set echeck = echeck -1
 Parameter: ECHECK <- "ECHECK -1"
  
 CHARMM>    !
 CHARMM>    ! DYNAMICS PARAMETERS
 CHARMM>    !
 CHARMM>    set length 1      						! traj length in ns
 Parameter: LENGTH <- "1"
  
 CHARMM>    set tstep 0.002   						! timestep in ps
 Parameter: TSTEP <- "0.002"
  
 CHARMM>    calc nsteps = @length * 1000 / @tstep
 Parameter: LENGTH -> "1"
 Parameter: TSTEP -> "0.002"
Evaluating: 1*1000/0.002
 Parameter: NSTEPS <- "500000"
  
 CHARMM>    set writestep 1 						! write every x ps
 Parameter: WRITESTEP <- "1"
  
 CHARMM>    calc nwrite = @writestep / @tstep    	! Write out every 1ps
 Parameter: WRITESTEP -> "1"
 Parameter: TSTEP -> "0.002"
Evaluating: 1/0.002
 Parameter: NWRITE <- "500"
  
 CHARMM>     
  
 CHARMM>    open read card unit 10 name  @input.res
 Parameter: INPUT -> "2AGY-EQUIL-310K-1ATM-STEP10"
 VOPEN> Attempting to open::2agy-equil-310k-1atm-step10.res::
 OPNLGU> Unit 10 opened for READONLY access to 2agy-equil-310k-1atm-step10.res
  
 CHARMM>    open write card unit 11 name @output.res
 Parameter: OUTPUT -> "2AGY-310K-1ATM-PROD4"
 VOPEN> Attempting to open::2agy-310k-1atm-prod4.res::
 OPNLGU> Unit 11 opened for WRITE access to 2agy-310k-1atm-prod4.res
  
 CHARMM>    open write file unit 12 name @output.dcd
 Parameter: OUTPUT -> "2AGY-310K-1ATM-PROD4"
 VOPEN> Attempting to open::2agy-310k-1atm-prod4.dcd::
 OPNLGU> Unit 12 opened for WRITE access to 2agy-310k-1atm-prod4.dcd
  
 CHARMM>     
  
 CHARMM>    ! CHARMM doesn't accept specified random seeds when you're restarting a Langevin thermostat
 CHARMM>    ! Unfornately it doesn't set different random seeds either!
 CHARMM>    bomlev -2
  
 CHARMM>    wrnlev -2
  
 CHARMM>    prnlev 5
  
 CHARMM>     
  
 CHARMM>    set rand1 27449
 Parameter: RAND1 <- "27449"
  
 CHARMM>    set rand2 3122
 Parameter: RAND2 <- "3122"
  
 CHARMM>    set rand3 16866
 Parameter: RAND3 <- "16866"
  
 CHARMM>    set rand4 7222
 Parameter: RAND4 <- "7222"
  
 CHARMM>     
  
 CHARMM>    dynamics leap restart timestep @tstep  -
 CHARMM>         nstep @nsteps nprint @nwrite iprfrq @nwrite iunwri 11 iunread 10 -
 CHARMM>         firstt 310 finalt 310  -
 CHARMM>         iuncrd 12 nsavc @nwrite -
 CHARMM>         ichecw 0 ihtfrq 0 ieqfrq 0 -
 CHARMM>         iasors 1 iasvel 1 iscvel 0  -
 CHARMM>         ilbfrq 0 inbfrq -1 imgfrq -1 @echeck bycb -
 CHARMM>         ntrfq 100 -
 CHARMM>         iseed @rand1 @rand2 @rand3 @rand4 -
 CHARMM>         omm langevin gamma 1 prmc pref 1.0 iprsfrq 25
 Parameter: TSTEP -> "0.002"
 Parameter: NSTEPS -> "500000"
 Parameter: NWRITE -> "500"
 Parameter: NWRITE -> "500"
 Parameter: NWRITE -> "500"
 Parameter: ECHECK -> "ECHECK -1"
 Parameter: RAND1 -> "27449"
 Parameter: RAND2 -> "3122"
 Parameter: RAND3 -> "16866"
 Parameter: RAND4 -> "7222"
  IUNREA = 10         IUNWRI = 11          IUNOS = -1
  IUNCRD = 12         IUNVEL = -1          KUNIT = -1
 TITLE>  * 2AGY EQUILIBRATION INTERMEDIATE OUTPUT.
 TITLE>  *  DATE:    12/13/16     20:30:55      CREATED BY USER: ra15808
 TITLE>  *
 READYN> dynamics restart file was read. Current step=  275000
 NSTEP  = 10000  JHSTRT =     0

 SELECTED IMAGES ATOMS BEING CENTERED ABOUT 66.472675 66.472675 66.472675

 NONBOND OPTION FLAGS: 
     ELEC     VDW      ATOMs    CDIElec  FSHIft   VATOm    VFSWIt  
     BYCB     NOEXtnd  EWALd   
 CUTNB  = 14.000 CTEXNB =999.000 CTONNB = 10.000 CTOFNB = 12.000
 CGONNB =  0.000 CGOFNB = 10.000
 WMIN   =  1.500 WRNMXD =  0.500 E14FAC =  1.000 EPS    =  1.000
 NBXMOD =      5
 PME EWALD OPTIONS: KAPPA  =  0.340  QCOR =  0.000  Bspline order = 6
 FFTX= 144  FFTY= 144  FFTZ= 144
                Using Pub FFT
                Real-to-Complex FFT
 There are117574228 atom  pairs and   294221 atom  exclusions.
 There are        0 group pairs and    12527 group exclusions.
Using Image CUBE search
Using Image CUBE search
 PRNHBD: CUToff Hydrogen Bond  distance =    0.5000   Angle =   90.0000
         CuT switching ON HB dist. =     3.5000  OFf HB dist. =    4.0000
         CuT switching ON Hb Angle =    50.0000  OFf Hb Angle =   70.0000
         ACCEptor antecedents included
         All hydrogen bonds for each hydrogen will be found
         Hydrogen bonds between excluded atoms will be kept

 DCNTRL> Langevin integration requested.
 DCNTRL>  OpenMM interface requested for energy and dynamics calculations.
 DCNTRL>  Constant temperature w/ OpenMM using Langevin heatbath requested.
 DCNTRL>  Reference heatbath temperature is   310.000K
 DCNTRL>  Using friction coefficient value of     1.000  ps^-1
 DCNTRL>  CPT dynamics through OpenMM interface requested using Langevin heatbath.
 DCNTRL>  MC barostat coupled to reference pressure    1.00  atmospheres.
 DCNTRL>  MC barostat using reference temperature  310.00  K.
 DCNTRL>  MC barostat volume move attempted every     25  timesteps.
   NSTEP =   500000    NSAVC =      500    NSAVV =       10
  ISCALE =        0   ISCVEL =        0   IASORS =        1
  IASVEL =        1   ICHECW =        0   NTRFRQ =      100
  IHTFRQ =        0   IEQFRQ =        0   NPRINT =      500
  INBFRQ =       -1   IHBFRQ =        0   IPRFRQ =   500000
  ILBFRQ =        0   IMGFRQ =       -1
  ISVFRQ =        0   NCYCLE =   500000    NSNOS =       10
  FIRSTT =   310.000  TEMINC =     5.000  TSTRUC =  -999.000
  FINALT =   310.000  TWINDH =    10.000  TWINDL =   -10.000

  TIME STEP =  4.09097E-02 AKMA       2.00000E-03 PS

  RANDOM NUM. GEN. SEED(S) = 27449 3122 16866 7222

           SHAKE TOLERANCE =     0.10000E-07
 NUMBER OF DEGREES OF FREEDOM = 468106
get_PlatformDefaults> Finding default platform values
get_PlatformDefaults> Default values found: platform=CUDA precision=mixed deviceid=1
Setup_OpenMM: Initializing OpenMM context
CHARMM> Using switching functions for vdW interactions and OpenMM PME/RxnFld for electrostatics
CHARMM> Using OpenMM nb routines.
CHARMM> configuring OpenMM PME with
        alpha     0.3400
        fft  144  144  144

NBFIxes in effect, using CustomNonbondedForce
CHARMM> OpenMM switching function selection.
CHARMM> Electrostatic options: switch=F fswitch=F fshift=F PME/Ewald=T RxnFld=F
CHARMM> van der Waals options: vswitch=F vfswitch=T OpenMM vdW switch=F
 Available OpenMM platform 0: Reference 
 Available OpenMM platform 1: CPU       
 Available OpenMM platform 2: CUDA      
 Available OpenMM platform 3: OpenCL    
Init_context: Using OpenMM platform CUDA      
       CudaDeviceIndex = 0
       CudaCompiler = /usr/local/cuda/bin/nvcc
       CudaPrecision = mixed
DYNA DYN: Step         Time      TOTEner        TOTKe       ENERgy  TEMPerature
DYNA PROP:             GRMS      HFCTote        HFCKe       EHFCor        VIRKe
DYNA INTERN:          BONDs       ANGLes       UREY-b    DIHEdrals    IMPRopers
DYNA CROSS:           CMAPs        PMF1D        PMF2D        PRIMO
DYNA EXTERN:        VDWaals         ELEC       HBONds          ASP         USER
DYNA PRESS:            VIRE         VIRI       PRESSE       PRESSI       VOLUme
 ----------       ---------    ---------    ---------    ---------    ---------
DYNA>        0    550.00000-603551.31124 144267.20092-747818.51216    310.17999
DYNA PROP>          0.00000      0.00000      0.00000      0.00000      0.00000
DYNA INTERN>     4049.75796   7567.13631      0.00000   9541.29700    523.71441
DYNA CROSS>      -528.35847      0.00000      0.00000      0.00000
DYNA EXTERN>  -768972.05938      0.00000      0.00000      0.00000      0.00000
DYNA PRESS>          0.0000       0.0000       0.0000       0.0000 2285994.4441
 ----------       ---------    ---------    ---------    ---------    ---------
 Crystal Parameters : Crystal Type = CUBI
      DYNA A     =  131.73213 B    =  131.73213 C     =  131.73213
      DYNA Alpha =   90.00000 Beta =   90.00000 Gamma =   90.00000
      DYNA PIXX =        0.00 PIYY =       0.00 PIZZ =       0.00
      DYNA PIXY =        0.00 PIXZ =       0.00 PIYZ =       0.00
      DYNA Gradient Norm =    0.00000

DYNA>      500    551.00000-603812.24808 143717.04023-747529.28832    308.99713
DYNA PROP>          0.00000      0.00000      0.00000      0.00000      0.00000
DYNA INTERN>     4117.05123   7384.07175      0.00000   9546.14211    528.64361
DYNA CROSS>      -488.16270      0.00000      0.00000      0.00000
DYNA EXTERN>  -768617.03548      0.00000      0.00000      0.00000      0.00000
DYNA PRESS>          0.0000       0.0000       0.0000       0.0000 2289249.4998
 ----------       ---------    ---------    ---------    ---------    ---------
 Crystal Parameters : Crystal Type = CUBI
      DYNA A     =  131.79463 B    =  131.79463 C     =  131.79463
      DYNA Alpha =   90.00000 Beta =   90.00000 Gamma =   90.00000
      DYNA PIXX =        0.00 PIYY =       0.00 PIZZ =       0.00
      DYNA PIXY =        0.00 PIXZ =       0.00 PIYZ =       0.00
      DYNA Gradient Norm =    0.00000

DYNA>     1000    552.00000-604000.84532 143981.80112-747982.64644    309.56637
DYNA PROP>          0.00000      0.00000      0.00000      0.00000      0.00000
DYNA INTERN>     4049.33913   7568.14770      0.00000   9562.39760    512.60648
DYNA CROSS>      -488.69772      0.00000      0.00000      0.00000
DYNA EXTERN>  -769186.44201      0.00000      0.00000      0.00000      0.00000
DYNA PRESS>          0.0000       0.0000       0.0000       0.0000 2289249.4998
 ----------       ---------    ---------    ---------    ---------    ---------
 Crystal Parameters : Crystal Type = CUBI
      DYNA A     =  131.79463 B    =  131.79463 C     =  131.79463
      DYNA Alpha =   90.00000 Beta =   90.00000 Gamma =   90.00000
      DYNA PIXX =        0.00 PIYY =       0.00 PIZZ =       0.00
      DYNA PIXY =        0.00 PIXZ =       0.00 PIYZ =       0.00
      DYNA Gradient Norm =    0.00000

DYNA>     1500    553.00000-603098.43293 143929.91779-747028.35072    309.45482
DYNA PROP>          0.00000      0.00000      0.00000      0.00000      0.00000
DYNA INTERN>     3961.59565   7462.10856      0.00000   9581.50865    523.22764
DYNA CROSS>      -473.11656      0.00000      0.00000      0.00000
DYNA EXTERN>  -768083.66986      0.00000      0.00000      0.00000      0.00000
DYNA PRESS>          0.0000       0.0000       0.0000       0.0000 2290232.7530
 ----------       ---------    ---------    ---------    ---------    ---------
 Crystal Parameters : Crystal Type = CUBI
      DYNA A     =  131.81349 B    =  131.81349 C     =  131.81349
      DYNA Alpha =   90.00000 Beta =   90.00000 Gamma =   90.00000
      DYNA PIXX =        0.00 PIYY =       0.00 PIZZ =       0.00
      DYNA PIXY =        0.00 PIXZ =       0.00 PIYZ =       0.00
      DYNA Gradient Norm =    0.00000

DYNA>     2000    554.00000-603074.82678 144116.48670-747191.31349    309.85595
DYNA PROP>          0.00000      0.00000      0.00000      0.00000      0.00000
DYNA INTERN>     4109.16156   7471.70171      0.00000   9501.05454    524.32413
DYNA CROSS>      -493.04583      0.00000      0.00000      0.00000
DYNA EXTERN>  -768304.50995      0.00000      0.00000      0.00000      0.00000
DYNA PRESS>          0.0000       0.0000       0.0000       0.0000 2290232.7530
 ----------       ---------    ---------    ---------    ---------    ---------
 Crystal Parameters : Crystal Type = CUBI
      DYNA A     =  131.81349 B    =  131.81349 C     =  131.81349
      DYNA Alpha =   90.00000 Beta =   90.00000 Gamma =   90.00000
      DYNA PIXX =        0.00 PIYY =       0.00 PIZZ =       0.00
      DYNA PIXY =        0.00 PIXZ =       0.00 PIYZ =       0.00
      DYNA Gradient Norm =    0.00000

DYNA>     2500    555.00000-602845.55681 144168.78112-747014.33793    309.96839
DYNA PROP>          0.00000      0.00000      0.00000      0.00000      0.00000
DYNA INTERN>     3969.85428   7398.59878      0.00000   9549.32020    528.14763
DYNA CROSS>      -510.60053      0.00000      0.00000      0.00000
DYNA EXTERN>  -767949.66116      0.00000      0.00000      0.00000      0.00000
DYNA PRESS>          0.0000       0.0000       0.0000       0.0000 2288708.2797
 ----------       ---------    ---------    ---------    ---------    ---------
 Crystal Parameters : Crystal Type = CUBI
      DYNA A     =  131.78424 B    =  131.78424 C     =  131.78424
      DYNA Alpha =   90.00000 Beta =   90.00000 Gamma =   90.00000
      DYNA PIXX =        0.00 PIYY =       0.00 PIZZ =       0.00
      DYNA PIXY =        0.00 PIXZ =       0.00 PIYZ =       0.00
      DYNA Gradient Norm =    0.00000

DYNA>     3000    556.00000-603218.34256 144242.32772-747460.67028    310.12651
DYNA PROP>          0.00000      0.00000      0.00000      0.00000      0.00000
DYNA INTERN>     3973.23543   7465.98225      0.00000   9548.86597    540.36072
DYNA CROSS>      -502.02666      0.00000      0.00000      0.00000
DYNA EXTERN>  -768487.08702      0.00000      0.00000      0.00000      0.00000
DYNA PRESS>          0.0000       0.0000       0.0000       0.0000 2287711.9470
 ----------       ---------    ---------    ---------    ---------    ---------
 Crystal Parameters : Crystal Type = CUBI
      DYNA A     =  131.76512 B    =  131.76512 C     =  131.76512
      DYNA Alpha =   90.00000 Beta =   90.00000 Gamma =   90.00000
      DYNA PIXX =        0.00 PIYY =       0.00 PIZZ =       0.00
      DYNA PIXY =        0.00 PIXZ =       0.00 PIYZ =       0.00
      DYNA Gradient Norm =    0.00000

DYNA>     3500    557.00000-603560.83768 143706.92670-747267.76438    308.97538
DYNA PROP>          0.00000      0.00000      0.00000      0.00000      0.00000
DYNA INTERN>     3977.33644   7529.29338      0.00000   9528.65605    510.08409
DYNA CROSS>      -492.17717      0.00000      0.00000      0.00000
DYNA EXTERN>  -768320.95712      0.00000      0.00000      0.00000      0.00000
DYNA PRESS>          0.0000       0.0000       0.0000       0.0000 2286674.2860
 ----------       ---------    ---------    ---------    ---------    ---------
 Crystal Parameters : Crystal Type = CUBI
      DYNA A     =  131.74519 B    =  131.74519 C     =  131.74519
      DYNA Alpha =   90.00000 Beta =   90.00000 Gamma =   90.00000
      DYNA PIXX =        0.00 PIYY =       0.00 PIZZ =       0.00
      DYNA PIXY =        0.00 PIXZ =       0.00 PIYZ =       0.00
      DYNA Gradient Norm =    0.00000

DYNA>     4000    558.00000-603148.90368 143889.16869-747038.07237    309.36721
DYNA PROP>          0.00000      0.00000      0.00000      0.00000      0.00000
DYNA INTERN>     3950.64955   7448.68595      0.00000   9541.00707    524.92080
DYNA CROSS>      -495.26364      0.00000      0.00000      0.00000
DYNA EXTERN>  -768008.06750      0.00000      0.00000      0.00000      0.00000
DYNA PRESS>          0.0000       0.0000       0.0000       0.0000 2288390.1553
 ----------       ---------    ---------    ---------    ---------    ---------
 Crystal Parameters : Crystal Type = CUBI
      DYNA A     =  131.77814 B    =  131.77814 C     =  131.77814
      DYNA Alpha =   90.00000 Beta =   90.00000 Gamma =   90.00000
      DYNA PIXX =        0.00 PIYY =       0.00 PIZZ =       0.00
      DYNA PIXY =        0.00 PIXZ =       0.00 PIYZ =       0.00
      DYNA Gradient Norm =    0.00000

DYNA>     4500    559.00000-603223.68191 144007.57390-747231.25582    309.62179
DYNA PROP>          0.00000      0.00000      0.00000      0.00000      0.00000
DYNA INTERN>     3936.90178   7526.98523      0.00000   9521.81896    527.06367
DYNA CROSS>      -492.78020      0.00000      0.00000      0.00000
DYNA EXTERN>  -768251.24083      0.00000      0.00000      0.00000      0.00000
DYNA PRESS>          0.0000       0.0000       0.0000       0.0000 2286353.6803
 ----------       ---------    ---------    ---------    ---------    ---------
 Crystal Parameters : Crystal Type = CUBI
      DYNA A     =  131.73903 B    =  131.73903 C     =  131.73903
      DYNA Alpha =   90.00000 Beta =   90.00000 Gamma =   90.00000
      DYNA PIXX =        0.00 PIYY =       0.00 PIZZ =       0.00
      DYNA PIXY =        0.00 PIXZ =       0.00 PIYZ =       0.00
      DYNA Gradient Norm =    0.00000

DYNA>     5000    560.00000-603550.07193 143972.02338-747522.09531    309.54535
DYNA PROP>          0.00000      0.00000      0.00000      0.00000      0.00000
DYNA INTERN>     3982.37538   7457.67514      0.00000   9545.67368    515.24251
DYNA CROSS>      -519.17817      0.00000      0.00000      0.00000
DYNA EXTERN>  -768503.88627      0.00000      0.00000      0.00000      0.00000
DYNA PRESS>          0.0000       0.0000       0.0000       0.0000 2289347.7852
 ----------       ---------    ---------    ---------    ---------    ---------
 Crystal Parameters : Crystal Type = CUBI
      DYNA A     =  131.79651 B    =  131.79651 C     =  131.79651
      DYNA Alpha =   90.00000 Beta =   90.00000 Gamma =   90.00000
      DYNA PIXX =        0.00 PIYY =       0.00 PIZZ =       0.00
      DYNA PIXY =        0.00 PIXZ =       0.00 PIYZ =       0.00
      DYNA Gradient Norm =    0.00000

DYNA>     5500    561.00000-604286.34367 143721.35473-748007.69840    309.00640
DYNA PROP>          0.00000      0.00000      0.00000      0.00000      0.00000
DYNA INTERN>     4063.15876   7547.00405      0.00000   9511.21463    496.92402
DYNA CROSS>      -502.90839      0.00000      0.00000      0.00000
DYNA EXTERN>  -769123.09581      0.00000      0.00000      0.00000      0.00000
DYNA PRESS>          0.0000       0.0000       0.0000       0.0000 2284557.6131
 ----------       ---------    ---------    ---------    ---------    ---------
 Crystal Parameters : Crystal Type = CUBI
      DYNA A     =  131.70453 B    =  131.70453 C     =  131.70453
      DYNA Alpha =   90.00000 Beta =   90.00000 Gamma =   90.00000
      DYNA PIXX =        0.00 PIYY =       0.00 PIZZ =       0.00
      DYNA PIXY =        0.00 PIXZ =       0.00 PIYZ =       0.00
      DYNA Gradient Norm =    0.00000

DYNA>     6000    562.00000-603897.42200 143429.71631-747327.13831    308.37937
DYNA PROP>          0.00000      0.00000      0.00000      0.00000      0.00000
DYNA INTERN>     4053.33130   7443.26690      0.00000   9475.47965    513.69940
DYNA CROSS>      -497.67897      0.00000      0.00000      0.00000
DYNA EXTERN>  -768315.23562      0.00000      0.00000      0.00000      0.00000
DYNA PRESS>          0.0000       0.0000       0.0000       0.0000 2287816.7283
 ----------       ---------    ---------    ---------    ---------    ---------
 Crystal Parameters : Crystal Type = CUBI
      DYNA A     =  131.76713 B    =  131.76713 C     =  131.76713
      DYNA Alpha =   90.00000 Beta =   90.00000 Gamma =   90.00000
      DYNA PIXX =        0.00 PIYY =       0.00 PIZZ =       0.00
      DYNA PIXY =        0.00 PIXZ =       0.00 PIYZ =       0.00
      DYNA Gradient Norm =    0.00000

DYNA>     6500    563.00000-602876.73913 144341.60971-747218.34884    310.33997
DYNA PROP>          0.00000      0.00000      0.00000      0.00000      0.00000
DYNA INTERN>     4013.52354   7579.23685      0.00000   9617.86329    541.68408
DYNA CROSS>      -509.96088      0.00000      0.00000      0.00000
DYNA EXTERN>  -768460.69584      0.00000      0.00000      0.00000      0.00000
DYNA PRESS>          0.0000       0.0000       0.0000       0.0000 2284145.8428
 ----------       ---------    ---------    ---------    ---------    ---------
 Crystal Parameters : Crystal Type = CUBI
      DYNA A     =  131.69661 B    =  131.69661 C     =  131.69661
      DYNA Alpha =   90.00000 Beta =   90.00000 Gamma =   90.00000
      DYNA PIXX =        0.00 PIYY =       0.00 PIZZ =       0.00
      DYNA PIXY =        0.00 PIXZ =       0.00 PIYZ =       0.00
      DYNA Gradient Norm =    0.00000

DYNA>     7000    564.00000-603086.02027 143765.67097-746851.69124    309.10168
DYNA PROP>          0.00000      0.00000      0.00000      0.00000      0.00000
DYNA INTERN>     3964.31371   7498.59057      0.00000   9558.33340    566.59744
DYNA CROSS>      -500.36614      0.00000      0.00000      0.00000
DYNA EXTERN>  -767939.16380      0.00000      0.00000      0.00000      0.00000
DYNA PRESS>          0.0000       0.0000       0.0000       0.0000 2290156.5214
 ----------       ---------    ---------    ---------    ---------    ---------
 Crystal Parameters : Crystal Type = CUBI
      DYNA A     =  131.81203 B    =  131.81203 C     =  131.81203
      DYNA Alpha =   90.00000 Beta =   90.00000 Gamma =   90.00000
      DYNA PIXX =        0.00 PIYY =       0.00 PIZZ =       0.00
      DYNA PIXY =        0.00 PIXZ =       0.00 PIYZ =       0.00
      DYNA Gradient Norm =    0.00000

DYNA>     7500    565.00000-603047.30768 144196.16903-747243.47670    310.02727
DYNA PROP>          0.00000      0.00000      0.00000      0.00000      0.00000
DYNA INTERN>     3969.82216   7588.56922      0.00000   9536.40648    521.01865
DYNA CROSS>      -475.76110      0.00000      0.00000      0.00000
DYNA EXTERN>  -768383.53571      0.00000      0.00000      0.00000      0.00000
DYNA PRESS>          0.0000       0.0000       0.0000       0.0000 2290662.0360
 ----------       ---------    ---------    ---------    ---------    ---------
 Crystal Parameters : Crystal Type = CUBI
      DYNA A     =  131.82173 B    =  131.82173 C     =  131.82173
      DYNA Alpha =   90.00000 Beta =   90.00000 Gamma =   90.00000
      DYNA PIXX =        0.00 PIYY =       0.00 PIZZ =       0.00
      DYNA PIXY =        0.00 PIXZ =       0.00 PIYZ =       0.00
      DYNA Gradient Norm =    0.00000

DYNA>     8000    566.00000-603166.03740 144386.76374-747552.80114    310.43706
DYNA PROP>          0.00000      0.00000      0.00000      0.00000      0.00000
DYNA INTERN>     3923.74512   7555.65314      0.00000   9556.36293    540.31275
DYNA CROSS>      -498.09678      0.00000      0.00000      0.00000
DYNA EXTERN>  -768630.77402      0.00000      0.00000      0.00000      0.00000
DYNA PRESS>          0.0000       0.0000       0.0000       0.0000 2290315.3989
 ----------       ---------    ---------    ---------    ---------    ---------
 Crystal Parameters : Crystal Type = CUBI
      DYNA A     =  131.81508 B    =  131.81508 C     =  131.81508
      DYNA Alpha =   90.00000 Beta =   90.00000 Gamma =   90.00000
      DYNA PIXX =        0.00 PIYY =       0.00 PIZZ =       0.00
      DYNA PIXY =        0.00 PIXZ =       0.00 PIYZ =       0.00
      DYNA Gradient Norm =    0.00000

DYNA>     8500    567.00000-603745.92065 144079.12656-747825.04721    309.77563
DYNA PROP>          0.00000      0.00000      0.00000      0.00000      0.00000
DYNA INTERN>     4029.80583   7472.66046      0.00000   9542.81520    520.03711
DYNA CROSS>      -488.53621      0.00000      0.00000      0.00000
DYNA EXTERN>  -768901.82568      0.00000      0.00000      0.00000      0.00000
DYNA PRESS>          0.0000       0.0000       0.0000       0.0000 2286973.4118
 ----------       ---------    ---------    ---------    ---------    ---------
 Crystal Parameters : Crystal Type = CUBI
      DYNA A     =  131.75093 B    =  131.75093 C     =  131.75093
      DYNA Alpha =   90.00000 Beta =   90.00000 Gamma =   90.00000
      DYNA PIXX =        0.00 PIYY =       0.00 PIZZ =       0.00
      DYNA PIXY =        0.00 PIXZ =       0.00 PIYZ =       0.00
      DYNA Gradient Norm =    0.00000

DYNA>     9000    568.00000-604263.65350 143600.14560-747863.79910    308.74580
DYNA PROP>          0.00000      0.00000      0.00000      0.00000      0.00000
DYNA INTERN>     4008.65116   7474.47616      0.00000   9558.03258    480.99517
DYNA CROSS>      -474.67013      0.00000      0.00000      0.00000
DYNA EXTERN>  -768911.28503      0.00000      0.00000      0.00000      0.00000
DYNA PRESS>          0.0000       0.0000       0.0000       0.0000 2285817.1361
 ----------       ---------    ---------    ---------    ---------    ---------
 Crystal Parameters : Crystal Type = CUBI
      DYNA A     =  131.72873 B    =  131.72873 C     =  131.72873
      DYNA Alpha =   90.00000 Beta =   90.00000 Gamma =   90.00000
      DYNA PIXX =        0.00 PIYY =       0.00 PIZZ =       0.00
      DYNA PIXY =        0.00 PIXZ =       0.00 PIYZ =       0.00
      DYNA Gradient Norm =    0.00000

DYNA>     9500    569.00000-604309.51084 143513.14948-747822.66032    308.55875
DYNA PROP>          0.00000      0.00000      0.00000      0.00000      0.00000
DYNA INTERN>     3937.44005   7485.41802      0.00000   9552.50484    560.58340
DYNA CROSS>      -534.92725      0.00000      0.00000      0.00000
DYNA EXTERN>  -768823.67940      0.00000      0.00000      0.00000      0.00000
DYNA PRESS>          0.0000       0.0000       0.0000       0.0000 2285585.2117
 ----------       ---------    ---------    ---------    ---------    ---------
 Crystal Parameters : Crystal Type = CUBI
      DYNA A     =  131.72427 B    =  131.72427 C     =  131.72427
      DYNA Alpha =   90.00000 Beta =   90.00000 Gamma =   90.00000
      DYNA PIXX =        0.00 PIYY =       0.00 PIZZ =       0.00
      DYNA PIXY =        0.00 PIXZ =       0.00 PIYZ =       0.00
      DYNA Gradient Norm =    0.00000

DYNA>    10000    570.00000-603070.80156 144293.74763-747364.54919    310.23707
DYNA PROP>          0.00000      0.00000      0.00000      0.00000      0.00000
DYNA INTERN>     4111.66063   7454.44286      0.00000   9548.49186    544.80714
DYNA CROSS>      -526.89551      0.00000      0.00000      0.00000
DYNA EXTERN>  -768497.05588      0.00000      0.00000      0.00000      0.00000
DYNA PRESS>          0.0000       0.0000       0.0000       0.0000 2285101.6381
 ----------       ---------    ---------    ---------    ---------    ---------
 Crystal Parameters : Crystal Type = CUBI
      DYNA A     =  131.71498 B    =  131.71498 C     =  131.71498
      DYNA Alpha =   90.00000 Beta =   90.00000 Gamma =   90.00000
      DYNA PIXX =        0.00 PIYY =       0.00 PIZZ =       0.00
      DYNA PIXY =        0.00 PIXZ =       0.00 PIYZ =       0.00
      DYNA Gradient Norm =    0.00000

DYNA>    10500    571.00000-603125.64668 144332.80784-747458.45452    310.32105
DYNA PROP>          0.00000      0.00000      0.00000      0.00000      0.00000
DYNA INTERN>     4043.39221   7561.11385      0.00000   9506.13217    512.73048
DYNA CROSS>      -527.43535      0.00000      0.00000      0.00000
DYNA EXTERN>  -768554.39093      0.00000      0.00000      0.00000      0.00000
DYNA PRESS>          0.0000       0.0000       0.0000       0.0000 2284438.8091
 ----------       ---------    ---------    ---------    ---------    ---------
 Crystal Parameters : Crystal Type = CUBI
      DYNA A     =  131.70224 B    =  131.70224 C     =  131.70224
      DYNA Alpha =   90.00000 Beta =   90.00000 Gamma =   90.00000
      DYNA PIXX =        0.00 PIYY =       0.00 PIZZ =       0.00
      DYNA PIXY =        0.00 PIXZ =       0.00 PIYZ =       0.00
      DYNA Gradient Norm =    0.00000

DYNA>    11000    572.00000-602874.78847 144173.86917-747048.65763    309.97933
DYNA PROP>          0.00000      0.00000      0.00000      0.00000      0.00000
DYNA INTERN>     4117.03719   7431.74661      0.00000   9522.26209    479.44271
DYNA CROSS>      -485.83700      0.00000      0.00000      0.00000
DYNA EXTERN>  -768113.30330      0.00000      0.00000      0.00000      0.00000
DYNA PRESS>          0.0000       0.0000       0.0000       0.0000 2288329.4733
 ----------       ---------    ---------    ---------    ---------    ---------
 Crystal Parameters : Crystal Type = CUBI
      DYNA A     =  131.77697 B    =  131.77697 C     =  131.77697
      DYNA Alpha =   90.00000 Beta =   90.00000 Gamma =   90.00000
