1
                 Chemistry at HARvard Macromolecular Mechanics
           (CHARMM) - Developmental Version 41a2   February 15, 2016            
                             Git commit ID f89d5df                              
       Copyright(c) 1984-2014  President and Fellows of Harvard College
                              All Rights Reserved
     Current operating system: Linux-2.6.32-220.23.1.el6.x86_64(x86_64)@new     
                 Created on 11/10/16 at 16:55:33 by user: ra15808     

            Maximum number of ATOMS:    360720, and RESidues:      120240
 RDTITL> * FINAL HEATING USING SERIAL CODE
 RDTITL> *
  
 CHARMM>     
  
 CHARMM>    envi OPENMM_PLATFORM  "CUDA"   ! /CUDA/Reference   Use OpenMM platform based on
  
 CHARMM>    envi OPENMM_PRECISION "mixed"   ! /mixed/double    Do calculations in single
  
 CHARMM>     
  
 CHARMM>    stream /panfs/panasas01/chem/ra15808/aadh/setup.inp
 VOPEN> Attempting to open::/panfs/panasas01/chem/ra15808/aadh/setup.inp::
 OPNLGU> Unit 99 opened for READONLY access to /panfs/panasas01/chem/ra15808/aadh/setup.inp

                    INPUT STREAM SWITCHING TO UNIT    99
 RDTITL> * DIRECTORY DEFINITIONS
 RDTITL> *
 Parameter: IN1 <- "" <empty>
  
 CHARMM>    set root /panfs/panasas01/chem/ra15808
 Parameter: ROOT <- "/PANFS/PANASAS01/CHEM/RA15808"
  
 CHARMM>    set datadir @root/aadh/data
 Parameter: ROOT -> "/PANFS/PANASAS01/CHEM/RA15808"
 Parameter: DATADIR <- "/PANFS/PANASAS01/CHEM/RA15808/AADH/DATA"
  
 CHARMM>    set geomdir @root/aadh/data/kr/geoms
 Parameter: ROOT -> "/PANFS/PANASAS01/CHEM/RA15808"
 Parameter: GEOMDIR <- "/PANFS/PANASAS01/CHEM/RA15808/AADH/DATA/KR/GEOMS"
  
 CHARMM>    set evbgeoms @root/aadh/evb/kr_geoms
 Parameter: ROOT -> "/PANFS/PANASAS01/CHEM/RA15808"
 Parameter: EVBGEOMS <- "/PANFS/PANASAS01/CHEM/RA15808/AADH/EVB/KR_GEOMS"
  
 CHARMM>    set basedir @root/aadh
 Parameter: ROOT -> "/PANFS/PANASAS01/CHEM/RA15808"
 Parameter: BASEDIR <- "/PANFS/PANASAS01/CHEM/RA15808/AADH"
  
 CHARMM>    set charmmtop @root/c41a2/toppar
 Parameter: ROOT -> "/PANFS/PANASAS01/CHEM/RA15808"
 Parameter: CHARMMTOP <- "/PANFS/PANASAS01/CHEM/RA15808/C41A2/TOPPAR"
  
 VCLOSE: Closing unit   99 with status "KEEP"

                    RETURNING TO INPUT STREAM     5
  
 CHARMM>     
  
 CHARMM>    prnlev 5
  
 CHARMM>     
  
 CHARMM>     
  
 CHARMM>    set buildcrystal ../common/build_crystal2.str
 Parameter: BUILDCRYSTAL <- "../COMMON/BUILD_CRYSTAL2.STR"
  
 CHARMM>    set imaging ../common/set_images.str
 Parameter: IMAGING <- "../COMMON/SET_IMAGES.STR"
  
 CHARMM>    set nonbondspec ../common/non_bond_spec.str
 Parameter: NONBONDSPEC <- "../COMMON/NON_BOND_SPEC.STR"
  
 CHARMM>     
  
 CHARMM>    stream @charmmtop/toppar_water_ions_fixed.str
 Parameter: CHARMMTOP -> "/PANFS/PANASAS01/CHEM/RA15808/C41A2/TOPPAR"
 VOPEN> Attempting to open::/panfs/panasas01/chem/ra15808/c41a2/toppar/toppar_water_ions_fixed.str::
 OPNLGU> Unit 99 opened for READONLY access to /panfs/panasas01/chem/ra15808/c41a2/toppar/toppar_water_ions_fixed.str

                    INPUT STREAM SWITCHING TO UNIT    99
 RDTITL> * TOPLOGY AND PARAMETER INFORMATION FOR WATER AND IONS.
 RDTITL> *
 Parameter: IN1 <- "" <empty>
  
 CHARMM>     
  
 CHARMM>    !Testcase
 CHARMM>    !test_water_ions.inp
 CHARMM>     
  
 CHARMM>    ! IMPORTANT NOTE: this file contains NBFixes between carboxylates and sodium,
 CHARMM>    ! which will only apply if the main files containing carboxylate atom types
 CHARMM>    ! have been read in first!
 CHARMM>     
  
 CHARMM>    !references
 CHARMM>    !
 CHARMM>    !TIP3P water model
 CHARMM>    !
 CHARMM>    !W.L. Jorgensen; J.Chandrasekhar; J.D. Madura; R.W. Impey;
 CHARMM>    !M.L. Klein; "Comparison of simple potential functions for
 CHARMM>    !simulating liquid water", J. Chem. Phys. 79 926-935 (1983).
 CHARMM>    !
 CHARMM>    !IONS
 CHARMM>    !
 CHARMM>    !Ions from Roux and coworkers
 CHARMM>    !
 CHARMM>    !Beglov, D. and Roux, B., Finite Representation of an Infinite
 CHARMM>    !Bulk System: Solvent Boundary Potential for Computer Simulations,
 CHARMM>    !Journal of Chemical Physics, 1994, 100: 9050-9063
 CHARMM>    !
 CHARMM>    !ZINC
 CHARMM>    !
 CHARMM>    !Stote, R.H. and Karplus, M. Zinc Binding in Proteins and
 CHARMM>    !Solution: A Simple but Accurate Nonbonded Representation, PROTEINS:
 CHARMM>    !Structure, Function, and Genetics 23:12-31 (1995)
 CHARMM>     
  
 CHARMM>    !test "append" to determine if previous toppar files have been read and
 CHARMM>    !add append to "read rtf card" if true
 CHARMM>    set nat ?NATC
 RDCMND: can not substitute energy "?NATC"
 Parameter: NAT <- "?NATC"
  
 CHARMM>    set app
 Parameter: APP <- "" <empty>
  
 CHARMM>    !We're exploiting what is arguably a bug in the parser. On the left hand side,
 CHARMM>    !the quotes have priority, so NAT is correctly substituted. On the right hand
 CHARMM>    !side, the ? has priority and NATC" (sic) is not a valid substitution...
 CHARMM>    if "@NAT" ne "?NATC" if @nat ne 0 set app append
 Parameter: NAT -> "?NATC"
 Parameter: NAT -> "?NATC"
 RDCMND: can not substitute energy "?NATC""
 Comparing ""?NATC"" and ""?NATC"".
 IF test evaluated as false.  Skipping command
  
 CHARMM>     
  
 CHARMM>    read rtf card  !REA 26/07/2013 - deleted @app - always stream this first and everything else must be appended)
 MAINIO> Residue topology file being read from unit  99.
 RDTITL> * TOPOLOGY FOR WATER AND IONS
 RDTITL> *
  
 CHARMM>     
  
 CHARMM>    read para card flex  !REA - deleted @app

          PARAMETER FILE BEING READ FROM UNIT 99
 RDTITL> * PARAMETERS FOR WATER AND IONS
 RDTITL> *
 PARMIO> NONBOND, HBOND lists and IMAGE atoms cleared.
  
 CHARMM>     
  
 CHARMM>    ! The following section contains NBFixes for sodium interacting with
 CHARMM>    ! carboxylate oxygens of various CHARMM force fields. It will generate
 CHARMM>    ! level -1 warnings whenever any of these force fields have not been
 CHARMM>    ! read prior to the current stream file. Since we don't want to force
 CHARMM>    ! the user to always read all the force fields, we're suppressing the
 CHARMM>    ! warnings. The only side effect is that you will have "most severe
 CHARMM>    ! warning was at level 0" at the end of your output. Also note that
 CHARMM>    ! the user is responsible for reading the current file last if they
 CHARMM>    ! want the NBFixes to apply. A more elegant solution would require new
 CHARMM>    ! features to be added to CHARMM.
 CHARMM>    ! parallel fix, to avoid duplicated messages in the log
 CHARMM>    set para
 Parameter: PARA <- "" <empty>
  
 CHARMM>    if ?NUMNODE gt 1 set para node 0
 RDCMND substituted energy or value "?NUMNODE" to "1"
 Comparing "1" and "1".
 IF test evaluated as false.  Skipping command
  
 CHARMM>     
  
 CHARMM>    set wrn ?WRNLEV
 RDCMND substituted energy or value "?WRNLEV" to "5"
 Parameter: WRN <- "5"
  
 CHARMM>    ! Some versions of CHARMM don't seem to initialize wrnlev...
 CHARMM>    if "@WRN" eq "?WRNLEV" set wrn 5
 Parameter: WRN -> "5"
 RDCMND: can not substitute energy "?WRNLEV""
 Comparing ""5"" and ""?WRNLEV"".
 IF test evaluated as false.  Skipping command
  
 CHARMM>    set bom ?bomlev
 RDCMND substituted energy or value "?BOMLEV" to "0"
 Parameter: BOM <- "0"
  
 CHARMM>    WRNLEV -1 @PARA
 Parameter: PARA -> "" <empty>
  
 CHARMM>    BOMLEV -1 @PARA
 Parameter: PARA -> "" <empty>
  
 CHARMM>    read para card flex append

          PARAMETER FILE BEING READ FROM UNIT 99
 RDTITL> * NBFIX BETWEEN CARBOXYLATE AND SODIUM
 RDTITL> *
 PARMIO> NONBOND, HBOND lists and IMAGE atoms cleared.
  
 CHARMM>    BOMLEV @bom @PARA
 Parameter: BOM -> "0"
 Parameter: PARA -> "" <empty>
  
 CHARMM>    WRNLEV @wrn @PARA
 Parameter: WRN -> "5"
 Parameter: PARA -> "" <empty>
  
 CHARMM>     
  
 CHARMM>    return
 VCLOSE: Closing unit   99 with status "KEEP"

                    RETURNING TO INPUT STREAM     5
  
 CHARMM>    read rtf card name @charmmtop/top_all36_prot.rtf append flex
 Parameter: CHARMMTOP -> "/PANFS/PANASAS01/CHEM/RA15808/C41A2/TOPPAR"
 VOPEN> Attempting to open::/panfs/panasas01/chem/ra15808/c41a2/toppar/top_all36_prot.rtf::
 MAINIO> Residue topology file being read from unit  90.
 TITLE> *>>>>>>>>CHARMM36 ALL-HYDROGEN TOPOLOGY FILE FOR PROTEINS <<<<<<
 TITLE> *>>>>> INCLUDES PHI, PSI CROSS TERM MAP (CMAP) CORRECTION <<<<<<<
 TITLE> *>>>>>>>>>>>>>>>>>>>>>>>>>> MAY 2011 <<<<<<<<<<<<<<<<<<<<<<<<<<<<
 TITLE> * ALL COMMENTS TO THE CHARMM WEB SITE: WWW.CHARMM.ORG
 TITLE> *             PARAMETER SET DISCUSSION FORUM
 TITLE> *
 VCLOSE: Closing unit   90 with status "KEEP"
  
 CHARMM>    read rtf card name /panfs/panasas01/chem/ra15808/aadh/data/ra/aadh_topologies.rtf append flex
 VOPEN> Attempting to open::/panfs/panasas01/chem/ra15808/aadh/data/ra/aadh_topologies.rtf::
 MAINIO> Residue topology file being read from unit  90.
 TITLE> * RESIDUES AND PATCHES FOR CREATING AADH REACTANT AND PRODUCTS
 TITLE> * ATOM DEFINITIONS IS TAKEN FROM TOP_ALL36_PROT.RTF
 TITLE> * PREAMLE IS TAKEN FROM TOP_TTW.INP
 TITLE> * >>>>>
 TITLE> * RESI TTW - /DATA/KR/TOP_TTW.INP
 TITLE> * RESI TTW2 - /DATA/KR/TOP_TTW.INP - I DON'T THINK THIS IS USED SO THIS WON'T BE ADJUSTED.
 TITLE> * PRES TRPM - /DATA/NEW_MD/TRPM.RTF
 TITLE> * PRES TTWP - /DATA/KR/TTW_PROD.RTF
 TITLE> * PRES ASP1/2 - /DATA/KR/TTW_PROD.RTF
 TITLE> * PRES TTQ_TRP - /DATA/NEW_MD/TTW_TOP.INP
 TITLE> * THE ORIGINAL PATCHES AND RESIDUES WERE SPECIFIED IN THE CHARM22 FF
 TITLE> * 23/07/2016 - THE PRODUCT PATCHES WILL HAVE TO CHANGE (TO GET RID OF DELE STATEMENT)
 TITLE> *               AND TO PRESERVE THE ATOMS LABELLING CHANGES.
 TITLE> *
 WARNING from DECODI -- Zero length string being converted to 0
 RTFRDR> WARNING: Version number is NOT specified.
 VCLOSE: Closing unit   90 with status "KEEP"
  
 CHARMM>    read para card name @charmmtop/par_all36_prot_mod.prm append flex
 Parameter: CHARMMTOP -> "/PANFS/PANASAS01/CHEM/RA15808/C41A2/TOPPAR"
 VOPEN> Attempting to open::/panfs/panasas01/chem/ra15808/c41a2/toppar/par_all36_prot_mod.prm::

          PARAMETER FILE BEING READ FROM UNIT 90
 TITLE> *>>>> CHARMM36 ALL-HYDROGEN PARAMETER FILE FOR PROTEINS <<<<<<<<<<
 TITLE> *>>>>> INCLUDES PHI, PSI CROSS TERM MAP (CMAP) CORRECTION <<<<<<<<
 TITLE> *>>>>>>>>>>>>>>>>>>>>>>>>>> JAN. 2016 <<<<<<<<<<<<<<<<<<<<<<<<<<<<
 TITLE> * ALL COMMENTS TO THE CHARMM WEB SITE: WWW.CHARMM.ORG
 TITLE> *             PARAMETER SET DISCUSSION FORUM
 TITLE> *
 PARMIO> NONBOND, HBOND lists and IMAGE atoms cleared.
 VCLOSE: Closing unit   90 with status "KEEP"
  
 CHARMM>    read para card name @datadir/ra/aadh_parameters.prm append flex
 Parameter: DATADIR -> "/PANFS/PANASAS01/CHEM/RA15808/AADH/DATA"
 VOPEN> Attempting to open::/panfs/panasas01/chem/ra15808/aadh/data/ra/aadh_parameters.prm::

          PARAMETER FILE BEING READ FROM UNIT 90
 TITLE> * PARAMETERS SPECIFIC TO AADH.  TO BE USED IN CONJUNCTION WITH AADH_TOPOLOGIES.RTF
 TITLE> * THESE WERE TAKEN FROM EACH SECTION IN /DATA/KR/PAR_TTW.INP
 TITLE> *   AND ADDITIONALLY FROM /DATA/NEW_MD/PAR_TTW.INP
 TITLE> * THERE'S NO ANGLE PARAMETERS FOR HA ONLY HA1/2/3 SO CHANGE THE HAS IN THE AADH_TOPOLOGIES
 TITLE> * ADDED NBFIX
 TITLE>  
 PARMIO> NONBOND, HBOND lists and IMAGE atoms cleared.
 VCLOSE: Closing unit   90 with status "KEEP"
  
 CHARMM>     
  
 CHARMM>    read psf card name ../common/2agy_final_min.psf
 VOPEN> Attempting to open::../common/2agy_final_min.psf::
 MAINIO> Protein structure file being read from unit  90.
 PSFRD2> Reading PSF in the expanded format.
 TITLE>  * 2AGY_C36_STATE0_MIN_WB_MIN NEUTRALIZED WITH POTASSIUM CHLORIDE
 TITLE>  *  DATE:     8/19/16     12: 6:55      CREATED BY USER: robert_arbon
 TITLE>  *
 PSFSUM> PSF modified: NONBOND lists and IMAGE atoms cleared.
 PSFSUM> Summary of the structure file counters :
         Number of segments      =        8   Number of residues   =    33469
         Number of atoms         =   111861   Number of groups     =    36819
         Number of bonds         =   111996   Number of angles     =    58795
         Number of dihedrals     =    38677   Number of impropers  =     2624
         Number of cross-terms   =      936
         Number of HB acceptors  =    33897   Number of HB donors  =    66564
         Number of NB exclusions =        0   Total charge =   -0.00000
 VCLOSE: Closing unit   90 with status "KEEP"
  
 CHARMM>    read coord card name ../common/2agy-310k.crd
 VOPEN> Attempting to open::../common/2agy-310k.crd::
          SPATIAL COORDINATES BEING READ FROM UNIT 90
 TITLE> * 2AGY, MINIMIZED, NEUTRALIZED AND HEATED
 TITLE> *  DATE:    10/27/16     17: 0:29      CREATED BY USER: RA15808
 TITLE> *
 VCLOSE: Closing unit   90 with status "KEEP"
  
 CHARMM>     
  
 CHARMM>    coordinate statistics select all end
 SELRPN> 111861 atoms have been selected out of 111861
 STATISTICS FOR    111861 SELECTED ATOMS:
    XMIN =  -62.716591 XMAX =   62.805868 XAVE =   -0.080065
    YMIN =  -51.675482 YMAX =   51.727575 YAVE =    0.004596
    ZMIN =  -42.190505 ZMAX =   42.195856 ZAVE =   -0.055786
    WMIN =    0.000000 WMAX =    0.000000 WAVE =    0.000000
  
 CHARMM>     
  
 CHARMM>    calc xdim = ( abs ( ?XMAX - ?XMIN ) + 0.0  )
 RDCMND substituted energy or value "?XMAX" to "62.8058683"
 RDCMND substituted energy or value "?XMIN" to "-62.7165912"
Evaluating: (ABS(62.8058683--62.7165912)+0.0)
 Parameter: XDIM <- "125.522459"
  
 CHARMM>    calc ydim = ( abs ( ?YMAX - ?YMIN ) + 0.0  )
 RDCMND substituted energy or value "?YMAX" to "51.7275745"
 RDCMND substituted energy or value "?YMIN" to "-51.6754824"
Evaluating: (ABS(51.7275745--51.6754824)+0.0)
 Parameter: YDIM <- "103.403057"
  
 CHARMM>    calc zdim = ( abs ( ?ZMAX - ?ZMIN ) + 0.0  )
 RDCMND substituted energy or value "?ZMAX" to "42.1958559"
 RDCMND substituted energy or value "?ZMIN" to "-42.190505"
Evaluating: (ABS(42.1958559--42.190505)+0.0)
 Parameter: ZDIM <- "84.3863609"
  
 CHARMM>     
  
 CHARMM>    coor trans xdir @xdim ydir @ydim zdir @zdim factor 0.5
 Parameter: XDIM -> "125.522459"
 Parameter: YDIM -> "103.403057"
 Parameter: ZDIM -> "84.3863609"
 TRANSLATION VECTOR   125.522459  103.403057   84.386361
 SELECTED COORDINATES TRANSLATED IN THE MAIN SET.

  
 CHARMM>     
  
 CHARMM>    coordinate statistics select all end
 SELRPN> 111861 atoms have been selected out of 111861
 STATISTICS FOR    111861 SELECTED ATOMS:
    XMIN =    0.044638 XMAX =  125.567098 XAVE =   62.681164
    YMIN =    0.026046 YMAX =  103.429103 YAVE =   51.706125
    ZMIN =    0.002675 ZMAX =   84.389036 ZAVE =   42.137394
    WMIN =    0.000000 WMAX =    0.000000 WAVE =    0.000000
  
 CHARMM>     
  
 CHARMM>    ! constraints
 CHARMM>    shake bonh param sele all end
 SELRPN> 111861 atoms have been selected out of 111861
 SHKCOM> SHAKE parameters: TOL =   0.1000D-09 MXITer =    500

          104429 constraints will held by SHAKE.
  
 CHARMM>     
  
 CHARMM>    ! setup crystal
 CHARMM>    calc xcen @xdim/2
 Parameter: XDIM -> "125.522459"
Evaluating: 125.522459/2
 Parameter: XCEN <- "62.7612295"
  
 CHARMM>    calc ycen @ydim/2
 Parameter: YDIM -> "103.403057"
Evaluating: 103.403057/2
 Parameter: YCEN <- "51.7015285"
  
 CHARMM>    calc zcen @zdim/2
 Parameter: ZDIM -> "84.3863609"
Evaluating: 84.3863609/2
 Parameter: ZCEN <- "42.1931804"
  
 CHARMM>     
  
 CHARMM>    set cutim 14
 Parameter: CUTIM <- "14"
  
 CHARMM>     
  
 CHARMM>    CRYSTAL DEFI ORTHS @xdim @ydim @zdim 90.0 90.0 90.0
 Parameter: XDIM -> "125.522459"
 Parameter: YDIM -> "103.403057"
 Parameter: ZDIM -> "84.3863609"
 Crystal Parameters : Crystal Type = ORTH
           A     =  125.52246 B    =  103.40306 C     =   84.38636
           Alpha =   90.00000 Beta =   90.00000 Gamma =   90.00000
  
 CHARMM>    CRYSTAL BUILD CUTOFF @cutim NOPER 0
 Parameter: CUTIM -> "14"
 XBUILD> Building all transformations with a minimum atom-atom
         contact distance of less than   14.00 Angstroms.

 Range of Grid Search for Transformation     1 :
 Lattice Vector A    -2 TO     2
 Lattice Vector B    -2 TO     2
 Lattice Vector C    -2 TO     2


 The number of transformations generated =    26


 Number  Symop   A   B   C   Distance

      1      1  -1  -1  -1     5.4710
      2      1  -1   0  -1     3.9044
      3      1  -1   1  -1     7.4265
      4      1   0  -1  -1     3.3825
      5      1   0   0  -1     3.6466
      6      1   0   1  -1     5.4336
      7      1  -1  -1   0     3.8939
      8      1  -1   0   0     3.3782
      9      1  -1   1   0     5.2337
     10      1   0  -1   0     3.1412
     11      1   0   1   0     3.1412
     12      1  -1  -1   1     6.4450
     13      1  -1   0   1     3.5602
     14      1  -1   1   1     8.9549
     15      1   0  -1   1     5.4336
     16      1   0   0   1     3.6466
     17      1   0   1   1     3.3825
     18      1   1   1   1     5.4710
     19      1   1   0   1     3.9044
     20      1   1  -1   1     7.4265
     21      1   1   1   0     3.8939
     22      1   1   0   0     3.3782
     23      1   1  -1   0     5.2337
     24      1   1   1  -1     6.4450
     25      1   1   0  -1     3.5602
     26      1   1  -1  -1     8.9549
                     THERE ARE NO ROTATIONS FOR THIS TRANSFORMATION SET
    26 Transformations have been processed.

  
 CHARMM>    image byseg xcen @xcen ycen @ycen zcen @zcen  sele segid AL* .or. segid BT* end ! protein
 Parameter: XCEN -> "62.7612295"
 Parameter: YCEN -> "51.7015285"
 Parameter: ZCEN -> "42.1931804"
 SELRPN>  14420 atoms have been selected out of 111861
 IMAGE CENTERING ON FOR SOME ATOMS
  
 CHARMM>    image byres xcen @xcen ycen @ycen zcen @zcen sele .not. (segid AL* .or. segid BT*) end ! water ions
 Parameter: XCEN -> "62.7612295"
 Parameter: YCEN -> "51.7015285"
 Parameter: ZCEN -> "42.1931804"
 SELRPN>  97441 atoms have been selected out of 111861
 IMAGE CENTERING ON FOR SOME ATOMS
  
 CHARMM>     
  
 CHARMM>    ! use fftvecs.py to get fft values:
 CHARMM>    set ftx 128
 Parameter: FTX <- "128"
  
 CHARMM>    set fty 108
 Parameter: FTY <- "108"
  
 CHARMM>    set ftz 90
 Parameter: FTZ <- "90"
  
 CHARMM>    set cutim 14
 Parameter: CUTIM <- "14"
  
 CHARMM>    NBONDED inbfrq -1 imgfrq -1 nbxmod 5 -                                              ! C36 DEFAULTS
 CHARMM>            atom cdiel fshift -                                                         ! use atom based electrostatics, C36 DEFAULTS
 CHARMM>            vatom vdistance vfswitch -                                                  ! C36 DEFAULTS
 CHARMM>            elec ewald pmew fftx @ftx ffty @fty fftz @ftz kappa .34 spline order 6 -    ! PME SUMMATION
 CHARMM>            cutnb 14.0 ctofnb 12.0 ctonnb 10.0 -                                        ! C36 DEFAULTS
 CHARMM>            cutim @cutim -                                                                ! must be same as cutnb
 CHARMM>            eps 1.0 e14fac 1.0 wmin 1.5                                                 ! C36 DEFAULTS
 Parameter: FTX -> "128"
 Parameter: FTY -> "108"
 Parameter: FTZ -> "90"
 Parameter: CUTIM -> "14"

 SELECTED IMAGES ATOMS BEING CENTERED ABOUT 62.761229 51.701529 42.193180

 <MKIMAT2>: updating the image atom lists and remapping
 Transformation   Atoms  Groups  Residues  Min-Distance
    1  C001 has      63      21      21        1.85
    2  C002 has    1193     399     399        1.05
    3  C003 has      78      26      26        4.94
    4  C004 has    1480     496     496        1.21
    5  C005 has   17407    5808    5805        0.00
    6  C006 has    1447     483     483        0.81
    7  C007 has     972     324     324        0.83
    8  C008 has   11669    3893    3892        0.00
    9  C009 has    1011     337     337        0.60
   10  C010 has   14070    4696    4696        0.00
   12  C012 has      81      27      27        4.08
   13  C013 has    1224     410     410        0.86
   14  C014 has      66      22      22        3.15
 Total of    162622 atoms and     53761 groups and     50407 residues were included

 <PME> Total heap storage needed =     7080793
 Fill Ewald table: Number of points=     10000 EWXmax=    4.250000
 fill erfc table: linear inter has rms error = 0.979220D-08 maximum error = 0.218740D-07
 fill erfc table: cubic spline has rms error = 0.360331D-11 maximum error = 0.108438D-10

 NONBOND OPTION FLAGS: 
     ELEC     VDW      ATOMs    CDIElec  FSHIft   VATOm    VFSWIt  
     BYGRoup  NOEXtnd  EWALd   
 CUTNB  = 14.000 CTEXNB =999.000 CTONNB = 10.000 CTOFNB = 12.000
 CGONNB =  0.000 CGOFNB = 10.000
 WMIN   =  1.500 WRNMXD =  0.500 E14FAC =  1.000 EPS    =  1.000
 NBXMOD =      5
 PME EWALD OPTIONS: KAPPA  =  0.340  QCOR =  0.000  Bspline order = 6
 FFTX= 128  FFTY= 108  FFTZ=  90
                Using Pub FFT
                Real-to-Complex FFT
 There are        0 atom  pairs and        0 atom  exclusions.
 There are        0 group pairs and        0 group exclusions.
 <MAKINB> with mode   5 found 138336 exclusions and  37937 interactions(1-4)
 <MAKGRP> found  12527 group exclusions.
 <MAKGRP> found      0 image group exclusions.
 Generating nonbond list with Exclusion mode = 5
 == PRIMARY == SPACE FOR 32143445 ATOM PAIRS AND        0 GROUP PAIRS
 == PRIMARY == SPACE FOR 48215188 ATOM PAIRS AND        0 GROUP PAIRS
 == PRIMARY == SPACE FOR 72322800 ATOM PAIRS AND        0 GROUP PAIRS

 General atom nonbond list generation found:
 58203071 ATOM PAIRS WERE FOUND FOR ATOM LIST
  3419184 GROUP PAIRS REQUIRED ATOM SEARCHES

 SPACE FOR 26422212 ATOM PAIRS AND        0 GROUP PAIRS

 Image nonbond list generation found:
  7500759 ATOM PAIRS WERE FOUND FOR ATOM LIST
        0 ATOM PAIRS WERE FOUND FOR ATOM SELF LIST
   660769 GROUP PAIRS REQUIRED ATOM SEARCHES

  
 CHARMM>     
  
 CHARMM>    faster on
 MISCOM> FAST option: EXPANDED (limited fast routines)
  
 CHARMM>     
  
 CHARMM>    energy omm

 SELECTED IMAGES ATOMS BEING CENTERED ABOUT 62.761229 51.701529 42.193180

 <MKIMAT2>: updating the image atom lists and remapping
 Transformation   Atoms  Groups  Residues  Min-Distance
    1  C001 has      63      21      21        1.85
    2  C002 has    1193     399     399        1.05
    3  C003 has      78      26      26        4.94
    4  C004 has    1480     496     496        1.21
    5  C005 has   17407    5808    5805        0.00
    6  C006 has    1447     483     483        0.81
    7  C007 has     972     324     324        0.83
    8  C008 has   11669    3893    3892        0.00
    9  C009 has    1011     337     337        0.60
   10  C010 has   14070    4696    4696        0.00
   12  C012 has      81      27      27        4.08
   13  C013 has    1224     410     410        0.86
   14  C014 has      66      22      22        3.15
 Total of    162622 atoms and     53761 groups and     50407 residues were included

 <MAKGRP> found      0 image group exclusions.

 NONBOND OPTION FLAGS: 
     ELEC     VDW      ATOMs    CDIElec  FSHIft   VATOm    VFSWIt  
     BYGRoup  NOEXtnd  EWALd   
 CUTNB  = 14.000 CTEXNB =999.000 CTONNB = 10.000 CTOFNB = 12.000
 CGONNB =  0.000 CGOFNB = 10.000
 WMIN   =  1.500 WRNMXD =  0.500 E14FAC =  1.000 EPS    =  1.000
 NBXMOD =      5
 PME EWALD OPTIONS: KAPPA  =  0.340  QCOR =  0.000  Bspline order = 6
 FFTX= 128  FFTY= 108  FFTZ=  90
                Using Pub FFT
                Real-to-Complex FFT
 There are 58203071 atom  pairs and   176273 atom  exclusions.
 There are        0 group pairs and    12527 group exclusions.
 Generating nonbond list with Exclusion mode = 5
 == PRIMARY == SPACE FOR 72322800 ATOM PAIRS AND        0 GROUP PAIRS

 General atom nonbond list generation found:
 58203071 ATOM PAIRS WERE FOUND FOR ATOM LIST
  3419184 GROUP PAIRS REQUIRED ATOM SEARCHES

 SPACE FOR 26422212 ATOM PAIRS AND        0 GROUP PAIRS

 Image nonbond list generation found:
  7500759 ATOM PAIRS WERE FOUND FOR ATOM LIST
        0 ATOM PAIRS WERE FOUND FOR ATOM SELF LIST
   660769 GROUP PAIRS REQUIRED ATOM SEARCHES

get_PlatformDefaults> Finding default platform values
get_PlatformDefaults> Default values found: platform=CUDA precision=mixed deviceid=0
Setup_OpenMM: Initializing OpenMM context
CHARMM> Using switching functions for vdW interactions and OpenMM PME/RxnFld for electrostatics
CHARMM> Using OpenMM nb routines.
CHARMM> configuring OpenMM PME with
        alpha     0.3400
        fft  128  108   90

NBFIxes in effect, using CustomNonbondedForce
CHARMM> OpenMM switching function selection.
CHARMM> Electrostatic options: switch=F fswitch=F fshift=F PME/Ewald=T RxnFld=F
CHARMM> van der Waals options: vswitch=F vfswitch=T OpenMM vdW switch=F
 Available OpenMM platform 0: Reference 
 Available OpenMM platform 1: CPU       
 Available OpenMM platform 2: CUDA      
 Available OpenMM platform 3: OpenCL    
Init_context: Using OpenMM platform CUDA      
       CudaDeviceIndex = 0
       CudaCompiler = /usr/local/cuda/bin/nvcc
       CudaPrecision = mixed
ENER ENR:  Eval#     ENERgy      Delta-E         GRMS
ENER INTERN:          BONDs       ANGLes       UREY-b    DIHEdrals    IMPRopers
ENER CROSS:           CMAPs        PMF1D        PMF2D        PRIMO
ENER EXTERN:        VDWaals         ELEC       HBONds          ASP         USER
 ----------       ---------    ---------    ---------    ---------    ---------
ENER>        0-328968.82614      0.00000     13.83581
ENER INTERN>     3854.88036   7217.17237      0.00000   9566.83893    491.87893
ENER CROSS>      -466.95203      0.00000      0.00000      0.00000
ENER EXTERN>  -349632.64474      0.00000      0.00000      0.00000      0.00000
 ----------       ---------    ---------    ---------    ---------    ---------
  
 CHARMM>     
  
 CHARMM>    coor copy comp
 SELECTED COORDINATES COPIED TO THE COMPARISON SET.

  
 CHARMM>     
  
 CHARMM>    ioform extended
 MISCOM> Expanded I/O format is used.
  
 CHARMM>     
  
 CHARMM>    set nsteps 1000000
 Parameter: NSTEPS <- "1000000"
  
 CHARMM>    set nsteps 1
 Parameter: NSTEPS <- "1"
  
 CHARMM>    set nwrite 500
 Parameter: NWRITE <- "500"
  
 CHARMM>    set gamma 1
 Parameter: GAMMA <- "1"
  
 CHARMM>     
  
 CHARMM>    shake fast bonh tol 1.0e-8 para
 SHKCOM> SHAKE parameters: TOL =   0.1000D-07 MXITer =    500

          104429 constraints will held by SHAKE.
 FSSHKINI: Fast shake initialized with    7052 bond contraints and    32459 water constraints (3-center).
 FSSHKINI:     7052 constraints are in groups of:    32459
 FSSHKINI:   2728 2-body (CH),   1346 3-body(CH2),    544 4-body(CH3),      0 >4-body. 
 FSSHKINI: Fast shake initialized with    7052 bond contraints and    32459 water constraints (3-center).
 FSSHKINI:     7052 constraints are in groups of:    32459
 FSSHKINI:   2728 2-body (CH),   1346 3-body(CH2),    544 4-body(CH3),      0 >4-body. 
  
 CHARMM>     
  
 CHARMM>    set echeck = echeck -1
 Parameter: ECHECK <- "ECHECK -1"
  
 CHARMM>     
  
 CHARMM>    open read card unit 10 name ../common/2agy-310k.res
 VOPEN> Attempting to open::../common/2agy-310k.res::
 OPNLGU> Unit 10 opened for READONLY access to ../common/2agy-310k.res
  
 CHARMM>    open write card unit 11 name  2agy-310k-1atm-equil.res
 VOPEN> Attempting to open::2agy-310k-1atm-equil.res::
 OPNLGU> Unit 11 opened for WRITE access to 2agy-310k-1atm-equil.res
  
 CHARMM>    open unit 12 write file name  2agy-310k-1atm-equil.dcd
 VOPEN> Attempting to open::2agy-310k-1atm-equil.dcd::
 OPNLGU> Unit 12 opened for WRITE access to 2agy-310k-1atm-equil.dcd
  
 CHARMM>     
  
 CHARMM>    dynamics leap start timestep 0.002 -
 CHARMM>         nstep @nsteps nprint @nwrite iprfrq @nwrite isvfrq @nsteps iunwri 11 iunread -1 -
 CHARMM>         iuncrd 12 nsavc @nwrite -
 CHARMM>         firstt 310 finalt 310  -
 CHARMM>         ichecw 0 ihtfrq 0 ieqfrq 0 -
 CHARMM>         iasors 1 iasvel 1 iscvel 0  -
 CHARMM>         ilbfrq 0 inbfrq -1 imgfrq -1 @echeck bycb -
 CHARMM>         ntrfq 100 -
 CHARMM>         omm langevin gamma @gamma prmc pref 1.0 iprsfrq 25
 Parameter: NSTEPS -> "1"
 Parameter: NWRITE -> "500"
 Parameter: NWRITE -> "500"
 Parameter: NSTEPS -> "1"
 Parameter: NWRITE -> "500"
 Parameter: ECHECK -> "ECHECK -1"
 Parameter: GAMMA -> "1"
  IUNREA = -1         IUNWRI = 11          IUNOS = -1
  IUNCRD = 12         IUNVEL = -1          KUNIT = -1

 SELECTED IMAGES ATOMS BEING CENTERED ABOUT 62.761229 51.701529 42.193180

 NONBOND OPTION FLAGS: 
     ELEC     VDW      ATOMs    CDIElec  FSHIft   VATOm    VFSWIt  
     BYCB     NOEXtnd  EWALd   
 CUTNB  = 14.000 CTEXNB =999.000 CTONNB = 10.000 CTOFNB = 12.000
 CGONNB =  0.000 CGOFNB = 10.000
 WMIN   =  1.500 WRNMXD =  0.500 E14FAC =  1.000 EPS    =  1.000
 NBXMOD =      5
 PME EWALD OPTIONS: KAPPA  =  0.340  QCOR =  0.000  Bspline order = 6
 FFTX= 128  FFTY= 108  FFTZ=  90
                Using Pub FFT
                Real-to-Complex FFT
 There are 58203071 atom  pairs and   176273 atom  exclusions.
 There are        0 group pairs and    12527 group exclusions.
Using Image CUBE search
Using Image CUBE search
 DCNTRL> Langevin integration requested.
 DCNTRL>  OpenMM interface requested for energy and dynamics calculations.
 DCNTRL>  Constant temperature w/ OpenMM using Langevin heatbath requested.
 DCNTRL>  Reference heatbath temperature is   310.000K
 DCNTRL>  Using friction coefficient value of     1.000  ps^-1
 DCNTRL>  CPT dynamics through OpenMM interface requested using Langevin heatbath.
 DCNTRL>  MC barostat coupled to reference pressure    1.00  atmospheres.
 DCNTRL>  MC barostat using reference temperature  310.00  K.
 DCNTRL>  MC barostat volume move attempted every     25  timesteps.
   NSTEP =        1    NSAVC =      500    NSAVV =       10
  ISCALE =        0   ISCVEL =        0   IASORS =        1
  IASVEL =        1   ICHECW =        0   NTRFRQ =      100
  IHTFRQ =        0   IEQFRQ =        0   NPRINT =        1
  INBFRQ =       -1   IHBFRQ =        0   IPRFRQ =        1
  ILBFRQ =        0   IMGFRQ =       -1
  ISVFRQ =        1   NCYCLE =        1    NSNOS =       10
  FIRSTT =   310.000  TEMINC =     5.000  TSTRUC =  -999.000
  FINALT =   310.000  TWINDH =    10.000  TWINDL =   -10.000

  TIME STEP =  4.09097E-02 AKMA       2.00000E-03 PS

  RANDOM NUM. GEN. SEED(S) = 1605221132 1605221132 1605221132 1605221132

           SHAKE TOLERANCE =     0.10000E-07
 NUMBER OF DEGREES OF FREEDOM = 231154

          GAUSSIAN OPTION                  IS            1
          VELOCITIES ASSIGNED AT TEMPERATURE =    387.5000
          SEED FOR RANDOM NUMBER GENERATOR IS:
          SEEDS> 1605221132 1605221132 1605221132 1605221132

     DETAILS ABOUT CENTRE OF MASS
     POSITION          :    62.673615        51.709251        42.159367    
     VELOCITY          :   1.30162265E-04  -2.83144770E-04  -8.68110046E-04
     ANGULAR MOMENTUM  :   -2892.7143       -69089.889        25169.886    
     KINETIC ENERGY    :   0.29439256    
OpenMM integrator options changed
Destroying OpenMM context
Setup_OpenMM: Initializing OpenMM context
CHARMM> Using switching functions for vdW interactions and OpenMM PME/RxnFld for electrostatics
CHARMM> Using OpenMM nb routines.
CHARMM> configuring OpenMM PME with
        alpha     0.3400
        fft  128  108   90

NBFIxes in effect, using CustomNonbondedForce
CHARMM> OpenMM switching function selection.
CHARMM> Electrostatic options: switch=F fswitch=F fshift=F PME/Ewald=T RxnFld=F
CHARMM> van der Waals options: vswitch=F vfswitch=T OpenMM vdW switch=F
 Available OpenMM platform 0: Reference 
 Available OpenMM platform 1: CPU       
 Available OpenMM platform 2: CUDA      
 Available OpenMM platform 3: OpenCL    
Init_context: Using OpenMM platform CUDA      
       CudaDeviceIndex = 0
       CudaCompiler = /usr/local/cuda/bin/nvcc
       CudaPrecision = mixed
OpenMM: Velocities scaled or randomized
DYNA DYN: Step         Time      TOTEner        TOTKe       ENERgy  TEMPerature
DYNA PROP:             GRMS      HFCTote        HFCKe       EHFCor        VIRKe
DYNA INTERN:          BONDs       ANGLes       UREY-b    DIHEdrals    IMPRopers
DYNA CROSS:           CMAPs        PMF1D        PMF2D        PRIMO
DYNA EXTERN:        VDWaals         ELEC       HBONds          ASP         USER
DYNA PRESS:            VIRE         VIRI       PRESSE       PRESSI       VOLUme
 ----------       ---------    ---------    ---------    ---------    ---------
DYNA>        0      0.00000-199458.72098 129510.10515-328968.82613    563.88771
DYNA PROP>          0.00000      0.00000      0.00000      0.00000      0.00000
DYNA INTERN>     3854.88036   7217.17237      0.00000   9566.83893    491.87893
DYNA CROSS>      -466.95203      0.00000      0.00000      0.00000
DYNA EXTERN>  -349632.64472      0.00000      0.00000      0.00000      0.00000
DYNA PRESS>          0.0000       0.0000       0.0000       0.0000 1095284.8375
 ----------       ---------    ---------    ---------    ---------    ---------
 Crystal Parameters : Crystal Type = ORTH
      DYNA A     =  125.52246 B    =  103.40306 C     =   84.38636
      DYNA Alpha =   90.00000 Beta =   90.00000 Gamma =   90.00000
      DYNA PIXX =        0.00 PIYY =       0.00 PIZZ =       0.00
      DYNA PIXY =        0.00 PIXZ =       0.00 PIYZ =       0.00
      DYNA Gradient Norm =    0.00000

DYNA>        1      0.00200-240008.28061  88106.79782-328115.07843    383.61748
DYNA PROP>          0.00000      0.00000      0.00000      0.00000      0.00000
DYNA INTERN>     4025.00452   7494.91636      0.00000   9591.66844    514.65938
DYNA CROSS>      -470.03443      0.00000      0.00000      0.00000
DYNA EXTERN>  -349271.29269      0.00000      0.00000      0.00000      0.00000
DYNA PRESS>          0.0000       0.0000       0.0000       0.0000 1095284.8375
 ----------       ---------    ---------    ---------    ---------    ---------
 Crystal Parameters : Crystal Type = ORTH
      DYNA A     =  125.52246 B    =  103.40306 C     =   84.38636
      DYNA Alpha =   90.00000 Beta =   90.00000 Gamma =   90.00000
      DYNA PIXX =        0.00 PIYY =       0.00 PIZZ =       0.00
      DYNA PIXY =        0.00 PIXZ =       0.00 PIYZ =       0.00
      DYNA Gradient Norm =    0.00000

 DYNAMC> Averages for the last 1 steps:
AVER DYN: Step         Time      TOTEner        TOTKe       ENERgy  TEMPerature
AVER PROP:             GRMS      HFCTote        HFCKe       EHFCor        VIRKe
AVER INTERN:          BONDs       ANGLes       UREY-b    DIHEdrals    IMPRopers
AVER CROSS:           CMAPs        PMF1D        PMF2D        PRIMO
AVER EXTERN:        VDWaals         ELEC       HBONds          ASP         USER
AVER PRESS:            VIRE         VIRI       PRESSE       PRESSI       VOLUme
 ----------       ---------    ---------    ---------    ---------    ---------
AVER>        1      0.00200-219733.50080 108808.45148-328541.95228    473.75259
AVER PROP>          0.00000      0.00000      0.00000      0.00000      0.00000
AVER INTERN>     3939.94244   7356.04436      0.00000   9579.25369    503.26916
AVER CROSS>      -468.49323      0.00000      0.00000      0.00000
AVER EXTERN>  -349451.96871      0.00000      0.00000      0.00000      0.00000
AVER PRESS>          0.0000       0.0000       0.0000       0.0000 1095284.8375
 ----------       ---------    ---------    ---------    ---------    ---------
 Lattice Parameters> Averages for the last 1 steps:
 Crystal Parameters : Crystal Type = ORTH
      AVER A     =  125.52246 B    =  103.40306 C     =   84.38636
      AVER Alpha =   90.00000 Beta =   90.00000 Gamma =   90.00000
      AVER PIXX =        0.00 PIYY =       0.00 PIZZ =       0.00
      AVER PIXY =        0.00 PIXZ =       0.00 PIYZ =       0.00
      AVER Gradient Norm =    0.00000

 DYNAMC> RMS fluctuations for the last 1 steps:
FLUC>        1      0.00200  20274.77982  20701.65366    426.87385     90.13511
FLUC PROP>          0.00000      0.00000      0.00000      0.00000      0.00000
FLUC INTERN>       85.06208    138.87199      0.00000     12.41476     11.39022
FLUC CROSS>         1.54120      0.00000      0.00000      0.00000
FLUC EXTERN>      180.67601      0.00000      0.00000      0.00000      0.00000
FLUC PRESS>         0.00000      0.00000      0.00000      0.00000      0.00000
 ----------       ---------    ---------    ---------    ---------    ---------
 Lattice Parameters> RMS fluctuations for the last 1 steps:
 Crystal Parameters : Crystal Type = ORTH
      FLUC A     =    0.00000 B    =    0.00000 C     =    0.00000
      FLUC Alpha =    0.00000 Beta =    0.00000 Gamma =    0.00000
      FLUC PIXX =        0.00 PIYY =       0.00 PIZZ =       0.00
      FLUC PIXY =        0.00 PIXZ =       0.00 PIYZ =       0.00
      FLUC Gradient Norm =    0.00000


 OpenMM was used to perform energy and force evaluation.

 WRIDYN: RESTart file was written at step       1
 VCLOSE: Closing unit   11 with status "KEEP"

     DETAILS ABOUT CENTRE OF MASS
     POSITION          :    62.673612        51.709249        42.159372    
     VELOCITY          :  -6.01334339E-05   1.92617973E-05   3.85545108E-05
     ANGULAR MOMENTUM  :   -3271.4237       -67378.496        25975.935    
     KINETIC ENERGY    :   1.89409114E-03
  
 CHARMM>     
  
 CHARMM>    coor rms
 TOTAL SQUARE DIFF IS************  DENOMINATOR IS 111861.0000
       THUS RMS DIFF IS  105.309076
 RMS FOUND FOR SELECTED COORDINATES WITHOUT ROTATION
  
 CHARMM>    coor statistics sele all end
 SELRPN> 111861 atoms have been selected out of 111861
 STATISTICS FOR    111861 SELECTED ATOMS:
    XMIN =    0.032238 XMAX =  125.588731 XAVE =   62.681141
    YMIN =    0.018369 YMAX =  103.462605 YAVE =   51.706134
    ZMIN =   -0.002911 ZMAX =   84.417946 ZAVE =   42.137465
    WMIN =    0.000000 WMAX =    0.000000 WAVE =    0.000000
  
 CHARMM>     
  
 CHARMM>     
  
 CHARMM>    write coord card unit 12 name 2agy-310k-1atm-equil.cor
 VOPEN> Attempting to open::2agy-310k-1atm-equil.cor::
 RDTITL> * EQUILIBRATED USING OMM/LANGEVIN
 RDTITL> *
 VCLOSE: Closing unit   12 with status "KEEP"
 VCLOSE: Closing unit   12 with status "KEEP"
  
 CHARMM>     
  
 CHARMM>     
  
 CHARMM>    stop
 VCLOSE: Closing unit   10 with status "KEEP"
$$$$$$  New timer profile $$$$$
   Shake Setup                     0.17 Other:            0.00
   First List                      6.28 Other:            0.00
   Shake time                      0.00 Other:            0.00
      dynamc                          0.06 Other:            0.00
   Dynamics total                  1.08 Other:            1.03
      xdistm setup                    0.00 Other:            0.00
      xdistm Build list               6.13 Other:            0.00
   List time                      20.87 Other:           14.74
            Recip Ewald time                0.00 Other:            0.00
         Ewald time                      0.00 Other:            0.00
      Nonbond force                   0.00 Other:            0.00
         Bond energy                     0.00 Other:            0.00
         Angle energy                    0.00 Other:            0.00
         Dihedral energy                 0.00 Other:            0.00
         Restraints energy               0.00 Other:            0.00
      INTRNL energy                   0.00 Other:            0.00
   Energy time                     1.12 Other:            1.12
      load plugins                    0.05 Other:            0.00
      build system                    0.46 Other:            0.00
      init context                    4.16 Other:            0.00
   OpenMM overhead                 4.68 Other:            0.00
 Total time                     79.76 Other:           45.55

                    NORMAL TERMINATION BY NORMAL STOP
                    MOST SEVERE WARNING WAS AT LEVEL  0

                    $$$$$ JOB ACCOUNTING INFORMATION $$$$$
                     ELAPSED TIME:     1.33  MINUTES 
                         CPU TIME:     1.30  MINUTES 
