1
                 Chemistry at HARvard Macromolecular Mechanics
           (CHARMM) - Developmental Version 41a2   February 15, 2016            
                             Git commit ID f89d5df                              
       Copyright(c) 1984-2014  President and Fellows of Harvard College
                              All Rights Reserved
     Current operating system: Linux-2.6.32-220.23.1.el6.x86_64(x86_64)@new     
                 Created on 12/9/16 at 14:55:46 by user: ra15808     

            Maximum number of ATOMS:    360720, and RESidues:      120240
 RDTITL> * EQUILIBRATION IN STAGES
 RDTITL> *
  
 CHARMM>     
  
 CHARMM>    envi OPENMM_PLATFORM  "CUDA"   ! /CUDA/Reference   Use OpenMM platform based on
  
 CHARMM>    envi OPENMM_PRECISION "mixed"   ! /mixed/double    Do calculations in single
  
 CHARMM>     
  
 CHARMM>    prnlev 5
  
 CHARMM>    set datadir ../common
 Parameter: DATADIR <- "../COMMON"
  
 CHARMM>    stream @datadir/toppar_water_ions_fixed.str
 Parameter: DATADIR -> "../COMMON"
 VOPEN> Attempting to open::../common/toppar_water_ions_fixed.str::
 OPNLGU> Unit 99 opened for READONLY access to ../common/toppar_water_ions_fixed.str

                    INPUT STREAM SWITCHING TO UNIT    99
 RDTITL> * TOPLOGY AND PARAMETER INFORMATION FOR WATER AND IONS.
 RDTITL> *
 Parameter: IN1 <- "" <empty>
  
 CHARMM>     
  
 CHARMM>    !Testcase
 CHARMM>    !test_water_ions.inp
 CHARMM>     
  
 CHARMM>    ! IMPORTANT NOTE: this file contains NBFixes between carboxylates and sodium,
 CHARMM>    ! which will only apply if the main files containing carboxylate atom types
 CHARMM>    ! have been read in first!
 CHARMM>     
  
 CHARMM>    !references
 CHARMM>    !
 CHARMM>    !TIP3P water model
 CHARMM>    !
 CHARMM>    !W.L. Jorgensen; J.Chandrasekhar; J.D. Madura; R.W. Impey;
 CHARMM>    !M.L. Klein; "Comparison of simple potential functions for
 CHARMM>    !simulating liquid water", J. Chem. Phys. 79 926-935 (1983).
 CHARMM>    !
 CHARMM>    !IONS
 CHARMM>    !
 CHARMM>    !Ions from Roux and coworkers
 CHARMM>    !
 CHARMM>    !Beglov, D. and Roux, B., Finite Representation of an Infinite
 CHARMM>    !Bulk System: Solvent Boundary Potential for Computer Simulations,
 CHARMM>    !Journal of Chemical Physics, 1994, 100: 9050-9063
 CHARMM>    !
 CHARMM>    !ZINC
 CHARMM>    !
 CHARMM>    !Stote, R.H. and Karplus, M. Zinc Binding in Proteins and
 CHARMM>    !Solution: A Simple but Accurate Nonbonded Representation, PROTEINS:
 CHARMM>    !Structure, Function, and Genetics 23:12-31 (1995)
 CHARMM>     
  
 CHARMM>    !test "append" to determine if previous toppar files have been read and
 CHARMM>    !add append to "read rtf card" if true
 CHARMM>    set nat ?NATC
 RDCMND: can not substitute energy "?NATC"
 Parameter: NAT <- "?NATC"
  
 CHARMM>    set app
 Parameter: APP <- "" <empty>
  
 CHARMM>    !We're exploiting what is arguably a bug in the parser. On the left hand side,
 CHARMM>    !the quotes have priority, so NAT is correctly substituted. On the right hand
 CHARMM>    !side, the ? has priority and NATC" (sic) is not a valid substitution...
 CHARMM>    if "@NAT" ne "?NATC" if @nat ne 0 set app append
 Parameter: NAT -> "?NATC"
 Parameter: NAT -> "?NATC"
 RDCMND: can not substitute energy "?NATC""
 Comparing ""?NATC"" and ""?NATC"".
 IF test evaluated as false.  Skipping command
  
 CHARMM>     
  
 CHARMM>    read rtf card  !REA 26/07/2013 - deleted @app - always stream this first and everything else must be appended)
 MAINIO> Residue topology file being read from unit  99.
 RDTITL> * TOPOLOGY FOR WATER AND IONS
 RDTITL> *
  
 CHARMM>     
  
 CHARMM>    read para card flex  !REA - deleted @app

          PARAMETER FILE BEING READ FROM UNIT 99
 RDTITL> * PARAMETERS FOR WATER AND IONS
 RDTITL> *
 PARMIO> NONBOND, HBOND lists and IMAGE atoms cleared.
  
 CHARMM>     
  
 CHARMM>    ! The following section contains NBFixes for sodium interacting with
 CHARMM>    ! carboxylate oxygens of various CHARMM force fields. It will generate
 CHARMM>    ! level -1 warnings whenever any of these force fields have not been
 CHARMM>    ! read prior to the current stream file. Since we don't want to force
 CHARMM>    ! the user to always read all the force fields, we're suppressing the
 CHARMM>    ! warnings. The only side effect is that you will have "most severe
 CHARMM>    ! warning was at level 0" at the end of your output. Also note that
 CHARMM>    ! the user is responsible for reading the current file last if they
 CHARMM>    ! want the NBFixes to apply. A more elegant solution would require new
 CHARMM>    ! features to be added to CHARMM.
 CHARMM>    ! parallel fix, to avoid duplicated messages in the log
 CHARMM>    set para
 Parameter: PARA <- "" <empty>
  
 CHARMM>    if ?NUMNODE gt 1 set para node 0
 RDCMND substituted energy or value "?NUMNODE" to "1"
 Comparing "1" and "1".
 IF test evaluated as false.  Skipping command
  
 CHARMM>     
  
 CHARMM>    set wrn ?WRNLEV
 RDCMND substituted energy or value "?WRNLEV" to "5"
 Parameter: WRN <- "5"
  
 CHARMM>    ! Some versions of CHARMM don't seem to initialize wrnlev...
 CHARMM>    if "@WRN" eq "?WRNLEV" set wrn 5
 Parameter: WRN -> "5"
 RDCMND: can not substitute energy "?WRNLEV""
 Comparing ""5"" and ""?WRNLEV"".
 IF test evaluated as false.  Skipping command
  
 CHARMM>    set bom ?bomlev
 RDCMND substituted energy or value "?BOMLEV" to "0"
 Parameter: BOM <- "0"
  
 CHARMM>    WRNLEV -1 @PARA
 Parameter: PARA -> "" <empty>
  
 CHARMM>    BOMLEV -1 @PARA
 Parameter: PARA -> "" <empty>
  
 CHARMM>    read para card flex append

          PARAMETER FILE BEING READ FROM UNIT 99
 RDTITL> * NBFIX BETWEEN CARBOXYLATE AND SODIUM
 RDTITL> *
 PARMIO> NONBOND, HBOND lists and IMAGE atoms cleared.
  
 CHARMM>    BOMLEV @bom @PARA
 Parameter: BOM -> "0"
 Parameter: PARA -> "" <empty>
  
 CHARMM>    WRNLEV @wrn @PARA
 Parameter: WRN -> "5"
 Parameter: PARA -> "" <empty>
  
 CHARMM>     
  
 CHARMM>    return
 VCLOSE: Closing unit   99 with status "KEEP"

                    RETURNING TO INPUT STREAM     5
  
 CHARMM>    read rtf card name @datadir/top_all36_prot.rtf append flex
 Parameter: DATADIR -> "../COMMON"
 VOPEN> Attempting to open::../common/top_all36_prot.rtf::
 MAINIO> Residue topology file being read from unit  90.
 TITLE> *>>>>>>>>CHARMM36 ALL-HYDROGEN TOPOLOGY FILE FOR PROTEINS <<<<<<
 TITLE> *>>>>> INCLUDES PHI, PSI CROSS TERM MAP (CMAP) CORRECTION <<<<<<<
 TITLE> *>>>>>>>>>>>>>>>>>>>>>>>>>> MAY 2011 <<<<<<<<<<<<<<<<<<<<<<<<<<<<
 TITLE> * ALL COMMENTS TO THE CHARMM WEB SITE: WWW.CHARMM.ORG
 TITLE> *             PARAMETER SET DISCUSSION FORUM
 TITLE> *
 VCLOSE: Closing unit   90 with status "KEEP"
  
 CHARMM>    read rtf card name @datadir/aadh_topologies.rtf append flex
 Parameter: DATADIR -> "../COMMON"
 VOPEN> Attempting to open::../common/aadh_topologies.rtf::
 MAINIO> Residue topology file being read from unit  90.
 TITLE> * RESIDUES AND PATCHES FOR CREATING AADH REACTANT AND PRODUCTS
 TITLE> * ATOM DEFINITIONS IS TAKEN FROM TOP_ALL36_PROT.RTF
 TITLE> * PREAMLE IS TAKEN FROM TOP_TTW.INP
 TITLE> * >>>>>
 TITLE> * RESI TTW - /DATA/KR/TOP_TTW.INP
 TITLE> * RESI TTW2 - /DATA/KR/TOP_TTW.INP - I DON'T THINK THIS IS USED SO THIS WON'T BE ADJUSTED.
 TITLE> * PRES TRPM - /DATA/NEW_MD/TRPM.RTF
 TITLE> * PRES TTWP - /DATA/KR/TTW_PROD.RTF
 TITLE> * PRES ASP1/2 - /DATA/KR/TTW_PROD.RTF
 TITLE> * PRES TTQ_TRP - /DATA/NEW_MD/TTW_TOP.INP
 TITLE> * THE ORIGINAL PATCHES AND RESIDUES WERE SPECIFIED IN THE CHARM22 FF
 TITLE> * 23/07/2016 - THE PRODUCT PATCHES WILL HAVE TO CHANGE (TO GET RID OF DELE STATEMENT)
 TITLE> *               AND TO PRESERVE THE ATOMS LABELLING CHANGES.
 TITLE> *
 WARNING from DECODI -- Zero length string being converted to 0
 RTFRDR> WARNING: Version number is NOT specified.
 VCLOSE: Closing unit   90 with status "KEEP"
  
 CHARMM>    read para card name @datadir/par_all36_prot_mod.prm append flex
 Parameter: DATADIR -> "../COMMON"
 VOPEN> Attempting to open::../common/par_all36_prot_mod.prm::

          PARAMETER FILE BEING READ FROM UNIT 90
 TITLE> *>>>> CHARMM36 ALL-HYDROGEN PARAMETER FILE FOR PROTEINS <<<<<<<<<<
 TITLE> *>>>>> INCLUDES PHI, PSI CROSS TERM MAP (CMAP) CORRECTION <<<<<<<<
 TITLE> *>>>>>>>>>>>>>>>>>>>>>>>>>> JAN. 2016 <<<<<<<<<<<<<<<<<<<<<<<<<<<<
 TITLE> * ALL COMMENTS TO THE CHARMM WEB SITE: WWW.CHARMM.ORG
 TITLE> *             PARAMETER SET DISCUSSION FORUM
 TITLE> *
 PARMIO> NONBOND, HBOND lists and IMAGE atoms cleared.
 VCLOSE: Closing unit   90 with status "KEEP"
  
 CHARMM>    read para card name @datadir/aadh_parameters.prm append flex
 Parameter: DATADIR -> "../COMMON"
 VOPEN> Attempting to open::../common/aadh_parameters.prm::

          PARAMETER FILE BEING READ FROM UNIT 90
 TITLE> * PARAMETERS SPECIFIC TO AADH.  TO BE USED IN CONJUNCTION WITH AADH_TOPOLOGIES.RTF
 TITLE> * THESE WERE TAKEN FROM EACH SECTION IN /DATA/KR/PAR_TTW.INP
 TITLE> *   AND ADDITIONALLY FROM /DATA/NEW_MD/PAR_TTW.INP
 TITLE> * THERE'S NO ANGLE PARAMETERS FOR HA ONLY HA1/2/3 SO CHANGE THE HAS IN THE AADH_TOPOLOGIES
 TITLE> * ADDED NBFIX
 TITLE>  
 PARMIO> NONBOND, HBOND lists and IMAGE atoms cleared.
 VCLOSE: Closing unit   90 with status "KEEP"
  
 CHARMM>     
  
 CHARMM>    read psf card name ../common/2agy_final.psf
 VOPEN> Attempting to open::../common/2agy_final.psf::
 MAINIO> Protein structure file being read from unit  90.
 PSFRD2> Reading PSF in the expanded format.
 TITLE>  * REALIGNED THE CRYSTAL STRUCTURE TO BE COMPATIBLE WITH OPENMM
 TITLE>  * CUBIC CRYSTAL STRUCTURE BOX SIZE: 132.94535 ANG
 TITLE>  * NOT MINIMIZED
 TITLE>  *  DATE:    12/ 8/16      9:43:10      CREATED BY USER: ra15808
 TITLE>  *
 PSFSUM> PSF modified: NONBOND lists and IMAGE atoms cleared.
 PSFSUM> Summary of the structure file counters :
         Number of segments      =        7   Number of residues   =    53322
         Number of atoms         =   170936   Number of groups     =    56672
         Number of bonds         =   170829   Number of angles     =    78406
         Number of dihedrals     =    38677   Number of impropers  =     2624
         Number of cross-terms   =      936
         Number of HB acceptors  =    53508   Number of HB donors  =   105786
         Number of NB exclusions =        0   Total charge =   -0.00000
 VCLOSE: Closing unit   90 with status "KEEP"
  
 CHARMM>    read coord card name ../common/2agy-heating-310.cor
 VOPEN> Attempting to open::../common/2agy-heating-310.cor::
          SPATIAL COORDINATES BEING READ FROM UNIT 90
 TITLE> * 2AGY INTERMEDIATE OUTPUT.  HEATED TO 310 K
 TITLE> *  DATE:    12/ 9/16     11: 4:21      CREATED BY USER: RA15808
 TITLE> *
 VCLOSE: Closing unit   90 with status "KEEP"
  
 CHARMM>     
  
 CHARMM>    define protein sele segid AL* .or. segid BT* end
 SELRPN>  14420 atoms have been selected out of 170936
  
 CHARMM>    define water sele segid *WAT end
 SELRPN> 156210 atoms have been selected out of 170936
  
 CHARMM>    define ions sele segid ion end
 SELRPN>    306 atoms have been selected out of 170936
  
 CHARMM>    define backbone_prot sele type n .or. type ca .or. type c .or. type o end
 SELRPN>   3780 atoms have been selected out of 170936
  
 CHARMM>     
  
 CHARMM>    !
 CHARMM>    ! Setup crystal
 CHARMM>    !
 CHARMM>    set xdim 132.94535
 Parameter: XDIM <- "132.94535"
  
 CHARMM>    calc cen @xdim/2
 Parameter: XDIM -> "132.94535"
Evaluating: 132.94535/2
 Parameter: CEN <- "66.472675"
  
 CHARMM>    set cutim 14
 Parameter: CUTIM <- "14"
  
 CHARMM>     
  
 CHARMM>    crystal defi cubic @xdim @xdim @xdim 90.0 90.0 90.0
 Parameter: XDIM -> "132.94535"
 Parameter: XDIM -> "132.94535"
 Parameter: XDIM -> "132.94535"
 Crystal Parameters : Crystal Type = CUBI
           A     =  132.94535 B    =  132.94535 C     =  132.94535
           Alpha =   90.00000 Beta =   90.00000 Gamma =   90.00000
  
 CHARMM>    crystal build cutoff @cutim noper 0
 Parameter: CUTIM -> "14"
 XBUILD> Building all transformations with a minimum atom-atom
         contact distance of less than   14.00 Angstroms.

 Range of Grid Search for Transformation     1 :
 Lattice Vector A    -2 TO     2
 Lattice Vector B    -2 TO     2
 Lattice Vector C    -2 TO     2


 The number of transformations generated =    14


 Number  Symop   A   B   C   Distance

      1      1  -1   0  -1     2.3975
      2      1   0   0  -1     2.5378
      3      1  -1  -1   0     3.8161
      4      1  -1   0   0     2.7679
      5      1  -1   1   0     7.5096
      6      1   0  -1   0     5.6811
      7      1   0   1   0     5.6811
      8      1  -1   0   1     8.8912
      9      1   0   0   1     2.5378
     10      1   1   0   1     2.3975
     11      1   1   1   0     3.8161
     12      1   1   0   0     2.7679
     13      1   1  -1   0     7.5096
     14      1   1   0  -1     8.8912
                     THERE ARE NO ROTATIONS FOR THIS TRANSFORMATION SET
    14 Transformations have been processed.

  
 CHARMM>    image byseg xcen @cen ycen @cen zcen @cen sele protein end
 Parameter: CEN -> "66.472675"
 Parameter: CEN -> "66.472675"
 Parameter: CEN -> "66.472675"
 SELRPN>  14420 atoms have been selected out of 170936
 IMAGE CENTERING ON FOR SOME ATOMS
  
 CHARMM>    image byres xcen @cen ycen @cen zcen @cen sele water .or. ions end
 Parameter: CEN -> "66.472675"
 Parameter: CEN -> "66.472675"
 Parameter: CEN -> "66.472675"
 SELRPN> 156516 atoms have been selected out of 170936
 IMAGE CENTERING ON FOR SOME ATOMS
  
 CHARMM>     
  
 CHARMM>    !
 CHARMM>    ! Setup non-bonded forces
 CHARMM>    !
 CHARMM>    set ftx 144
 Parameter: FTX <- "144"
  
 CHARMM>    set fty 144
 Parameter: FTY <- "144"
  
 CHARMM>    set ftz 144
 Parameter: FTZ <- "144"
  
 CHARMM>    NBONDED inbfrq -1 imgfrq -1 nbxmod 5 -                                              ! C36 DEFAULTS
 CHARMM>            atom cdiel fshift -                                                         ! use atom based electrostatics, C36 DEFAULTS
 CHARMM>            vatom vdistance vfswitch -                                                  ! C36 DEFAULTS
 CHARMM>            elec ewald pmew fftx @ftx ffty @fty fftz @ftz kappa .34 spline order 6 -    ! PME SUMMATION
 CHARMM>            cutnb 14.0 ctofnb 12.0 ctonnb 10.0 -                                        ! C36 DEFAULTS
 CHARMM>            cutim @cutim -                                                                ! must be same as cutnb
 CHARMM>            eps 1.0 e14fac 1.0 wmin 1.5                                                 ! C36 DEFAULTS
 Parameter: FTX -> "144"
 Parameter: FTY -> "144"
 Parameter: FTZ -> "144"
 Parameter: CUTIM -> "14"

 SELECTED IMAGES ATOMS BEING CENTERED ABOUT 66.472675 66.472675 66.472675
 RESIDUE11262 OPERATED ON BY TRANSFORMATION C006
 RESIDUE16738 OPERATED ON BY TRANSFORMATION C009
 RESIDUE20168 OPERATED ON BY TRANSFORMATION C006
 RESIDUE20453 OPERATED ON BY TRANSFORMATION C007
 RESIDUE20567 OPERATED ON BY TRANSFORMATION C004
 RESIDUE20638 OPERATED ON BY TRANSFORMATION C002
 RESIDUE20891 OPERATED ON BY TRANSFORMATION C009
 RESIDUE21095 OPERATED ON BY TRANSFORMATION C002
 RESIDUE22672 OPERATED ON BY TRANSFORMATION C002
 RESIDUE22948 OPERATED ON BY TRANSFORMATION C006
 RESIDUE23082 OPERATED ON BY TRANSFORMATION C002
 RESIDUE23099 OPERATED ON BY TRANSFORMATION C009
 RESIDUE23463 OPERATED ON BY TRANSFORMATION C009
 RESIDUE24100 OPERATED ON BY TRANSFORMATION C012
 RESIDUE24398 OPERATED ON BY TRANSFORMATION C007
 RESIDUE25707 OPERATED ON BY TRANSFORMATION C009
 RESIDUE25916 OPERATED ON BY TRANSFORMATION C002
 RESIDUE26600 OPERATED ON BY TRANSFORMATION C006
 RESIDUE26833 OPERATED ON BY TRANSFORMATION C006
 RESIDUE27308 OPERATED ON BY TRANSFORMATION C009
 RESIDUE27449 OPERATED ON BY TRANSFORMATION C009
 RESIDUE27468 OPERATED ON BY TRANSFORMATION C009
 RESIDUE28516 OPERATED ON BY TRANSFORMATION C002
 RESIDUE28570 OPERATED ON BY TRANSFORMATION C012
 RESIDUE28583 OPERATED ON BY TRANSFORMATION C006
 RESIDUE28592 OPERATED ON BY TRANSFORMATION C004
 RESIDUE28866 OPERATED ON BY TRANSFORMATION C007
 RESIDUE29119 OPERATED ON BY TRANSFORMATION C007
 RESIDUE30448 OPERATED ON BY TRANSFORMATION C006
 RESIDUE30704 OPERATED ON BY TRANSFORMATION C007
 RESIDUE31066 OPERATED ON BY TRANSFORMATION C006
 RESIDUE31277 OPERATED ON BY TRANSFORMATION C006
 RESIDUE31897 OPERATED ON BY TRANSFORMATION C012
 RESIDUE32778 OPERATED ON BY TRANSFORMATION C002
 RESIDUE33668 OPERATED ON BY TRANSFORMATION C002
 RESIDUE34670 OPERATED ON BY TRANSFORMATION C002
 RESIDUE34912 OPERATED ON BY TRANSFORMATION C009
 RESIDUE34929 OPERATED ON BY TRANSFORMATION C002
 RESIDUE35113 OPERATED ON BY TRANSFORMATION C009
 RESIDUE35910 OPERATED ON BY TRANSFORMATION C004
 RESIDUE36252 OPERATED ON BY TRANSFORMATION C004
 RESIDUE38532 OPERATED ON BY TRANSFORMATION C004
 RESIDUE39963 OPERATED ON BY TRANSFORMATION C006
 RESIDUE40440 OPERATED ON BY TRANSFORMATION C009
 RESIDUE40457 OPERATED ON BY TRANSFORMATION C009
 RESIDUE41202 OPERATED ON BY TRANSFORMATION C009
 RESIDUE41242 OPERATED ON BY TRANSFORMATION C007
 RESIDUE41552 OPERATED ON BY TRANSFORMATION C012
 RESIDUE41559 OPERATED ON BY TRANSFORMATION C002
 RESIDUE41992 OPERATED ON BY TRANSFORMATION C009
 RESIDUE42142 OPERATED ON BY TRANSFORMATION C006
 RESIDUE42661 OPERATED ON BY TRANSFORMATION C006
 RESIDUE42701 OPERATED ON BY TRANSFORMATION C012
 RESIDUE42818 OPERATED ON BY TRANSFORMATION C002
 RESIDUE43291 OPERATED ON BY TRANSFORMATION C012
 RESIDUE44775 OPERATED ON BY TRANSFORMATION C006
 RESIDUE47484 OPERATED ON BY TRANSFORMATION C002
 RESIDUE47615 OPERATED ON BY TRANSFORMATION C009
 RESIDUE48455 OPERATED ON BY TRANSFORMATION C002
 RESIDUE49044 OPERATED ON BY TRANSFORMATION C002
 RESIDUE49386 OPERATED ON BY TRANSFORMATION C004
 RESIDUE49584 OPERATED ON BY TRANSFORMATION C009
 RESIDUE52377 OPERATED ON BY TRANSFORMATION C004
 RESIDUE52544 OPERATED ON BY TRANSFORMATION C012
 RESIDUE52558 OPERATED ON BY TRANSFORMATION C004
 RESIDUE52718 OPERATED ON BY TRANSFORMATION C004
 RESIDUE52871 OPERATED ON BY TRANSFORMATION C004

 <MKIMAT2>: updating the image atom lists and remapping
 Transformation   Atoms  Groups  Residues  Min-Distance
    1  C001 has     475     159     159        0.00
    2  C002 has    4569    1527    1527        0.00
    3  C003 has     189      63      63        0.00
    4  C004 has   17602    5884    5884        0.00
    5  C005 has    1186     396     396        0.00
    6  C006 has    3023    1009    1009        0.00
    8  C008 has    1382     462     462        0.00
 Total of    199362 atoms and     66172 groups and     62822 residues were included

 <PME> Total heap storage needed =    13041875
 Fill Ewald table: Number of points=     10000 EWXmax=    4.250000
 fill erfc table: linear inter has rms error = 0.979220D-08 maximum error = 0.218740D-07
 fill erfc table: cubic spline has rms error = 0.360331D-11 maximum error = 0.108438D-10

 NONBOND OPTION FLAGS: 
     ELEC     VDW      ATOMs    CDIElec  FSHIft   VATOm    VFSWIt  
     BYGRoup  NOEXtnd  EWALd   
 CUTNB  = 14.000 CTEXNB =999.000 CTONNB = 10.000 CTOFNB = 12.000
 CGONNB =  0.000 CGOFNB = 10.000
 WMIN   =  1.500 WRNMXD =  0.500 E14FAC =  1.000 EPS    =  1.000
 NBXMOD =      5
 PME EWALD OPTIONS: KAPPA  =  0.340  QCOR =  0.000  Bspline order = 6
 FFTX= 144  FFTY= 144  FFTZ= 144
                Using Pub FFT
                Real-to-Complex FFT
 There are        0 atom  pairs and        0 atom  exclusions.
 There are        0 group pairs and        0 group exclusions.
 <MAKINB> with mode   5 found 197169 exclusions and  37937 interactions(1-4)
 <MAKGRP> found  12527 group exclusions.
 <MAKGRP> found      0 image group exclusions.
 Generating nonbond list with Exclusion mode = 5
 == PRIMARY == SPACE FOR 49118745 ATOM PAIRS AND        0 GROUP PAIRS
 == PRIMARY == SPACE FOR 73678128 ATOM PAIRS AND        0 GROUP PAIRS
 == PRIMARY == SPACE FOR110517216 ATOM PAIRS AND        0 GROUP PAIRS

 General atom nonbond list generation found:
 84530756 ATOM PAIRS WERE FOUND FOR ATOM LIST
  4995362 GROUP PAIRS REQUIRED ATOM SEARCHES

 SPACE FOR 14067046 ATOM PAIRS AND        0 GROUP PAIRS

 Image nonbond list generation found:
  6546163 ATOM PAIRS WERE FOUND FOR ATOM LIST
        0 ATOM PAIRS WERE FOUND FOR ATOM SELF LIST
   490033 GROUP PAIRS REQUIRED ATOM SEARCHES

  
 CHARMM>     
  
 CHARMM>    faster on
 MISCOM> FAST option: EXPANDED (limited fast routines)
  
 CHARMM>    omm on
Energy and dynamics calculations will use OpenMM.
  
 CHARMM>    shake fast bonh tol 1.0e-8 para
 SHKCOM> SHAKE parameters: TOL =   0.1000D-07 MXITer =    500

          163262 constraints will held by SHAKE.
 FSSHKINI: Fast shake initialized with    7052 bond contraints and    52070 water constraints (3-center).
 FSSHKINI:     7052 constraints are in groups of:    52070
 FSSHKINI:   2728 2-body (CH),   1346 3-body(CH2),    544 4-body(CH3),      0 >4-body. 
 FSSHKINI: Fast shake initialized with    7052 bond contraints and    52070 water constraints (3-center).
 FSSHKINI:     7052 constraints are in groups of:    52070
 FSSHKINI:   2728 2-body (CH),   1346 3-body(CH2),    544 4-body(CH3),      0 >4-body. 
  
 CHARMM>    set echeck = echeck -1
 Parameter: ECHECK <- "ECHECK -1"
  
 CHARMM>    coor copy comp
 SELECTED COORDINATES COPIED TO THE COMPARISON SET.

  
 CHARMM>    !
 CHARMM>    ! DYNAMICS PARAMETERS
 CHARMM>    !
 CHARMM>    set nsteps 1000  !000 ! 20ps of equilibration
 Parameter: NSTEPS <- "1000"
  
 CHARMM>    set nwrite 100   ! Write out ever 0.2ps
 Parameter: NWRITE <- "100"
  
 CHARMM>     
  
 CHARMM>    !
 CHARMM>    ! EQUILIBRATION
 CHARMM>    !
 CHARMM>    energy omm

 SELECTED IMAGES ATOMS BEING CENTERED ABOUT 66.472675 66.472675 66.472675

 <MKIMAT2>: updating the image atom lists and remapping
 Transformation   Atoms  Groups  Residues  Min-Distance
    1  C001 has     475     159     159        0.00
    2  C002 has    4569    1527    1527        0.00
    3  C003 has     189      63      63        0.00
    4  C004 has   17602    5884    5884        0.00
    5  C005 has    1186     396     396        0.00
    6  C006 has    3023    1009    1009        0.00
    8  C008 has    1382     462     462        0.00
 Total of    199362 atoms and     66172 groups and     62822 residues were included

 <MAKGRP> found      0 image group exclusions.

 NONBOND OPTION FLAGS: 
     ELEC     VDW      ATOMs    CDIElec  FSHIft   VATOm    VFSWIt  
     BYGRoup  NOEXtnd  EWALd   
 CUTNB  = 14.000 CTEXNB =999.000 CTONNB = 10.000 CTOFNB = 12.000
 CGONNB =  0.000 CGOFNB = 10.000
 WMIN   =  1.500 WRNMXD =  0.500 E14FAC =  1.000 EPS    =  1.000
 NBXMOD =      5
 PME EWALD OPTIONS: KAPPA  =  0.340  QCOR =  0.000  Bspline order = 6
 FFTX= 144  FFTY= 144  FFTZ= 144
                Using Pub FFT
                Real-to-Complex FFT
 There are 84530756 atom  pairs and   235106 atom  exclusions.
 There are        0 group pairs and    12527 group exclusions.
 Generating nonbond list with Exclusion mode = 5
 == PRIMARY == SPACE FOR110517216 ATOM PAIRS AND        0 GROUP PAIRS

 General atom nonbond list generation found:
 84530756 ATOM PAIRS WERE FOUND FOR ATOM LIST
  4995362 GROUP PAIRS REQUIRED ATOM SEARCHES

 SPACE FOR 14067046 ATOM PAIRS AND        0 GROUP PAIRS

 Image nonbond list generation found:
  6546163 ATOM PAIRS WERE FOUND FOR ATOM LIST
        0 ATOM PAIRS WERE FOUND FOR ATOM SELF LIST
   490033 GROUP PAIRS REQUIRED ATOM SEARCHES

get_PlatformDefaults> Finding default platform values
get_PlatformDefaults> Default values found: platform=CUDA precision=mixed deviceid=0
Setup_OpenMM: Initializing OpenMM context
CHARMM> Using switching functions for vdW interactions and OpenMM PME/RxnFld for electrostatics
CHARMM> Using OpenMM nb routines.
CHARMM> configuring OpenMM PME with
        alpha     0.3400
        fft  144  144  144

NBFIxes in effect, using CustomNonbondedForce
CHARMM> OpenMM switching function selection.
CHARMM> Electrostatic options: switch=F fswitch=F fshift=F PME/Ewald=T RxnFld=F
CHARMM> van der Waals options: vswitch=F vfswitch=T OpenMM vdW switch=F
 Available OpenMM platform 0: Reference 
 Available OpenMM platform 1: CPU       
 Available OpenMM platform 2: CUDA      
 Available OpenMM platform 3: OpenCL    
Init_context: Using OpenMM platform CUDA      
       CudaDeviceIndex = 0
       CudaCompiler = /usr/local/cuda/bin/nvcc
       CudaPrecision = mixed
ENER ENR:  Eval#     ENERgy      Delta-E         GRMS
ENER INTERN:          BONDs       ANGLes       UREY-b    DIHEdrals    IMPRopers
ENER CROSS:           CMAPs        PMF1D        PMF2D        PRIMO
ENER EXTERN:        VDWaals         ELEC       HBONds          ASP         USER
 ----------       ---------    ---------    ---------    ---------    ---------
ENER>        0-540785.49606      0.00000     13.67458
ENER INTERN>     3726.83467   7175.31062      0.00000   9598.85250    434.89782
ENER CROSS>      -471.34724      0.00000      0.00000      0.00000
ENER EXTERN>  -561250.04450      0.00000      0.00000      0.00000      0.00000
 ----------       ---------    ---------    ---------    ---------    ---------
  
 CHARMM>     
  
 CHARMM>    set startres 10
 Parameter: STARTRES <- "10"
  
 CHARMM>    set endres 0
 Parameter: ENDRES <- "0"
  
 CHARMM>    set incres 1
 Parameter: INCRES <- "1"
  
 CHARMM>    set curres @startres
 Parameter: STARTRES -> "10"
 Parameter: CURRES <- "10"
  
 CHARMM>     
  
 CHARMM>    label loop
  
 CHARMM>     
  
 CHARMM>        if @curres .eq. @startres then
 Parameter: CURRES -> "10"
 Parameter: STARTRES -> "10"
 Comparing "10" and "10".
 IF test evaluated as true.  Performing command
  
 CHARMM>            open read card unit 10 name  ../common/2agy-heating-310.res
 VOPEN> Attempting to open::../common/2agy-heating-310.res::
 OPNLGU> Unit 10 opened for READONLY access to ../common/2agy-heating-310.res
  
 CHARMM>        endif
  
 CHARMM>     
  
 CHARMM>        if @curres .lt. @startres then
 Parameter: CURRES -> "10"
 Parameter: STARTRES -> "10"
 Comparing "10" and "10".
 IF test evaluated as false.  Skip to ELSE or ENDIF
  
 CHARMM>     
  
 CHARMM>        open write card unit 11 name 2agy-equil-310-1-res-@curres.res
 Parameter: CURRES -> "10"
 VOPEN> Attempting to open::2agy-equil-310-1-res-10.res::
 OPNLGU> Unit 11 opened for WRITE access to 2agy-equil-310-1-res-10.res
  
 CHARMM>        open write file unit 12 name 2agy-equil-310-1-res-@curres.dcd
 Parameter: CURRES -> "10"
 VOPEN> Attempting to open::2agy-equil-310-1-res-10.dcd::
 OPNLGU> Unit 12 opened for WRITE access to 2agy-equil-310-1-res-10.dcd
  
 CHARMM>     
  
 CHARMM>    	!cons harm absolute expo 2 force @curres sele backbone_prot end mass comp
  
 CHARMM>     
  
 CHARMM>        dynamics leap restart timestep 0.002 -
 CHARMM>             nstep @nsteps nprint @nwrite iprfrq @nwrite iunwri 11 iunread 10 -
 CHARMM>             firstt 310 finalt 310  -
 CHARMM>             iuncrd 12 nsavc @nwrite -
 CHARMM>             ichecw 0 ihtfrq 0 ieqfrq 0 -
 CHARMM>             iasors 1 iasvel 1 iscvel 0  -
 CHARMM>             ilbfrq 0 inbfrq -1 imgfrq -1 @echeck bycb -
 CHARMM>             ntrfq 100 -
 CHARMM>             omm langevin gamma 1 prmc pref 1.0 iprsfrq 25
 Parameter: NSTEPS -> "1000"
 Parameter: NWRITE -> "100"
 Parameter: NWRITE -> "100"
 Parameter: NWRITE -> "100"
 Parameter: ECHECK -> "ECHECK -1"
  IUNREA = 10         IUNWRI = 11          IUNOS = -1
  IUNCRD = 12         IUNVEL = -1          KUNIT = -1
 TITLE>  * 2AGY INTERMEDIATE OUTPUT.  HEATED TO 285 K
 TITLE>  *  DATE:    12/ 9/16     11: 4:20      CREATED BY USER: ra15808
 TITLE>  *
 READYN> dynamics restart file was read. Current step=   65000
 NSTEP  =  5000  JHSTRT =     0

 SELECTED IMAGES ATOMS BEING CENTERED ABOUT 66.472675 66.472675 66.472675

 NONBOND OPTION FLAGS: 
     ELEC     VDW      ATOMs    CDIElec  FSHIft   VATOm    VFSWIt  
     BYCB     NOEXtnd  EWALd   
 CUTNB  = 14.000 CTEXNB =999.000 CTONNB = 10.000 CTOFNB = 12.000
 CGONNB =  0.000 CGOFNB = 10.000
 WMIN   =  1.500 WRNMXD =  0.500 E14FAC =  1.000 EPS    =  1.000
 NBXMOD =      5
 PME EWALD OPTIONS: KAPPA  =  0.340  QCOR =  0.000  Bspline order = 6
 FFTX= 144  FFTY= 144  FFTZ= 144
                Using Pub FFT
                Real-to-Complex FFT
 There are 84530756 atom  pairs and   235106 atom  exclusions.
 There are        0 group pairs and    12527 group exclusions.
Using Image CUBE search
Using Image CUBE search
 PRNHBD: CUToff Hydrogen Bond  distance =    0.5000   Angle =   90.0000
         CuT switching ON HB dist. =     3.5000  OFf HB dist. =    4.0000
         CuT switching ON Hb Angle =    50.0000  OFf Hb Angle =   70.0000
         ACCEptor antecedents included
         All hydrogen bonds for each hydrogen will be found
         Hydrogen bonds between excluded atoms will be kept

 DCNTRL> Langevin integration requested.
 DCNTRL>  OpenMM interface requested for energy and dynamics calculations.
 DCNTRL>  Constant temperature w/ OpenMM using Langevin heatbath requested.
 DCNTRL>  Reference heatbath temperature is   310.000K
 DCNTRL>  Using friction coefficient value of     1.000  ps^-1
 DCNTRL>  CPT dynamics through OpenMM interface requested using Langevin heatbath.
 DCNTRL>  MC barostat coupled to reference pressure    1.00  atmospheres.
 DCNTRL>  MC barostat using reference temperature  310.00  K.
 DCNTRL>  MC barostat volume move attempted every     25  timesteps.
   NSTEP =     1000    NSAVC =      100    NSAVV =       10
  ISCALE =        0   ISCVEL =        0   IASORS =        1
  IASVEL =        1   ICHECW =        0   NTRFRQ =      100
  IHTFRQ =        0   IEQFRQ =        0   NPRINT =      100
  INBFRQ =       -1   IHBFRQ =        0   IPRFRQ =     1000
  ILBFRQ =        0   IMGFRQ =       -1
  ISVFRQ =        0   NCYCLE =     1000    NSNOS =       10
  FIRSTT =   310.000  TEMINC =     5.000  TSTRUC =  -999.000
  FINALT =   310.000  TWINDH =    10.000  TWINDL =   -10.000

  TIME STEP =  4.09097E-02 AKMA       2.00000E-03 PS

  RANDOM NUM. GEN. SEED(S) = 102341181 285392457 1260905752 1355553095

           SHAKE TOLERANCE =     0.10000E-07
 NUMBER OF DEGREES OF FREEDOM = 349546
OpenMM integrator options changed
Destroying OpenMM context
Setup_OpenMM: Initializing OpenMM context
CHARMM> Using switching functions for vdW interactions and OpenMM PME/RxnFld for electrostatics
CHARMM> Using OpenMM nb routines.
CHARMM> configuring OpenMM PME with
        alpha     0.3400
        fft  144  144  144

NBFIxes in effect, using CustomNonbondedForce
CHARMM> OpenMM switching function selection.
CHARMM> Electrostatic options: switch=F fswitch=F fshift=F PME/Ewald=T RxnFld=F
CHARMM> van der Waals options: vswitch=F vfswitch=T OpenMM vdW switch=F
 Available OpenMM platform 0: Reference 
 Available OpenMM platform 1: CPU       
 Available OpenMM platform 2: CUDA      
 Available OpenMM platform 3: OpenCL    
Init_context: Using OpenMM platform CUDA      
       CudaDeviceIndex = 0
       CudaCompiler = /usr/local/cuda/bin/nvcc
       CudaPrecision = mixed
DYNA DYN: Step         Time      TOTEner        TOTKe       ENERgy  TEMPerature
DYNA PROP:             GRMS      HFCTote        HFCKe       EHFCor        VIRKe
DYNA INTERN:          BONDs       ANGLes       UREY-b    DIHEdrals    IMPRopers
DYNA CROSS:           CMAPs        PMF1D        PMF2D        PRIMO
DYNA EXTERN:        VDWaals         ELEC       HBONds          ASP         USER
DYNA PRESS:            VIRE         VIRI       PRESSE       PRESSI       VOLUme
 ----------       ---------    ---------    ---------    ---------    ---------
DYNA>        0    130.00000-433152.63176 107632.86443-540785.49619    309.90669
DYNA PROP>          0.00000      0.00000      0.00000      0.00000      0.00000
DYNA INTERN>     3726.83467   7175.31062      0.00000   9598.85250    434.89782
DYNA CROSS>      -471.34724      0.00000      0.00000      0.00000
DYNA EXTERN>  -561250.04443      0.00000      0.00000      0.00000      0.00000
DYNA PRESS>          0.0000       0.0000       0.0000       0.0000 2349738.0799
 ----------       ---------    ---------    ---------    ---------    ---------
 Crystal Parameters : Crystal Type = CUBI
      DYNA A     =  132.94535 B    =  132.94535 C     =  132.94535
      DYNA Alpha =   90.00000 Beta =   90.00000 Gamma =   90.00000
      DYNA PIXX =        0.00 PIYY =       0.00 PIZZ =       0.00
      DYNA PIXY =        0.00 PIXZ =       0.00 PIYZ =       0.00
      DYNA Gradient Norm =    0.00000

DYNA>      100    130.20000-433203.79329 107072.80904-540276.60233    308.29412
DYNA PROP>          0.00000      0.00000      0.00000      0.00000      0.00000
DYNA INTERN>     3995.65705   7324.21057      0.00000   9644.09950    538.54616
DYNA CROSS>      -443.06347      0.00000      0.00000      0.00000
DYNA EXTERN>  -561336.05320      0.00000      0.00000      0.00000      0.00000
DYNA PRESS>          0.0000       0.0000       0.0000       0.0000 2349738.0799
 ----------       ---------    ---------    ---------    ---------    ---------
 Crystal Parameters : Crystal Type = CUBI
      DYNA A     =  132.94535 B    =  132.94535 C     =  132.94535
      DYNA Alpha =   90.00000 Beta =   90.00000 Gamma =   90.00000
      DYNA PIXX =        0.00 PIYY =       0.00 PIZZ =       0.00
      DYNA PIXY =        0.00 PIXZ =       0.00 PIYZ =       0.00
      DYNA Gradient Norm =    0.00000

DYNA>      200    130.40000-433202.29621 107042.45102-540244.74722    308.20671
DYNA PROP>          0.00000      0.00000      0.00000      0.00000      0.00000
DYNA INTERN>     3938.25678   7463.76641      0.00000   9601.60658    534.13263
DYNA CROSS>      -426.05664      0.00000      0.00000      0.00000
DYNA EXTERN>  -561356.45401      0.00000      0.00000      0.00000      0.00000
DYNA PRESS>          0.0000       0.0000       0.0000       0.0000 2349738.0799
 ----------       ---------    ---------    ---------    ---------    ---------
 Crystal Parameters : Crystal Type = CUBI
      DYNA A     =  132.94535 B    =  132.94535 C     =  132.94535
      DYNA Alpha =   90.00000 Beta =   90.00000 Gamma =   90.00000
      DYNA PIXX =        0.00 PIYY =       0.00 PIZZ =       0.00
      DYNA PIXY =        0.00 PIXZ =       0.00 PIYZ =       0.00
      DYNA Gradient Norm =    0.00000

DYNA>      300    130.60000-432839.81154 107032.49327-539872.30482    308.17804
DYNA PROP>          0.00000      0.00000      0.00000      0.00000      0.00000
DYNA INTERN>     3923.28279   7480.92948      0.00000   9572.32818    498.06132
DYNA CROSS>      -410.89451      0.00000      0.00000      0.00000
DYNA EXTERN>  -560936.01337      0.00000      0.00000      0.00000      0.00000
DYNA PRESS>          0.0000       0.0000       0.0000       0.0000 2349738.0799
 ----------       ---------    ---------    ---------    ---------    ---------
 Crystal Parameters : Crystal Type = CUBI
      DYNA A     =  132.94535 B    =  132.94535 C     =  132.94535
      DYNA Alpha =   90.00000 Beta =   90.00000 Gamma =   90.00000
      DYNA PIXX =        0.00 PIYY =       0.00 PIZZ =       0.00
      DYNA PIXY =        0.00 PIXZ =       0.00 PIYZ =       0.00
      DYNA Gradient Norm =    0.00000

DYNA>      400    130.80000-432662.27738 107335.66971-539997.94709    309.05097
DYNA PROP>          0.00000      0.00000      0.00000      0.00000      0.00000
DYNA INTERN>     3978.86505   7460.52508      0.00000   9598.17098    525.24204
DYNA CROSS>      -437.89883      0.00000      0.00000      0.00000
DYNA EXTERN>  -561122.85360      0.00000      0.00000      0.00000      0.00000
DYNA PRESS>          0.0000       0.0000       0.0000       0.0000 2349738.0799
 ----------       ---------    ---------    ---------    ---------    ---------
 Crystal Parameters : Crystal Type = CUBI
      DYNA A     =  132.94535 B    =  132.94535 C     =  132.94535
      DYNA Alpha =   90.00000 Beta =   90.00000 Gamma =   90.00000
      DYNA PIXX =        0.00 PIYY =       0.00 PIZZ =       0.00
      DYNA PIXY =        0.00 PIXZ =       0.00 PIYZ =       0.00
      DYNA Gradient Norm =    0.00000

DYNA>      500    131.00000-432391.89638 107390.40347-539782.29985    309.20857
DYNA PROP>          0.00000      0.00000      0.00000      0.00000      0.00000
DYNA INTERN>     3992.98510   7536.54935      0.00000   9544.30676    527.78786
DYNA CROSS>      -396.08301      0.00000      0.00000      0.00000
DYNA EXTERN>  -560987.84615      0.00000      0.00000      0.00000      0.00000
DYNA PRESS>          0.0000       0.0000       0.0000       0.0000 2349738.0799
 ----------       ---------    ---------    ---------    ---------    ---------
 Crystal Parameters : Crystal Type = CUBI
      DYNA A     =  132.94535 B    =  132.94535 C     =  132.94535
      DYNA Alpha =   90.00000 Beta =   90.00000 Gamma =   90.00000
      DYNA PIXX =        0.00 PIYY =       0.00 PIZZ =       0.00
      DYNA PIXY =        0.00 PIXZ =       0.00 PIYZ =       0.00
      DYNA Gradient Norm =    0.00000

DYNA>      600    131.20000-432236.90941 108026.83268-540263.74208    311.04104
DYNA PROP>          0.00000      0.00000      0.00000      0.00000      0.00000
DYNA INTERN>     4007.74825   7535.57665      0.00000   9577.25211    509.47844
DYNA CROSS>      -419.38686      0.00000      0.00000      0.00000
DYNA EXTERN>  -561474.41367      0.00000      0.00000      0.00000      0.00000
DYNA PRESS>          0.0000       0.0000       0.0000       0.0000 2349738.0799
 ----------       ---------    ---------    ---------    ---------    ---------
 Crystal Parameters : Crystal Type = CUBI
      DYNA A     =  132.94535 B    =  132.94535 C     =  132.94535
      DYNA Alpha =   90.00000 Beta =   90.00000 Gamma =   90.00000
      DYNA PIXX =        0.00 PIYY =       0.00 PIZZ =       0.00
      DYNA PIXY =        0.00 PIXZ =       0.00 PIYZ =       0.00
      DYNA Gradient Norm =    0.00000

DYNA>      700    131.40000-432129.58996 107474.81834-539604.40830    309.45162
DYNA PROP>          0.00000      0.00000      0.00000      0.00000      0.00000
DYNA INTERN>     4110.87215   7479.25730      0.00000   9595.01865    520.86509
DYNA CROSS>      -425.43332      0.00000      0.00000      0.00000
DYNA EXTERN>  -560884.99221      0.00000      0.00000      0.00000      0.00000
DYNA PRESS>          0.0000       0.0000       0.0000       0.0000 2349738.0799
 ----------       ---------    ---------    ---------    ---------    ---------
 Crystal Parameters : Crystal Type = CUBI
      DYNA A     =  132.94535 B    =  132.94535 C     =  132.94535
      DYNA Alpha =   90.00000 Beta =   90.00000 Gamma =   90.00000
      DYNA PIXX =        0.00 PIYY =       0.00 PIZZ =       0.00
      DYNA PIXY =        0.00 PIXZ =       0.00 PIYZ =       0.00
      DYNA Gradient Norm =    0.00000

DYNA>      800    131.60000-431847.73507 107540.23334-539387.96840    309.63997
DYNA PROP>          0.00000      0.00000      0.00000      0.00000      0.00000
DYNA INTERN>     4036.90926   7582.00610      0.00000   9555.91393    479.82186
DYNA CROSS>      -446.81012      0.00000      0.00000      0.00000
DYNA EXTERN>  -560595.81246      0.00000      0.00000      0.00000      0.00000
DYNA PRESS>          0.0000       0.0000       0.0000       0.0000 2349738.0799
 ----------       ---------    ---------    ---------    ---------    ---------
 Crystal Parameters : Crystal Type = CUBI
      DYNA A     =  132.94535 B    =  132.94535 C     =  132.94535
      DYNA Alpha =   90.00000 Beta =   90.00000 Gamma =   90.00000
      DYNA PIXX =        0.00 PIYY =       0.00 PIZZ =       0.00
      DYNA PIXY =        0.00 PIXZ =       0.00 PIYZ =       0.00
      DYNA Gradient Norm =    0.00000

DYNA>      900    131.80000-431615.90151 107799.72233-539415.62384    310.38712
DYNA PROP>          0.00000      0.00000      0.00000      0.00000      0.00000
DYNA INTERN>     4007.73332   7536.83632      0.00000   9598.72181    517.24619
DYNA CROSS>      -427.77515      0.00000      0.00000      0.00000
DYNA EXTERN>  -560648.39020      0.00000      0.00000      0.00000      0.00000
DYNA PRESS>          0.0000       0.0000       0.0000       0.0000 2349738.0799
 ----------       ---------    ---------    ---------    ---------    ---------
 Crystal Parameters : Crystal Type = CUBI
      DYNA A     =  132.94535 B    =  132.94535 C     =  132.94535
      DYNA Alpha =   90.00000 Beta =   90.00000 Gamma =   90.00000
      DYNA PIXX =        0.00 PIYY =       0.00 PIZZ =       0.00
      DYNA PIXY =        0.00 PIXZ =       0.00 PIYZ =       0.00
      DYNA Gradient Norm =    0.00000

DYNA>     1000    132.00000-431481.83619 107976.60185-539458.43804    310.89641
DYNA PROP>          0.00000      0.00000      0.00000      0.00000      0.00000
DYNA INTERN>     4026.03680   7560.88715      0.00000   9628.65399    519.67230
DYNA CROSS>      -424.64681      0.00000      0.00000      0.00000
DYNA EXTERN>  -560769.04148      0.00000      0.00000      0.00000      0.00000
DYNA PRESS>          0.0000       0.0000       0.0000       0.0000 2351923.9052
 ----------       ---------    ---------    ---------    ---------    ---------
 Crystal Parameters : Crystal Type = CUBI
      DYNA A     =  132.98656 B    =  132.98656 C     =  132.98656
      DYNA Alpha =   90.00000 Beta =   90.00000 Gamma =   90.00000
      DYNA PIXX =        0.00 PIYY =       0.00 PIZZ =       0.00
      DYNA PIXY =        0.00 PIXZ =       0.00 PIYZ =       0.00
      DYNA Gradient Norm =    0.00000


     10   COORDINATE SETS STARTING FROM
     STEP NO    65100   FOR EVERY   100  STEPS
     WRITTEN ON UNIT   12

 VCLOSE: Closing unit   12 with status "KEEP"
 DYNAMC> Averages for the last 1000 steps:
AVER DYN: Step         Time      TOTEner        TOTKe       ENERgy  TEMPerature
AVER PROP:             GRMS      HFCTote        HFCKe       EHFCor        VIRKe
AVER INTERN:          BONDs       ANGLes       UREY-b    DIHEdrals    IMPRopers
AVER CROSS:           CMAPs        PMF1D        PMF2D        PRIMO
AVER EXTERN:        VDWaals         ELEC       HBONds          ASP         USER
AVER PRESS:            VIRE         VIRI       PRESSE       PRESSI       VOLUme
 ----------       ---------    ---------    ---------    ---------    ---------
AVER>     1000    132.00000-432433.15261 107484.08177-539917.23438    309.47830
AVER PROP>          0.00000      0.00000      0.00000      0.00000      0.00000
AVER INTERN>     3976.83466   7466.89591      0.00000   9592.26591    509.61379
AVER CROSS>      -429.94509      0.00000      0.00000      0.00000
AVER EXTERN>  -561032.90135      0.00000      0.00000      0.00000      0.00000
AVER PRESS>          0.0000       0.0000       0.0000       0.0000 2349936.7913
 ----------       ---------    ---------    ---------    ---------    ---------
 Lattice Parameters> Averages for the last 1000 steps:
 Crystal Parameters : Crystal Type = CUBI
      AVER A     =  132.94910 B    =  132.94910 C     =  132.94910
      AVER Alpha =   90.00000 Beta =   90.00000 Gamma =   90.00000
      AVER PIXX =        0.00 PIYY =       0.00 PIZZ =       0.00
      AVER PIXY =        0.00 PIXZ =       0.00 PIYZ =       0.00
      AVER Gradient Norm =    0.00000

 DYNAMC> RMS fluctuations for the last 1000 steps:
FLUC>     1000    132.00000    600.67905    338.59006    423.96253      0.97490
FLUC PROP>          0.00000      0.00000      0.00000      0.00000      0.00000
FLUC INTERN>       92.13702    113.74862      0.00000     27.74895     28.44824
FLUC CROSS>        18.88534      0.00000      0.00000      0.00000
FLUC EXTERN>      284.21742      0.00000      0.00000      0.00000      0.00000
FLUC PRESS>         0.00000      0.00000      0.00000      0.00000    628.38057
 ----------       ---------    ---------    ---------    ---------    ---------
 Lattice Parameters> RMS fluctuations for the last 1000 steps:
 Crystal Parameters : Crystal Type = CUBI
      FLUC A     =    0.01185 B    =    0.01185 C     =    0.01185
      FLUC Alpha =    0.00000 Beta =    0.00000 Gamma =    0.00000
      FLUC PIXX =        0.00 PIYY =       0.00 PIZZ =       0.00
      FLUC PIXY =        0.00 PIXZ =       0.00 PIYZ =       0.00
      FLUC Gradient Norm =    0.00000


 OpenMM was used to perform energy and force evaluation.


     DETAILS ABOUT CENTRE OF MASS
     POSITION          :    66.173096        58.432262        56.280514    
     VELOCITY          :  -4.44288182E-05  -5.50556874E-06   1.25093927E-05
     ANGULAR MOMENTUM  :   -35875.461       -29304.002       -29599.367    
     KINETIC ENERGY    :   1.13637950E-03
 WRIDYN: RESTart file was written at step   66000
 VCLOSE: Closing unit   11 with status "KEEP"

     DETAILS ABOUT CENTRE OF MASS
     POSITION          :    66.173096        58.432262        56.280514    
     VELOCITY          :  -4.44288182E-05  -5.50556874E-06   1.25093927E-05
     ANGULAR MOMENTUM  :   -35875.461       -29304.002       -29599.367    
     KINETIC ENERGY    :   1.13637950E-03
  
 CHARMM>     
  
 CHARMM>        coor rms comp sele backbone_prot end
 SELRPN>   3780 atoms have been selected out of 170936
 TOTAL SQUARE DIFF IS************  DENOMINATOR IS   3780.0000
       THUS RMS DIFF IS  105.156769
 RMS FOUND FOR SELECTED COORDINATES WITHOUT ROTATION
  
 CHARMM>        coor rms comp sele segid BT* .or. segid AL* end
 SELRPN>  14420 atoms have been selected out of 170936
 TOTAL SQUARE DIFF IS************  DENOMINATOR IS  14420.0000
       THUS RMS DIFF IS  105.333888
 RMS FOUND FOR SELECTED COORDINATES WITHOUT ROTATION
  
 CHARMM>     
  
 CHARMM>        !update inbfrq 0
  
 CHARMM>     
  
 CHARMM>        !echo ?XTLA
  
 CHARMM>        !echo ?XTLB
  
 CHARMM>        !echo ?XTLC
  
 CHARMM>     
  
 CHARMM>        !coordinate statistics select all end
  
 CHARMM>        !
  
 CHARMM>        !calc xdim = abs ( ?XMAX - ?XMIN )
  
 CHARMM>        !calc ydim = abs ( ?YMAX - ?YMIN )
  
 CHARMM>        !calc zdim = abs ( ?ZMAX - ?ZMIN )
  
 CHARMM>     
  
 CHARMM>        !set xdim 132.94535
  
 CHARMM>        !calc cen @xdim/2
  
 CHARMM>        !set cutim 14
  
 CHARMM>        !
  
 CHARMM>        !crystal defi cubic @xdim @xdim @xdim 90.0 90.0 90.0
  
 CHARMM>        !crystal build cutoff @cutim noper 0
  
 CHARMM>        !image byseg xcen @cen ycen @cen zcen @cen sele protein end
  
 CHARMM>        !image byres xcen @cen ycen @cen zcen @cen sele water .or. ions end
  
 CHARMM>     
  
 CHARMM>     
  
 CHARMM>        !cons harm clear
  
 CHARMM>     
  
 CHARMM>        write coor card name 2agy-equil-310-1-res-@curres.cor
 Parameter: CURRES -> "10"
 VOPEN> Attempting to open::2agy-equil-310-1-res-10.cor::
 RDTITL> * 2AGY EQUILIBRATION INTERMEDIATE OUTPUT.
 RDTITL> *
 VCLOSE: Closing unit   90 with status "KEEP"
 VCLOSE: Closing unit   90 with status "KEEP"
  
 CHARMM>     
  
 CHARMM>     
  
 CHARMM>        set oldres @curres
 Parameter: CURRES -> "10"
 Parameter: OLDRES <- "10"
  
 CHARMM>        calc curres = @curres - @incres
 Parameter: CURRES -> "10"
 Parameter: INCRES -> "1"
Evaluating: 10-1
 Parameter: CURRES <- "9"
  
 CHARMM>        if @curres .ge. @endres goto loop
 Parameter: CURRES -> "9"
 Parameter: ENDRES -> "0"
 Comparing "9" and "0".
 IF test evaluated as true.  Performing command
  
 CHARMM>     
  
 CHARMM>        if @curres .eq. @startres then
 Parameter: CURRES -> "9"
 Parameter: STARTRES -> "10"
 Comparing "9" and "10".
 IF test evaluated as false.  Skip to ELSE or ENDIF
  
 CHARMM>     
  
 CHARMM>        if @curres .lt. @startres then
 Parameter: CURRES -> "9"
 Parameter: STARTRES -> "10"
 Comparing "9" and "10".
 IF test evaluated as true.  Performing command
  
 CHARMM>            open read card unit 10 name  2agy-equil-310-1-res-@oldres.res
 Parameter: OLDRES -> "10"
 OPNLGU> Unit already open. The old file will be closed first.
 VCLOSE: Closing unit   10 with status "KEEP"
 VOPEN> Attempting to open::2agy-equil-310-1-res-10.res::
 OPNLGU> Unit 10 opened for READONLY access to 2agy-equil-310-1-res-10.res
  
 CHARMM>        endif
  
 CHARMM>     
  
 CHARMM>        open write card unit 11 name 2agy-equil-310-1-res-@curres.res
 Parameter: CURRES -> "9"
 VOPEN> Attempting to open::2agy-equil-310-1-res-9.res::
 OPNLGU> Unit 11 opened for WRITE access to 2agy-equil-310-1-res-9.res
  
 CHARMM>        open write file unit 12 name 2agy-equil-310-1-res-@curres.dcd
 Parameter: CURRES -> "9"
 VOPEN> Attempting to open::2agy-equil-310-1-res-9.dcd::
 OPNLGU> Unit 12 opened for WRITE access to 2agy-equil-310-1-res-9.dcd
  
 CHARMM>     
  
 CHARMM>    	!cons harm absolute expo 2 force @curres sele backbone_prot end mass comp
  
 CHARMM>     
  
 CHARMM>        dynamics leap restart timestep 0.002 -
 CHARMM>             nstep @nsteps nprint @nwrite iprfrq @nwrite iunwri 11 iunread 10 -
 CHARMM>             firstt 310 finalt 310  -
 CHARMM>             iuncrd 12 nsavc @nwrite -
 CHARMM>             ichecw 0 ihtfrq 0 ieqfrq 0 -
 CHARMM>             iasors 1 iasvel 1 iscvel 0  -
 CHARMM>             ilbfrq 0 inbfrq -1 imgfrq -1 @echeck bycb -
 CHARMM>             ntrfq 100 -
 CHARMM>             omm langevin gamma 1 prmc pref 1.0 iprsfrq 25
 Parameter: NSTEPS -> "1000"
 Parameter: NWRITE -> "100"
 Parameter: NWRITE -> "100"
 Parameter: NWRITE -> "100"
 Parameter: ECHECK -> "ECHECK -1"
  IUNREA = 10         IUNWRI = 11          IUNOS = -1
  IUNCRD = 12         IUNVEL = -1          KUNIT = -1
 TITLE>  * EQUILIBRATION IN STAGES
 TITLE>  *  DATE:    12/ 9/16     14:59:47      CREATED BY USER: ra15808
 TITLE>  *
 READYN> dynamics restart file was read. Current step=   66000
 NSTEP  =  1000  JHSTRT =     0

 SELECTED IMAGES ATOMS BEING CENTERED ABOUT 66.472675 66.472675 66.472675

 NONBOND OPTION FLAGS: 
     ELEC     VDW      ATOMs    CDIElec  FSHIft   VATOm    VFSWIt  
     BYCB     NOEXtnd  EWALd   
 CUTNB  = 14.000 CTEXNB =999.000 CTONNB = 10.000 CTOFNB = 12.000
 CGONNB =  0.000 CGOFNB = 10.000
 WMIN   =  1.500 WRNMXD =  0.500 E14FAC =  1.000 EPS    =  1.000
 NBXMOD =      5
 PME EWALD OPTIONS: KAPPA  =  0.340  QCOR =  0.000  Bspline order = 6
 FFTX= 144  FFTY= 144  FFTZ= 144
                Using Pub FFT
                Real-to-Complex FFT
 There are 84530756 atom  pairs and   235106 atom  exclusions.
 There are        0 group pairs and    12527 group exclusions.
Using Image CUBE search
 PRNHBD: CUToff Hydrogen Bond  distance =    0.5000   Angle =   90.0000
         CuT switching ON HB dist. =     3.5000  OFf HB dist. =    4.0000
         CuT switching ON Hb Angle =    50.0000  OFf Hb Angle =   70.0000
         ACCEptor antecedents included
         All hydrogen bonds for each hydrogen will be found
         Hydrogen bonds between excluded atoms will be kept

 DCNTRL> Langevin integration requested.
 DCNTRL>  OpenMM interface requested for energy and dynamics calculations.
 DCNTRL>  Constant temperature w/ OpenMM using Langevin heatbath requested.
 DCNTRL>  Reference heatbath temperature is   310.000K
 DCNTRL>  Using friction coefficient value of     1.000  ps^-1
 DCNTRL>  CPT dynamics through OpenMM interface requested using Langevin heatbath.
 DCNTRL>  MC barostat coupled to reference pressure    1.00  atmospheres.
 DCNTRL>  MC barostat using reference temperature  310.00  K.
 DCNTRL>  MC barostat volume move attempted every     25  timesteps.
   NSTEP =     1000    NSAVC =      100    NSAVV =       10
  ISCALE =        0   ISCVEL =        0   IASORS =        1
  IASVEL =        1   ICHECW =        0   NTRFRQ =      100
  IHTFRQ =        0   IEQFRQ =        0   NPRINT =      100
  INBFRQ =       -1   IHBFRQ =        0   IPRFRQ =     1000
  ILBFRQ =        0   IMGFRQ =       -1
  ISVFRQ =        0   NCYCLE =     1000    NSNOS =       10
  FIRSTT =   310.000  TEMINC =     5.000  TSTRUC =  -999.000
  FINALT =   310.000  TWINDH =    10.000  TWINDL =   -10.000

  TIME STEP =  4.09097E-02 AKMA       2.00000E-03 PS

  RANDOM NUM. GEN. SEED(S) = 102341181 285392457 1260905752 1355553095

           SHAKE TOLERANCE =     0.10000E-07
 NUMBER OF DEGREES OF FREEDOM = 349546
DYNA DYN: Step         Time      TOTEner        TOTKe       ENERgy  TEMPerature
DYNA PROP:             GRMS      HFCTote        HFCKe       EHFCor        VIRKe
DYNA INTERN:          BONDs       ANGLes       UREY-b    DIHEdrals    IMPRopers
DYNA CROSS:           CMAPs        PMF1D        PMF2D        PRIMO
DYNA EXTERN:        VDWaals         ELEC       HBONds          ASP         USER
DYNA PRESS:            VIRE         VIRI       PRESSE       PRESSI       VOLUme
 ----------       ---------    ---------    ---------    ---------    ---------
DYNA>        0    132.00000-431481.83510 107976.60185-539458.43694    310.89641
DYNA PROP>          0.00000      0.00000      0.00000      0.00000      0.00000
DYNA INTERN>     4026.03680   7560.88715      0.00000   9628.65399    519.67230
DYNA CROSS>      -424.64681      0.00000      0.00000      0.00000
DYNA EXTERN>  -560769.04036      0.00000      0.00000      0.00000      0.00000
DYNA PRESS>          0.0000       0.0000       0.0000       0.0000 2351923.9052
 ----------       ---------    ---------    ---------    ---------    ---------
 Crystal Parameters : Crystal Type = CUBI
      DYNA A     =  132.98656 B    =  132.98656 C     =  132.98656
      DYNA Alpha =   90.00000 Beta =   90.00000 Gamma =   90.00000
      DYNA PIXX =        0.00 PIYY =       0.00 PIZZ =       0.00
      DYNA PIXY =        0.00 PIXZ =       0.00 PIYZ =       0.00
      DYNA Gradient Norm =    0.00000

DYNA>      100    132.20000-431712.00999 107418.59841-539130.60840    309.28975
DYNA PROP>          0.00000      0.00000      0.00000      0.00000      0.00000
DYNA INTERN>     3983.60979   7619.17232      0.00000   9568.84074    520.14437
DYNA CROSS>      -423.26804      0.00000      0.00000      0.00000
DYNA EXTERN>  -560399.10684      0.00000      0.00000      0.00000      0.00000
DYNA PRESS>          0.0000       0.0000       0.0000       0.0000 2351923.9052
 ----------       ---------    ---------    ---------    ---------    ---------
 Crystal Parameters : Crystal Type = CUBI
      DYNA A     =  132.98656 B    =  132.98656 C     =  132.98656
      DYNA Alpha =   90.00000 Beta =   90.00000 Gamma =   90.00000
      DYNA PIXX =        0.00 PIYY =       0.00 PIZZ =       0.00
      DYNA PIXY =        0.00 PIXZ =       0.00 PIYZ =       0.00
      DYNA Gradient Norm =    0.00000

DYNA>      200    132.40000-431345.51742 107876.21825-539221.73566    310.60737
DYNA PROP>          0.00000      0.00000      0.00000      0.00000      0.00000
DYNA INTERN>     3956.89378   7583.86417      0.00000   9672.78806    518.76247
DYNA CROSS>      -427.04691      0.00000      0.00000      0.00000
DYNA EXTERN>  -560526.99618      0.00000      0.00000      0.00000      0.00000
DYNA PRESS>          0.0000       0.0000       0.0000       0.0000 2351923.9052
 ----------       ---------    ---------    ---------    ---------    ---------
 Crystal Parameters : Crystal Type = CUBI
      DYNA A     =  132.98656 B    =  132.98656 C     =  132.98656
      DYNA Alpha =   90.00000 Beta =   90.00000 Gamma =   90.00000
      DYNA PIXX =        0.00 PIYY =       0.00 PIZZ =       0.00
      DYNA PIXY =        0.00 PIXZ =       0.00 PIYZ =       0.00
      DYNA Gradient Norm =    0.00000

DYNA>      300    132.60000-431726.77235 107313.91534-539040.68769    308.98834
DYNA PROP>          0.00000      0.00000      0.00000      0.00000      0.00000
DYNA INTERN>     3993.38797   7580.86807      0.00000   9589.89745    518.71605
DYNA CROSS>      -449.67811      0.00000      0.00000      0.00000
DYNA EXTERN>  -560273.87735      0.00000      0.00000      0.00000      0.00000
DYNA PRESS>          0.0000       0.0000       0.0000       0.0000 2352271.1501
 ----------       ---------    ---------    ---------    ---------    ---------
 Crystal Parameters : Crystal Type = CUBI
      DYNA A     =  132.99311 B    =  132.99311 C     =  132.99311
      DYNA Alpha =   90.00000 Beta =   90.00000 Gamma =   90.00000
      DYNA PIXX =        0.00 PIYY =       0.00 PIZZ =       0.00
      DYNA PIXY =        0.00 PIXZ =       0.00 PIYZ =       0.00
      DYNA Gradient Norm =    0.00000

DYNA>      400    132.80000-432626.67570 107025.92341-539652.59910    308.15912
DYNA PROP>          0.00000      0.00000      0.00000      0.00000      0.00000
DYNA INTERN>     4022.13146   7559.18483      0.00000   9699.48119    558.18390
DYNA CROSS>      -452.48079      0.00000      0.00000      0.00000
DYNA EXTERN>  -561039.10049      0.00000      0.00000      0.00000      0.00000
DYNA PRESS>          0.0000       0.0000       0.0000       0.0000 2350536.1446
 ----------       ---------    ---------    ---------    ---------    ---------
 Crystal Parameters : Crystal Type = CUBI
      DYNA A     =  132.96040 B    =  132.96040 C     =  132.96040
      DYNA Alpha =   90.00000 Beta =   90.00000 Gamma =   90.00000
      DYNA PIXX =        0.00 PIYY =       0.00 PIZZ =       0.00
      DYNA PIXY =        0.00 PIXZ =       0.00 PIYZ =       0.00
      DYNA Gradient Norm =    0.00000

DYNA>      500    133.00000-432418.77134 107279.43715-539698.20849    308.88906
DYNA PROP>          0.00000      0.00000      0.00000      0.00000      0.00000
DYNA INTERN>     4042.03533   7517.93605      0.00000   9613.23946    542.23525
DYNA CROSS>      -424.10771      0.00000      0.00000      0.00000
DYNA EXTERN>  -560989.54415      0.00000      0.00000      0.00000      0.00000
DYNA PRESS>          0.0000       0.0000       0.0000       0.0000 2350800.7911
 ----------       ---------    ---------    ---------    ---------    ---------
 Crystal Parameters : Crystal Type = CUBI
      DYNA A     =  132.96539 B    =  132.96539 C     =  132.96539
      DYNA Alpha =   90.00000 Beta =   90.00000 Gamma =   90.00000
      DYNA PIXX =        0.00 PIYY =       0.00 PIZZ =       0.00
      DYNA PIXY =        0.00 PIXZ =       0.00 PIYZ =       0.00
      DYNA Gradient Norm =    0.00000

DYNA>      600    133.20000-432593.48664 106983.58619-539577.07283    308.03722
DYNA PROP>          0.00000      0.00000      0.00000      0.00000      0.00000
DYNA INTERN>     4041.12950   7558.44344      0.00000   9674.71789    515.39582
DYNA CROSS>      -451.51876      0.00000      0.00000      0.00000
DYNA EXTERN>  -560915.24118      0.00000      0.00000      0.00000      0.00000
DYNA PRESS>          0.0000       0.0000       0.0000       0.0000 2349159.0899
 ----------       ---------    ---------    ---------    ---------    ---------
 Crystal Parameters : Crystal Type = CUBI
      DYNA A     =  132.93443 B    =  132.93443 C     =  132.93443
      DYNA Alpha =   90.00000 Beta =   90.00000 Gamma =   90.00000
      DYNA PIXX =        0.00 PIYY =       0.00 PIZZ =       0.00
      DYNA PIXY =        0.00 PIXZ =       0.00 PIYZ =       0.00
      DYNA Gradient Norm =    0.00000

DYNA>      700    133.40000-432603.05703 107282.94809-539886.00512    308.89917
DYNA PROP>          0.00000      0.00000      0.00000      0.00000      0.00000
DYNA INTERN>     4105.44842   7554.39109      0.00000   9619.74071    515.03993
DYNA CROSS>      -423.24823      0.00000      0.00000      0.00000
DYNA EXTERN>  -561257.37951      0.00000      0.00000      0.00000      0.00000
DYNA PRESS>          0.0000       0.0000       0.0000       0.0000 2349159.0899
 ----------       ---------    ---------    ---------    ---------    ---------
 Crystal Parameters : Crystal Type = CUBI
      DYNA A     =  132.93443 B    =  132.93443 C     =  132.93443
      DYNA Alpha =   90.00000 Beta =   90.00000 Gamma =   90.00000
      DYNA PIXX =        0.00 PIYY =       0.00 PIZZ =       0.00
      DYNA PIXY =        0.00 PIXZ =       0.00 PIYZ =       0.00
      DYNA Gradient Norm =    0.00000

DYNA>      800    133.60000-432494.34625 107500.79322-539995.13947    309.52641
DYNA PROP>          0.00000      0.00000      0.00000      0.00000      0.00000
DYNA INTERN>     4087.66483   7500.29118      0.00000   9639.45003    517.11687
DYNA CROSS>      -442.74667      0.00000      0.00000      0.00000
DYNA EXTERN>  -561296.91748      0.00000      0.00000      0.00000      0.00000
DYNA PRESS>          0.0000       0.0000       0.0000       0.0000 2349159.0899
 ----------       ---------    ---------    ---------    ---------    ---------
 Crystal Parameters : Crystal Type = CUBI
      DYNA A     =  132.93443 B    =  132.93443 C     =  132.93443
      DYNA Alpha =   90.00000 Beta =   90.00000 Gamma =   90.00000
      DYNA PIXX =        0.00 PIYY =       0.00 PIZZ =       0.00
      DYNA PIXY =        0.00 PIXZ =       0.00 PIYZ =       0.00
      DYNA Gradient Norm =    0.00000

DYNA>      900    133.80000-432208.49127 107488.11505-539696.60632    309.48991
DYNA PROP>          0.00000      0.00000      0.00000      0.00000      0.00000
DYNA INTERN>     3943.87948   7574.87358      0.00000   9644.25310    524.55522
DYNA CROSS>      -444.08555      0.00000      0.00000      0.00000
DYNA EXTERN>  -560940.08490      0.00000      0.00000      0.00000      0.00000
DYNA PRESS>          0.0000       0.0000       0.0000       0.0000 2349159.0899
 ----------       ---------    ---------    ---------    ---------    ---------
 Crystal Parameters : Crystal Type = CUBI
      DYNA A     =  132.93443 B    =  132.93443 C     =  132.93443
      DYNA Alpha =   90.00000 Beta =   90.00000 Gamma =   90.00000
      DYNA PIXX =        0.00 PIYY =       0.00 PIZZ =       0.00
      DYNA PIXY =        0.00 PIXZ =       0.00 PIYZ =       0.00
      DYNA Gradient Norm =    0.00000

DYNA>     1000    134.00000-432299.92601 107530.28780-539830.21382    309.61134
DYNA PROP>          0.00000      0.00000      0.00000      0.00000      0.00000
DYNA INTERN>     3985.57214   7564.75053      0.00000   9640.19593    562.41828
DYNA CROSS>      -436.02987      0.00000      0.00000      0.00000
DYNA EXTERN>  -561147.12048      0.00000      0.00000      0.00000      0.00000
DYNA PRESS>          0.0000       0.0000       0.0000       0.0000 2349159.0899
 ----------       ---------    ---------    ---------    ---------    ---------
 Crystal Parameters : Crystal Type = CUBI
      DYNA A     =  132.93443 B    =  132.93443 C     =  132.93443
      DYNA Alpha =   90.00000 Beta =   90.00000 Gamma =   90.00000
      DYNA PIXX =        0.00 PIYY =       0.00 PIZZ =       0.00
      DYNA PIXY =        0.00 PIXZ =       0.00 PIYZ =       0.00
      DYNA Gradient Norm =    0.00000


     10   COORDINATE SETS STARTING FROM
     STEP NO    66100   FOR EVERY   100  STEPS
     WRITTEN ON UNIT   12

 VCLOSE: Closing unit   12 with status "KEEP"
 DYNAMC> Averages for the last 1000 steps:
AVER DYN: Step         Time      TOTEner        TOTKe       ENERgy  TEMPerature
AVER PROP:             GRMS      HFCTote        HFCKe       EHFCor        VIRKe
AVER INTERN:          BONDs       ANGLes       UREY-b    DIHEdrals    IMPRopers
AVER CROSS:           CMAPs        PMF1D        PMF2D        PRIMO
AVER EXTERN:        VDWaals         ELEC       HBONds          ASP         USER
AVER PRESS:            VIRE         VIRI       PRESSE       PRESSI       VOLUme
 ----------       ---------    ---------    ---------    ---------    ---------
AVER>     1000    134.00000-432137.35356 107425.12952-539562.48308    309.30856
AVER PROP>          0.00000      0.00000      0.00000      0.00000      0.00000
AVER INTERN>     4017.07177   7561.33295      0.00000   9635.56896    528.38550
AVER CROSS>      -436.25977      0.00000      0.00000      0.00000
AVER EXTERN>  -560868.58263      0.00000      0.00000      0.00000      0.00000
AVER PRESS>          0.0000       0.0000       0.0000       0.0000 2350470.4773
 ----------       ---------    ---------    ---------    ---------    ---------
 Lattice Parameters> Averages for the last 1000 steps:
 Crystal Parameters : Crystal Type = CUBI
      AVER A     =  132.95916 B    =  132.95916 C     =  132.95916
      AVER Alpha =   90.00000 Beta =   90.00000 Gamma =   90.00000
      AVER PIXX =        0.00 PIYY =       0.00 PIZZ =       0.00
      AVER PIXY =        0.00 PIXZ =       0.00 PIYZ =       0.00
      AVER Gradient Norm =    0.00000

 DYNAMC> RMS fluctuations for the last 1000 steps:
FLUC>     1000    134.00000    458.12924    291.78640    300.60584      0.84014
FLUC PROP>          0.00000      0.00000      0.00000      0.00000      0.00000
FLUC INTERN>       48.38585     30.30217      0.00000     36.24419     16.66901
FLUC CROSS>        11.61848      0.00000      0.00000      0.00000
FLUC EXTERN>      325.28122      0.00000      0.00000      0.00000      0.00000
FLUC PRESS>         0.00000      0.00000      0.00000      0.00000   1289.53427
 ----------       ---------    ---------    ---------    ---------    ---------
 Lattice Parameters> RMS fluctuations for the last 1000 steps:
 Crystal Parameters : Crystal Type = CUBI
      FLUC A     =    0.02431 B    =    0.02431 C     =    0.02431
      FLUC Alpha =    0.00000 Beta =    0.00000 Gamma =    0.00000
      FLUC PIXX =        0.00 PIYY =       0.00 PIZZ =       0.00
      FLUC PIXY =        0.00 PIXZ =       0.00 PIYZ =       0.00
      FLUC Gradient Norm =    0.00000


 OpenMM was used to perform energy and force evaluation.


     DETAILS ABOUT CENTRE OF MASS
     POSITION          :    66.244452        58.545990        56.308516    
     VELOCITY          :   1.09415667E-05   2.87067216E-05   8.17698561E-06
     ANGULAR MOMENTUM  :   -9652.2234       -31423.164       -7442.3993    
     KINETIC ENERGY    :   5.31531991E-04
 WRIDYN: RESTart file was written at step   67000
 VCLOSE: Closing unit   11 with status "KEEP"

     DETAILS ABOUT CENTRE OF MASS
     POSITION          :    66.244452        58.545990        56.308516    
     VELOCITY          :   1.09415667E-05   2.87067216E-05   8.17698561E-06
     ANGULAR MOMENTUM  :   -9652.2234       -31423.164       -7442.3993    
     KINETIC ENERGY    :   5.31531991E-04
  
 CHARMM>     
  
 CHARMM>        coor rms comp sele backbone_prot end
 SELRPN>   3780 atoms have been selected out of 170936
 TOTAL SQUARE DIFF IS************  DENOMINATOR IS   3780.0000
       THUS RMS DIFF IS  105.163770
 RMS FOUND FOR SELECTED COORDINATES WITHOUT ROTATION
  
 CHARMM>        coor rms comp sele segid BT* .or. segid AL* end
 SELRPN>  14420 atoms have been selected out of 170936
 TOTAL SQUARE DIFF IS************  DENOMINATOR IS  14420.0000
       THUS RMS DIFF IS  105.345668
 RMS FOUND FOR SELECTED COORDINATES WITHOUT ROTATION
  
 CHARMM>     
  
 CHARMM>        !update inbfrq 0
  
 CHARMM>     
  
 CHARMM>        !echo ?XTLA
  
 CHARMM>        !echo ?XTLB
  
 CHARMM>        !echo ?XTLC
  
 CHARMM>     
  
 CHARMM>        !coordinate statistics select all end
  
 CHARMM>        !
  
 CHARMM>        !calc xdim = abs ( ?XMAX - ?XMIN )
  
 CHARMM>        !calc ydim = abs ( ?YMAX - ?YMIN )
  
 CHARMM>        !calc zdim = abs ( ?ZMAX - ?ZMIN )
  
 CHARMM>     
  
 CHARMM>        !set xdim 132.94535
  
 CHARMM>        !calc cen @xdim/2
  
 CHARMM>        !set cutim 14
  
 CHARMM>        !
  
 CHARMM>        !crystal defi cubic @xdim @xdim @xdim 90.0 90.0 90.0
  
 CHARMM>        !crystal build cutoff @cutim noper 0
  
 CHARMM>        !image byseg xcen @cen ycen @cen zcen @cen sele protein end
  
 CHARMM>        !image byres xcen @cen ycen @cen zcen @cen sele water .or. ions end
  
 CHARMM>     
  
 CHARMM>     
  
 CHARMM>        !cons harm clear
  
 CHARMM>     
  
 CHARMM>        write coor card name 2agy-equil-310-1-res-@curres.cor
 Parameter: CURRES -> "9"
 VOPEN> Attempting to open::2agy-equil-310-1-res-9.cor::
 RDTITL> * 2AGY EQUILIBRATION INTERMEDIATE OUTPUT.
 RDTITL> *
 VCLOSE: Closing unit   90 with status "KEEP"
 VCLOSE: Closing unit   90 with status "KEEP"
  
 CHARMM>     
  
 CHARMM>     
  
 CHARMM>        set oldres @curres
 Parameter: CURRES -> "9"
 Parameter: OLDRES <- "9"
  
 CHARMM>        calc curres = @curres - @incres
 Parameter: CURRES -> "9"
 Parameter: INCRES -> "1"
Evaluating: 9-1
 Parameter: CURRES <- "8"
  
 CHARMM>        if @curres .ge. @endres goto loop
 Parameter: CURRES -> "8"
 Parameter: ENDRES -> "0"
 Comparing "8" and "0".
 IF test evaluated as true.  Performing command
  
 CHARMM>     
  
 CHARMM>        if @curres .eq. @startres then
 Parameter: CURRES -> "8"
 Parameter: STARTRES -> "10"
 Comparing "8" and "10".
 IF test evaluated as false.  Skip to ELSE or ENDIF
  
 CHARMM>     
  
 CHARMM>        if @curres .lt. @startres then
 Parameter: CURRES -> "8"
 Parameter: STARTRES -> "10"
 Comparing "8" and "10".
 IF test evaluated as true.  Performing command
  
 CHARMM>            open read card unit 10 name  2agy-equil-310-1-res-@oldres.res
 Parameter: OLDRES -> "9"
 OPNLGU> Unit already open. The old file will be closed first.
 VCLOSE: Closing unit   10 with status "KEEP"
 VOPEN> Attempting to open::2agy-equil-310-1-res-9.res::
 OPNLGU> Unit 10 opened for READONLY access to 2agy-equil-310-1-res-9.res
  
 CHARMM>        endif
  
 CHARMM>     
  
 CHARMM>        open write card unit 11 name 2agy-equil-310-1-res-@curres.res
 Parameter: CURRES -> "8"
 VOPEN> Attempting to open::2agy-equil-310-1-res-8.res::
 OPNLGU> Unit 11 opened for WRITE access to 2agy-equil-310-1-res-8.res
  
 CHARMM>        open write file unit 12 name 2agy-equil-310-1-res-@curres.dcd
 Parameter: CURRES -> "8"
 VOPEN> Attempting to open::2agy-equil-310-1-res-8.dcd::
 OPNLGU> Unit 12 opened for WRITE access to 2agy-equil-310-1-res-8.dcd
  
 CHARMM>     
  
 CHARMM>    	!cons harm absolute expo 2 force @curres sele backbone_prot end mass comp
  
 CHARMM>     
  
 CHARMM>        dynamics leap restart timestep 0.002 -
 CHARMM>             nstep @nsteps nprint @nwrite iprfrq @nwrite iunwri 11 iunread 10 -
 CHARMM>             firstt 310 finalt 310  -
 CHARMM>             iuncrd 12 nsavc @nwrite -
 CHARMM>             ichecw 0 ihtfrq 0 ieqfrq 0 -
 CHARMM>             iasors 1 iasvel 1 iscvel 0  -
 CHARMM>             ilbfrq 0 inbfrq -1 imgfrq -1 @echeck bycb -
 CHARMM>             ntrfq 100 -
 CHARMM>             omm langevin gamma 1 prmc pref 1.0 iprsfrq 25
 Parameter: NSTEPS -> "1000"
 Parameter: NWRITE -> "100"
 Parameter: NWRITE -> "100"
 Parameter: NWRITE -> "100"
 Parameter: ECHECK -> "ECHECK -1"
  IUNREA = 10         IUNWRI = 11          IUNOS = -1
  IUNCRD = 12         IUNVEL = -1          KUNIT = -1
 TITLE>  * 2AGY EQUILIBRATION INTERMEDIATE OUTPUT.
 TITLE>  *  DATE:    12/ 9/16     15: 1:29      CREATED BY USER: ra15808
 TITLE>  *
 READYN> dynamics restart file was read. Current step=   67000
 NSTEP  =  1000  JHSTRT =     0

 SELECTED IMAGES ATOMS BEING CENTERED ABOUT 66.472675 66.472675 66.472675

 NONBOND OPTION FLAGS: 
     ELEC     VDW      ATOMs    CDIElec  FSHIft   VATOm    VFSWIt  
     BYCB     NOEXtnd  EWALd   
 CUTNB  = 14.000 CTEXNB =999.000 CTONNB = 10.000 CTOFNB = 12.000
 CGONNB =  0.000 CGOFNB = 10.000
 WMIN   =  1.500 WRNMXD =  0.500 E14FAC =  1.000 EPS    =  1.000
 NBXMOD =      5
 PME EWALD OPTIONS: KAPPA  =  0.340  QCOR =  0.000  Bspline order = 6
 FFTX= 144  FFTY= 144  FFTZ= 144
                Using Pub FFT
                Real-to-Complex FFT
 There are 84162958 atom  pairs and   235106 atom  exclusions.
 There are        0 group pairs and    12527 group exclusions.
Using Image CUBE search
 PRNHBD: CUToff Hydrogen Bond  distance =    0.5000   Angle =   90.0000
         CuT switching ON HB dist. =     3.5000  OFf HB dist. =    4.0000
         CuT switching ON Hb Angle =    50.0000  OFf Hb Angle =   70.0000
         ACCEptor antecedents included
         All hydrogen bonds for each hydrogen will be found
         Hydrogen bonds between excluded atoms will be kept

 DCNTRL> Langevin integration requested.
 DCNTRL>  OpenMM interface requested for energy and dynamics calculations.
 DCNTRL>  Constant temperature w/ OpenMM using Langevin heatbath requested.
 DCNTRL>  Reference heatbath temperature is   310.000K
 DCNTRL>  Using friction coefficient value of     1.000  ps^-1
 DCNTRL>  CPT dynamics through OpenMM interface requested using Langevin heatbath.
 DCNTRL>  MC barostat coupled to reference pressure    1.00  atmospheres.
 DCNTRL>  MC barostat using reference temperature  310.00  K.
 DCNTRL>  MC barostat volume move attempted every     25  timesteps.
   NSTEP =     1000    NSAVC =      100    NSAVV =       10
  ISCALE =        0   ISCVEL =        0   IASORS =        1
  IASVEL =        1   ICHECW =        0   NTRFRQ =      100
  IHTFRQ =        0   IEQFRQ =        0   NPRINT =      100
  INBFRQ =       -1   IHBFRQ =        0   IPRFRQ =     1000
  ILBFRQ =        0   IMGFRQ =       -1
  ISVFRQ =        0   NCYCLE =     1000    NSNOS =       10
  FIRSTT =   310.000  TEMINC =     5.000  TSTRUC =  -999.000
  FINALT =   310.000  TWINDH =    10.000  TWINDL =   -10.000

  TIME STEP =  4.09097E-02 AKMA       2.00000E-03 PS

  RANDOM NUM. GEN. SEED(S) = 102341181 285392457 1260905752 1355553095

           SHAKE TOLERANCE =     0.10000E-07
 NUMBER OF DEGREES OF FREEDOM = 349546
DYNA DYN: Step         Time      TOTEner        TOTKe       ENERgy  TEMPerature
DYNA PROP:             GRMS      HFCTote        HFCKe       EHFCor        VIRKe
DYNA INTERN:          BONDs       ANGLes       UREY-b    DIHEdrals    IMPRopers
DYNA CROSS:           CMAPs        PMF1D        PMF2D        PRIMO
DYNA EXTERN:        VDWaals         ELEC       HBONds          ASP         USER
DYNA PRESS:            VIRE         VIRI       PRESSE       PRESSI       VOLUme
 ----------       ---------    ---------    ---------    ---------    ---------
DYNA>        0    134.00000-432299.92517 107530.28780-539830.21297    309.61134
DYNA PROP>          0.00000      0.00000      0.00000      0.00000      0.00000
DYNA INTERN>     3985.57214   7564.75053      0.00000   9640.19593    562.41828
DYNA CROSS>      -436.02987      0.00000      0.00000      0.00000
DYNA EXTERN>  -561147.12000      0.00000      0.00000      0.00000      0.00000
DYNA PRESS>          0.0000       0.0000       0.0000       0.0000 2349159.0899
 ----------       ---------    ---------    ---------    ---------    ---------
 Crystal Parameters : Crystal Type = CUBI
