1
                 Chemistry at HARvard Macromolecular Mechanics
           (CHARMM) - Developmental Version 41a2   February 15, 2016            
                             Git commit ID 94a3dc9                              
       Copyright(c) 1984-2014  President and Fellows of Harvard College
                              All Rights Reserved
     Current operating system: Darwin-14.5.0(x86_64)@eduroam-187-101.nomadi     
                 Created on  8/19/16 at 11:30:15 by user: robert_arbon

            Maximum number of ATOMS:    360720, and RESidues:      120240
 RDTITL> * NEUTRALIZE SYSTEM
 RDTITL> * FIRST THIS DOES SOME RENAMING OF SEGMENTS ETC.
 RDTITL> * THEN SAVES THE RESULTS TO THE LOCAL DIRECTORY WITH THE SAME FILE NAMES.
 RDTITL> * THESE NEW FILES GET USED IN THE MC LOOP
 RDTITL> *
  
 CHARMM>     
  
 CHARMM>    stream /users/robert_arbon/code/aadh/setup.inp
 VOPEN> Attempting to open::/USERS/ROBERT_ARBON/CODE/AADH/SETUP.INP::
 OPNLGU> Unit 99 opened for READONLY access to /USERS/ROBERT_ARBON/CODE/AADH/SETUP.INP

                    INPUT STREAM SWITCHING TO UNIT    99
 RDTITL> * DIRECTORY DEFINITIONS
 RDTITL> *
 Parameter: IN1 <- "" <empty>
  
 CHARMM>     
  
 CHARMM>    set datadir /users/robert_arbon/code/aadh/data
 Parameter: DATADIR <- "/USERS/ROBERT_ARBON/CODE/AADH/DATA"
  
 CHARMM>    set geomdir /users/robert_arbon/code/aadh/data/kr/geoms
 Parameter: GEOMDIR <- "/USERS/ROBERT_ARBON/CODE/AADH/DATA/KR/GEOMS"
  
 CHARMM>    set evbgeoms /users/robert_arbon/code/aadh/evb/kr_geoms
 Parameter: EVBGEOMS <- "/USERS/ROBERT_ARBON/CODE/AADH/EVB/KR_GEOMS"
  
 CHARMM>    set basedir /users/robert_arbon/code/aadh
 Parameter: BASEDIR <- "/USERS/ROBERT_ARBON/CODE/AADH"
  
 CHARMM>    set charmmtop /users/robert_arbon/code/c41a2/toppar
 Parameter: CHARMMTOP <- "/USERS/ROBERT_ARBON/CODE/C41A2/TOPPAR"
  
 VCLOSE: Closing unit   99 with status "KEEP"

                    RETURNING TO INPUT STREAM     5
  
 CHARMM>     
  
 CHARMM>    prnlev 5
  
 CHARMM>     
  
 CHARMM>    set molname 2agy_c36_state0_min_wb_min
 Parameter: MOLNAME <- "2AGY_C36_STATE0_MIN_WB_MIN"
  
 CHARMM>     
  
 CHARMM>    set buildcrystal ../common/build_crystal.str
 Parameter: BUILDCRYSTAL <- "../COMMON/BUILD_CRYSTAL.STR"
  
 CHARMM>    set nonbondspec ../common/non_bond_spec.str
 Parameter: NONBONDSPEC <- "../COMMON/NON_BOND_SPEC.STR"
  
 CHARMM>     
  
 CHARMM>    stream @charmmtop/toppar_water_ions_fixed.str
 Parameter: CHARMMTOP -> "/USERS/ROBERT_ARBON/CODE/C41A2/TOPPAR"
 VOPEN> Attempting to open::/USERS/ROBERT_ARBON/CODE/C41A2/TOPPAR/TOPPAR_WATER_IONS_FIXED.STR::
 OPNLGU> Unit 99 opened for READONLY access to /USERS/ROBERT_ARBON/CODE/C41A2/TOPPAR/TOPPAR_WATER_IONS_FIXED.STR

                    INPUT STREAM SWITCHING TO UNIT    99
 RDTITL> * TOPLOGY AND PARAMETER INFORMATION FOR WATER AND IONS.
 RDTITL> *
 Parameter: IN1 <- "" <empty>
  
 CHARMM>     
  
 CHARMM>    !Testcase
 CHARMM>    !test_water_ions.inp
 CHARMM>     
  
 CHARMM>    ! IMPORTANT NOTE: this file contains NBFixes between carboxylates and sodium,
 CHARMM>    ! which will only apply if the main files containing carboxylate atom types
 CHARMM>    ! have been read in first!
 CHARMM>     
  
 CHARMM>    !references
 CHARMM>    !
 CHARMM>    !TIP3P water model
 CHARMM>    !
 CHARMM>    !W.L. Jorgensen; J.Chandrasekhar; J.D. Madura; R.W. Impey;
 CHARMM>    !M.L. Klein; "Comparison of simple potential functions for
 CHARMM>    !simulating liquid water", J. Chem. Phys. 79 926-935 (1983).
 CHARMM>    !
 CHARMM>    !IONS
 CHARMM>    !
 CHARMM>    !Ions from Roux and coworkers
 CHARMM>    !
 CHARMM>    !Beglov, D. and Roux, B., Finite Representation of an Infinite
 CHARMM>    !Bulk System: Solvent Boundary Potential for Computer Simulations,
 CHARMM>    !Journal of Chemical Physics, 1994, 100: 9050-9063
 CHARMM>    !
 CHARMM>    !ZINC
 CHARMM>    !
 CHARMM>    !Stote, R.H. and Karplus, M. Zinc Binding in Proteins and
 CHARMM>    !Solution: A Simple but Accurate Nonbonded Representation, PROTEINS:
 CHARMM>    !Structure, Function, and Genetics 23:12-31 (1995)
 CHARMM>     
  
 CHARMM>    !test "append" to determine if previous toppar files have been read and
 CHARMM>    !add append to "read rtf card" if true
 CHARMM>    set nat ?NATC
 RDCMND: can not substitute energy "?NATC"
 Parameter: NAT <- "?NATC"
  
 CHARMM>    set app
 Parameter: APP <- "" <empty>
  
 CHARMM>    !We're exploiting what is arguably a bug in the parser. On the left hand side,
 CHARMM>    !the quotes have priority, so NAT is correctly substituted. On the right hand
 CHARMM>    !side, the ? has priority and NATC" (sic) is not a valid substitution...
 CHARMM>    if "@NAT" ne "?NATC" if @nat ne 0 set app append
 Parameter: NAT -> "?NATC"
 Parameter: NAT -> "?NATC"
 RDCMND: can not substitute energy "?NATC""
 Comparing ""?NATC"" and ""?NATC"".
 IF test evaluated as false.  Skipping command
  
 CHARMM>     
  
 CHARMM>    read rtf card  !REA 26/07/2013 - deleted @app - always stream this first and everything else must be appended)
 MAINIO> Residue topology file being read from unit  99.
 RDTITL> * TOPOLOGY FOR WATER AND IONS
 RDTITL> *
  
 CHARMM>     
  
 CHARMM>    read para card flex  !REA - deleted @app

          PARAMETER FILE BEING READ FROM UNIT 99
 RDTITL> * PARAMETERS FOR WATER AND IONS
 RDTITL> *
 PARMIO> NONBOND, HBOND lists and IMAGE atoms cleared.
  
 CHARMM>     
  
 CHARMM>    ! The following section contains NBFixes for sodium interacting with
 CHARMM>    ! carboxylate oxygens of various CHARMM force fields. It will generate
 CHARMM>    ! level -1 warnings whenever any of these force fields have not been
 CHARMM>    ! read prior to the current stream file. Since we don't want to force
 CHARMM>    ! the user to always read all the force fields, we're suppressing the
 CHARMM>    ! warnings. The only side effect is that you will have "most severe
 CHARMM>    ! warning was at level 0" at the end of your output. Also note that
 CHARMM>    ! the user is responsible for reading the current file last if they
 CHARMM>    ! want the NBFixes to apply. A more elegant solution would require new
 CHARMM>    ! features to be added to CHARMM.
 CHARMM>    ! parallel fix, to avoid duplicated messages in the log
 CHARMM>    set para
 Parameter: PARA <- "" <empty>
  
 CHARMM>    if ?NUMNODE gt 1 set para node 0
 RDCMND substituted energy or value "?NUMNODE" to "1"
 Comparing "1" and "1".
 IF test evaluated as false.  Skipping command
  
 CHARMM>     
  
 CHARMM>    set wrn ?WRNLEV
 RDCMND substituted energy or value "?WRNLEV" to "5"
 Parameter: WRN <- "5"
  
 CHARMM>    ! Some versions of CHARMM don't seem to initialize wrnlev...
 CHARMM>    if "@WRN" eq "?WRNLEV" set wrn 5
 Parameter: WRN -> "5"
 RDCMND: can not substitute energy "?WRNLEV""
 Comparing ""5"" and ""?WRNLEV"".
 IF test evaluated as false.  Skipping command
  
 CHARMM>    set bom ?bomlev
 RDCMND substituted energy or value "?BOMLEV" to "0"
 Parameter: BOM <- "0"
  
 CHARMM>    WRNLEV -1 @PARA
 Parameter: PARA -> "" <empty>
  
 CHARMM>    BOMLEV -1 @PARA
 Parameter: PARA -> "" <empty>
  
 CHARMM>    read para card flex append

          PARAMETER FILE BEING READ FROM UNIT 99
 RDTITL> * NBFIX BETWEEN CARBOXYLATE AND SODIUM
 RDTITL> *
 PARMIO> NONBOND, HBOND lists and IMAGE atoms cleared.
  
 CHARMM>    BOMLEV @bom @PARA
 Parameter: BOM -> "0"
 Parameter: PARA -> "" <empty>
  
 CHARMM>    WRNLEV @wrn @PARA
 Parameter: WRN -> "5"
 Parameter: PARA -> "" <empty>
  
 CHARMM>     
  
 CHARMM>    return
 VCLOSE: Closing unit   99 with status "KEEP"

                    RETURNING TO INPUT STREAM     5
  
 CHARMM>    read rtf card name @charmmtop/top_all36_prot.rtf append flex
 Parameter: CHARMMTOP -> "/USERS/ROBERT_ARBON/CODE/C41A2/TOPPAR"
 VOPEN> Attempting to open::/USERS/ROBERT_ARBON/CODE/C41A2/TOPPAR/TOP_ALL36_PROT.RTF::
 MAINIO> Residue topology file being read from unit  90.
 TITLE> *>>>>>>>>CHARMM36 ALL-HYDROGEN TOPOLOGY FILE FOR PROTEINS <<<<<<
 TITLE> *>>>>> INCLUDES PHI, PSI CROSS TERM MAP (CMAP) CORRECTION <<<<<<<
 TITLE> *>>>>>>>>>>>>>>>>>>>>>>>>>> MAY 2011 <<<<<<<<<<<<<<<<<<<<<<<<<<<<
 TITLE> * ALL COMMENTS TO THE CHARMM WEB SITE: WWW.CHARMM.ORG
 TITLE> *             PARAMETER SET DISCUSSION FORUM
 TITLE> *
 VCLOSE: Closing unit   90 with status "KEEP"
  
 CHARMM>    read rtf card name @datadir/ra/aadh_topologies.rtf append flex
 Parameter: DATADIR -> "/USERS/ROBERT_ARBON/CODE/AADH/DATA"
 VOPEN> Attempting to open::/USERS/ROBERT_ARBON/CODE/AADH/DATA/RA/AADH_TOPOLOGIES.RTF::
 MAINIO> Residue topology file being read from unit  90.
 TITLE> * RESIDUES AND PATCHES FOR CREATING AADH REACTANT AND PRODUCTS
 TITLE> * ATOM DEFINITIONS IS TAKEN FROM TOP_ALL36_PROT.RTF
 TITLE> * PREAMLE IS TAKEN FROM TOP_TTW.INP
 TITLE> * >>>>>
 TITLE> * RESI TTW - /DATA/KR/TOP_TTW.INP
 TITLE> * RESI TTW2 - /DATA/KR/TOP_TTW.INP - I DON'T THINK THIS IS USED SO THIS WON'T BE ADJUSTED.
 TITLE> * PRES TRPM - /DATA/NEW_MD/TRPM.RTF
 TITLE> * PRES TTWP - /DATA/KR/TTW_PROD.RTF
 TITLE> * PRES ASP1/2 - /DATA/KR/TTW_PROD.RTF
 TITLE> * PRES TTQ_TRP - /DATA/NEW_MD/TTW_TOP.INP
 TITLE> * THE ORIGINAL PATCHES AND RESIDUES WERE SPECIFIED IN THE CHARM22 FF
 TITLE> * 23/07/2016 - THE PRODUCT PATCHES WILL HAVE TO CHANGE (TO GET RID OF DELE STATEMENT)
 TITLE> *               AND TO PRESERVE THE ATOMS LABELLING CHANGES.
 TITLE> *
 WARNING from DECODI -- Zero length string being converted to 0
 RTFRDR> WARNING: Version number is NOT specified.
 VCLOSE: Closing unit   90 with status "KEEP"
  
 CHARMM>    read para card name @charmmtop/par_all36_prot_mod.prm append flex
 Parameter: CHARMMTOP -> "/USERS/ROBERT_ARBON/CODE/C41A2/TOPPAR"
 VOPEN> Attempting to open::/USERS/ROBERT_ARBON/CODE/C41A2/TOPPAR/PAR_ALL36_PROT_MOD.PRM::

          PARAMETER FILE BEING READ FROM UNIT 90
 TITLE> *>>>> CHARMM36 ALL-HYDROGEN PARAMETER FILE FOR PROTEINS <<<<<<<<<<
 TITLE> *>>>>> INCLUDES PHI, PSI CROSS TERM MAP (CMAP) CORRECTION <<<<<<<<
 TITLE> *>>>>>>>>>>>>>>>>>>>>>>>>>> JAN. 2016 <<<<<<<<<<<<<<<<<<<<<<<<<<<<
 TITLE> * ALL COMMENTS TO THE CHARMM WEB SITE: WWW.CHARMM.ORG
 TITLE> *             PARAMETER SET DISCUSSION FORUM
 TITLE> *
 PARMIO> NONBOND, HBOND lists and IMAGE atoms cleared.
 VCLOSE: Closing unit   90 with status "KEEP"
  
 CHARMM>    read para card name @datadir/ra/aadh_parameters.prm append flex
 Parameter: DATADIR -> "/USERS/ROBERT_ARBON/CODE/AADH/DATA"
 VOPEN> Attempting to open::/USERS/ROBERT_ARBON/CODE/AADH/DATA/RA/AADH_PARAMETERS.PRM::

          PARAMETER FILE BEING READ FROM UNIT 90
 TITLE> * PARAMETERS SPECIFIC TO AADH.  TO BE USED IN CONJUNCTION WITH AADH_TOPOLOGIES.RTF
 TITLE> * THESE WERE TAKEN FROM EACH SECTION IN /DATA/KR/PAR_TTW.INP
 TITLE> *   AND ADDITIONALLY FROM /DATA/NEW_MD/PAR_TTW.INP
 TITLE> * THERE'S NO ANGLE PARAMETERS FOR HA ONLY HA1/2/3 SO CHANGE THE HAS IN THE AADH_TOPOLOGIES
 TITLE> * ADDED NBFIX
 TITLE>  
 PARMIO> NONBOND, HBOND lists and IMAGE atoms cleared.
 VCLOSE: Closing unit   90 with status "KEEP"
  
 CHARMM>     
  
 CHARMM>    read psf card name ../common/@molname.psf
 Parameter: MOLNAME -> "2AGY_C36_STATE0_MIN_WB_MIN"
 VOPEN> Attempting to open::../COMMON/2AGY_C36_STATE0_MIN_WB_MIN.PSF::
 MAINIO> Protein structure file being read from unit  90.
 PSFRD2> Reading PSF in the expanded format.
 TITLE>  * MINIMIZED 2AGY_C36_STATE0_MIN_WB TO REMOVE BAD VDWS CONTACTS
 TITLE>  * REORIENTED ALONG X AXIS
 TITLE>  * TRUNCATED TO BOX OF SIZE 124.181628 X 101.902572 X 82.9517187
 TITLE>  *  DATE:     8/19/16     10:21:18      CREATED BY USER: robert_arbon
 TITLE>  *
 PSFSUM> PSF modified: NONBOND lists and IMAGE atoms cleared.
 PSFSUM> Summary of the structure file counters :
         Number of segments      =        6   Number of residues   =    33469
         Number of atoms         =   111989   Number of groups     =    36819
         Number of bonds         =   112188   Number of angles     =    58859
         Number of dihedrals     =    38677   Number of impropers  =     2624
         Number of cross-terms   =      936
         Number of HB acceptors  =    33961   Number of HB donors  =    66692
         Number of NB exclusions =        0   Total charge =  -12.00000
 VCLOSE: Closing unit   90 with status "KEEP"
  
 CHARMM>    read coord card name ../common/@molname.crd
 Parameter: MOLNAME -> "2AGY_C36_STATE0_MIN_WB_MIN"
 VOPEN> Attempting to open::../COMMON/2AGY_C36_STATE0_MIN_WB_MIN.CRD::
          SPATIAL COORDINATES BEING READ FROM UNIT 90
 TITLE> * MINIMIZED 2AGY_C36_STATE0_MIN_WB TO REMOVE BAD VDWS CONTACTS
 TITLE> * REORIENTED ALONG X AXIS
 TITLE> * TRUNCATED TO BOX OF SIZE 124.181628 X 101.902572 X 82.9517187
 TITLE> *  DATE:     8/19/16     10:21:18      CREATED BY USER: ROBERT_ARBON
 TITLE> *
 VCLOSE: Closing unit   90 with status "KEEP"
  
 CHARMM>     
  
 CHARMM>    ! Determine what type of ions being used
 CHARMM>    set nneg CLA                     ! set segid of neg. ion
 Parameter: NNEG <- "CLA"
  
 CHARMM>    set negion CL                    ! set atom type of neg. ion
 Parameter: NEGION <- "CL"
  
 CHARMM>    set npos POT                     ! set segid of pos. ion
 Parameter: NPOS <- "POT"
  
 CHARMM>    set posion POT                   ! set atom type of pos. ion
 Parameter: POSION <- "POT"
  
 CHARMM>     
  
 CHARMM>    ! definitions
 CHARMM>     
  
 CHARMM>    define prot sele segid AL* .or. segid BT* end
 SELRPN>  14420 atoms have been selected out of 111989
  
 CHARMM>     
  
 CHARMM>    ! Setup coor volume scalar arrays
 CHARMM>    scalar radi store 1
  
 CHARMM>    scalar wmain set 0.5
  
 CHARMM>    scalar wmain store 2
  
 CHARMM>     
  
 CHARMM>    ! determine the net charge on the system
 CHARMM>    scalar charge stat sele all end
 SELRPN> 111989 atoms have been selected out of 111989
 Statistics for***** selected atoms:
       minimum =  -0.834000      maximum =   0.640000     weight =    111989.    
       average =  -1.071534E-04  variance=   0.562271     total  =   -12.0000    
  
 CHARMM>    set chrg = ?stot
 RDCMND substituted energy or value "?STOT" to "-12"
 Parameter: CHRG <- "-12"
  
 CHARMM>     
  
 CHARMM>    ! Compute volume of entire box !volspace sets up a grid to compute the free volume
 CHARMM>    calc volspace ?NATO * 160
 RDCMND substituted energy or value "?NATO" to "111989"
Evaluating: 111989*160
 Parameter: VOLSPACE <- "17918240"
  
 CHARMM>    coor volume space @volspace select all end
 Parameter: VOLSPACE -> "17918240"
 SELRPN> 111989 atoms have been selected out of 111989
 COMPUTING VOLUME PER ATOM WITH:
   XMIN=    -64.3150 XMAX=     65.0486 NX= 317
   YMIN=    -52.9874 YMAX=     52.9025 NY= 260
   ZMIN=    -44.1425 ZMAX=     43.9617 NZ= 216


 A TOTAL OF  6466493   VACUUM POINTS WERE FOUND
 A TOTAL OF 11336227 OCCUPIED POINTS WERE FOUND
 A TOTAL OF        0 EXTERNAL POINTS WERE FOUND
 A TOTAL OF 11336227 SELECTED POINTS WERE FOUND
 TOTAL OCCUPIED  VOLUME =  768502.009835
 TOTAL SELECTED  VOLUME =  768502.009835
 TOTAL FREE      VOLUME =  438374.502124
 FRACTIONAL FREE VOLUME =      36.323062
  
 CHARMM>    show ?VOLUME
 RDCMND substituted energy or value "?VOLUME" to "768502.01"
  
 CHARMM>    show ?FREEVOL
 RDCMND substituted energy or value "?FREEVOL" to "438374.502"
  
 CHARMM>    calc tvol ?VOLUME + ?FREEVOL
 RDCMND substituted energy or value "?VOLUME" to "768502.01"
 RDCMND substituted energy or value "?FREEVOL" to "438374.502"
Evaluating: 768502.01+438374.502
 Parameter: TVOL <- "1206876.51"
  
 CHARMM>     
  
 CHARMM>    ! Compute volume of just the protein
 CHARMM>    define tmp select prot end
 SELRPN>  14420 atoms have been selected out of 111989
  
 CHARMM>    show ?NSEL
 RDCMND substituted energy or value "?NSEL" to "14420"
  
 CHARMM>    calc volspace ?NSEL * 160
 RDCMND substituted energy or value "?NSEL" to "14420"
Evaluating: 14420*160
 Parameter: VOLSPACE <- "2307200"
  
 CHARMM>    coor volume space @volspace select prot end
 Parameter: VOLSPACE -> "2307200"
 SELRPN>  14420 atoms have been selected out of 111989
 COMPUTING VOLUME PER ATOM WITH:
   XMIN=    -51.5894 XMAX=     50.5187 NX= 170
   YMIN=    -40.6328 YMAX=     39.4503 NY= 133
   ZMIN=    -30.1094 ZMAX=     30.8888 NZ= 101


 A TOTAL OF  1772832   VACUUM POINTS WERE FOUND
 A TOTAL OF   510778 OCCUPIED POINTS WERE FOUND
 A TOTAL OF        0 EXTERNAL POINTS WERE FOUND
 A TOTAL OF   510778 SELECTED POINTS WERE FOUND
 TOTAL OCCUPIED  VOLUME =  111565.077380
 TOTAL SELECTED  VOLUME =  111565.077380
 TOTAL FREE      VOLUME =  387225.251011
 FRACTIONAL FREE VOLUME =      77.632871
  
 CHARMM>    show ?VOLUME
 RDCMND substituted energy or value "?VOLUME" to "111565.077"
  
 CHARMM>    show ?FREEVOL
 RDCMND substituted energy or value "?FREEVOL" to "387225.251"
  
 CHARMM>    calc protvol ?VOLUME + ?FREEVOL
 RDCMND substituted energy or value "?VOLUME" to "111565.077"
 RDCMND substituted energy or value "?FREEVOL" to "387225.251"
Evaluating: 111565.077+387225.251
 Parameter: PROTVOL <- "498790.328"
  
 CHARMM>     
  
 CHARMM>    ! Compute just the volume of the water
 CHARMM>    calc wvol @tvol - @protvol
 Parameter: TVOL -> "1206876.51"
 Parameter: PROTVOL -> "498790.328"
Evaluating: 1206876.51-498790.328
 Parameter: WVOL <- "708086.182"
  
 CHARMM>     
  
 CHARMM>    ! Compute how many K+/Cl- are needed for 0.15M concentration
 CHARMM>    set concentration 0.15
 Parameter: CONCENTRATION <- "0.15"
  
 CHARMM>    calc volconv 1 * 0.000000000000000000000001
Evaluating: 1*0.000000000000000000000001
 Parameter: VOLCONV <- "1E-24"
  
 CHARMM>    calc wvoll ( ( @wvol * @volconv ) / 1000 )
 Parameter: WVOL -> "708086.182"
 Parameter: VOLCONV -> "1E-24"
Evaluating: ((708086.182*1E-24)/1000)
 Parameter: WVOLL <- "7.08086182E-22"
  
 CHARMM>    calc avog 1 * 602213670000000000000000
Evaluating: 1*602213670000000000000000
 Parameter: AVOG <- "6.0221367E+23"
  
 CHARMM>     
  
 CHARMM>    FORMat (I5)
  
 CHARMM>    if @chrg gt 0 then
 Parameter: CHRG -> "-12"
 Comparing "-12" and "0".
 IF test evaluated as false.  Skip to ELSE or ENDIF
  
 CHARMM>       calc totions ( @wvoll * @avog * @concentration )
 Parameter: WVOLL -> "7.08086182E-22"
 Parameter: AVOG -> "6.0221367E+23"
 Parameter: CONCENTRATION -> "0.15"
Evaluating: (7.08086182E-22*6.0221367E+23*0.15)
 Parameter: TOTIONS <- "   64"
  
 CHARMM>       calc nions ( @wvoll * @avog * @concentration ) + @chrg
 Parameter: WVOLL -> "7.08086182E-22"
 Parameter: AVOG -> "6.0221367E+23"
 Parameter: CONCENTRATION -> "0.15"
 Parameter: CHRG -> "-12"
Evaluating: (7.08086182E-22*6.0221367E+23*0.15)+-12
 Parameter: NIONS <- "   52"
  
 CHARMM>    endif
  
 CHARMM>     
  
 CHARMM>    ! Make sure that an even number of charges are added
 CHARMM>    calc tmpb int(@nions / 2) * 2
 Parameter: NIONS -> "   52"
Evaluating: INT(52/2)*2
 Parameter: TMPB <- "   52"
  
 CHARMM>    calc tmpc @nions - @tmpb
 Parameter: NIONS -> "   52"
 Parameter: TMPB -> "   52"
Evaluating: 52-52
 Parameter: TMPC <- "    0"
  
 CHARMM>    if @tmpc eq 1 then
 Parameter: TMPC -> "    0"
 Comparing "0" and "1".
 IF test evaluated as false.  Skip to ELSE or ENDIF
  
 CHARMM>     
  
 CHARMM>    ! Setup number of charges
 CHARMM>    if @chrg gt 0 then
 Parameter: CHRG -> "-12"
 Comparing "-12" and "0".
 IF test evaluated as false.  Skip to ELSE or ENDIF
  
 CHARMM>       calc ineg ( @nions / 2 )                ! no. negative ions (i.e. chlorides)
 Parameter: NIONS -> "   52"
Evaluating: (52/2)
 Parameter: INEG <- "   26"
  
 CHARMM>       calc ipos ( @nions / 2 ) - @chrg        ! no. positive ions (i.e. potassiums)
 Parameter: NIONS -> "   52"
 Parameter: CHRG -> "-12"
Evaluating: (52/2)--12
 Parameter: IPOS <- "   38"
  
 CHARMM>    endif
  
 CHARMM>     
  
 CHARMM>    format                                    ! reset formating
  
 CHARMM>    set mnd 5.5                               ! minimum distance to solute, other ions
 Parameter: MND <- "5.5"
  
 CHARMM>    set sol segid AL* .or. segid BT* .or. segid XWAT          ! atoms selection for solvent ???
 Parameter: SOL <- "SEGID AL* .OR. SEGID BT* .OR. SEGID XWAT"
  
 CHARMM>    set emin 1E20                             ! initial min energy value
 Parameter: EMIN <- "1E20"
  
 CHARMM>    set ncfg 1                                ! initialize loop counter
 Parameter: NCFG <- "1"
  
 CHARMM>    set last 3                                ! no. of passes thru the loop
 Parameter: LAST <- "3"
  
 CHARMM>    random uniform iseed 314159               ! change iseed to sample diff states
RANDSPEC> CLCG random number generator in use:
RANDSPEC> UNIFORM distribution will be used
RANDSPEC> seeds  = 314159 576317666 576317666 576317666
RANDSPEC> SCALE  = 1.00000000
RANDSPEC> OFFSET = .00000000
  
 CHARMM>     
  
 CHARMM>    ! BEGINNING OF MAIN MONTE-CARLO LOOP
 CHARMM>    label placion
  
 CHARMM>    time now
 CPU TIME=       1.38 ELAPSED TIME=       1.40
  
 CHARMM>     
  
 CHARMM>    open unit 10 write card name @molname.log
 Parameter: MOLNAME -> "2AGY_C36_STATE0_MIN_WB_MIN"
 VOPEN> Attempting to open::2agy_c36_state0_min_wb_min.log::
 OPNLGU> Unit 10 opened for WRITE access to 2agy_c36_state0_min_wb_min.log
  
 CHARMM>    outu 10
  
 CHARMM>    close unit 10
 VCLOSE: Closing unit   10 with status "KEEP"
  
 CHARMM>    if ncfg le @LAST goto placion
 Parameter: LAST -> "3"
 Comparing "2" and "3".
 IF test evaluated as true.  Performing command
  
 CHARMM>    time now
 CPU TIME=       0.00 ELAPSED TIME=     767.27
  
 CHARMM>     
  
 CHARMM>    open unit 10 write card name @molname.log
 Parameter: MOLNAME -> "2AGY_C36_STATE0_MIN_WB_MIN"
 VOPEN> Attempting to open::2agy_c36_state0_min_wb_min.log::
 OPNLGU> Unit 10 opened for WRITE access to 2agy_c36_state0_min_wb_min.log
  
 CHARMM>    outu 10
  
 CHARMM>    close unit 10
 VCLOSE: Closing unit   10 with status "KEEP"
  
 CHARMM>    if ncfg le @LAST goto placion
 Parameter: LAST -> "3"
 Comparing "3" and "3".
 IF test evaluated as true.  Performing command
  
 CHARMM>    time now
 CPU TIME=       0.00 ELAPSED TIME=    1502.64
  
 CHARMM>     
  
 CHARMM>    open unit 10 write card name @molname.log
 Parameter: MOLNAME -> "2AGY_C36_STATE0_MIN_WB_MIN"
 VOPEN> Attempting to open::2agy_c36_state0_min_wb_min.log::
 OPNLGU> Unit 10 opened for WRITE access to 2agy_c36_state0_min_wb_min.log
  
 CHARMM>    outu 10
  
 CHARMM>    close unit 10
 VCLOSE: Closing unit   10 with status "KEEP"
  
 CHARMM>    if ncfg le @LAST goto placion
 Parameter: LAST -> "3"
 Comparing "4" and "3".
 IF test evaluated as false.  Skipping command
  
 CHARMM>     
  
 CHARMM>    stop
$$$$$$  New timer profile $$$$$
   Shake Setup                     0.17 Other:            0.00
   Shake time                      2.41 Other:            0.00
      Image Update                    2.82 Other:            0.00
      NBONDS                        600.03 Other:            0.00
   List time                     602.84 Other:            0.00
            Direct Ewald time             188.65 Other:            0.00
               Fill charge grid                9.83 Other:            0.00
               Scalar sum                      3.34 Other:            0.00
               Grad sum                       11.54 Other:            0.00
               FFT                             5.50 Other:            0.00
            Recip Ewald time               31.06 Other:            0.84
         Ewald time                    219.71 Other:            0.00
      Nonbond force                 220.39 Other:            0.68
         Bond energy                     0.18 Other:            0.00
         Angle energy                    0.40 Other:            0.00
         Dihedral energy                 0.37 Other:            0.00
         Restraints energy               0.00 Other:            0.00
      INTRNL energy                   1.05 Other:            0.11
   Energy time                   221.84 Other:            0.40
 Total time                   2220.56 Other:         1393.30

                    NORMAL TERMINATION BY NORMAL STOP
                    MOST SEVERE WARNING WAS AT LEVEL  0

                    $$$$$ JOB ACCOUNTING INFORMATION $$$$$
                     ELAPSED TIME:    37.01  MINUTES 
                         CPU TIME:    36.58  MINUTES 
