1
                 Chemistry at HARvard Macromolecular Mechanics
           (CHARMM) - Developmental Version 41a2   February 15, 2016            
                             Git commit ID 94a3dc9                              
       Copyright(c) 1984-2014  President and Fellows of Harvard College
                              All Rights Reserved
     Current operating system: Darwin-14.5.0(x86_64)@vpn-user-249-229.nomad     
                 Created on  8/16/16 at 17:12:46 by user: robert_arbon

            Maximum number of ATOMS:    360720, and RESidues:      120240
 RDTITL> * REMOVES BAD WDVS CONTACTS FROM CRYSTAL WATERS
 RDTITL> *
  
 CHARMM>     
  
 CHARMM>    stream /users/robert_arbon/code/aadh/setup.inp
 VOPEN> Attempting to open::/USERS/ROBERT_ARBON/CODE/AADH/SETUP.INP::
 OPNLGU> Unit 99 opened for READONLY access to /USERS/ROBERT_ARBON/CODE/AADH/SETUP.INP

                    INPUT STREAM SWITCHING TO UNIT    99
 RDTITL> * DIRECTORY DEFINITIONS
 RDTITL> *
 Parameter: IN1 <- "" <empty>
  
 CHARMM>     
  
 CHARMM>    set datadir /users/robert_arbon/code/aadh/data
 Parameter: DATADIR <- "/USERS/ROBERT_ARBON/CODE/AADH/DATA"
  
 CHARMM>    set geomdir /users/robert_arbon/code/aadh/data/kr/geoms
 Parameter: GEOMDIR <- "/USERS/ROBERT_ARBON/CODE/AADH/DATA/KR/GEOMS"
  
 CHARMM>    set evbgeoms /users/robert_arbon/code/aadh/evb/kr_geoms
 Parameter: EVBGEOMS <- "/USERS/ROBERT_ARBON/CODE/AADH/EVB/KR_GEOMS"
  
 CHARMM>    set basedir /users/robert_arbon/code/aadh
 Parameter: BASEDIR <- "/USERS/ROBERT_ARBON/CODE/AADH"
  
 CHARMM>    set charmmtop /users/robert_arbon/code/c41a2/toppar
 Parameter: CHARMMTOP <- "/USERS/ROBERT_ARBON/CODE/C41A2/TOPPAR"
  
 VCLOSE: Closing unit   99 with status "KEEP"

                    RETURNING TO INPUT STREAM     5
  
 CHARMM>     
  
 CHARMM>    prnlev 5
  
 CHARMM>     
  
 CHARMM>    ioformat extend
 MISCOM> Expanded I/O format is used.
  
 CHARMM>     
  
 CHARMM>    set molname 2agy_c36_state0
 Parameter: MOLNAME <- "2AGY_C36_STATE0"
  
 CHARMM>    stream @charmmtop/toppar_water_ions_fixed.str
 Parameter: CHARMMTOP -> "/USERS/ROBERT_ARBON/CODE/C41A2/TOPPAR"
 VOPEN> Attempting to open::/USERS/ROBERT_ARBON/CODE/C41A2/TOPPAR/TOPPAR_WATER_IONS_FIXED.STR::
 OPNLGU> Unit 99 opened for READONLY access to /USERS/ROBERT_ARBON/CODE/C41A2/TOPPAR/TOPPAR_WATER_IONS_FIXED.STR

                    INPUT STREAM SWITCHING TO UNIT    99
 RDTITL> * TOPLOGY AND PARAMETER INFORMATION FOR WATER AND IONS.
 RDTITL> *
 Parameter: IN1 <- "" <empty>
  
 CHARMM>     
  
 CHARMM>    !Testcase
 CHARMM>    !test_water_ions.inp
 CHARMM>     
  
 CHARMM>    ! IMPORTANT NOTE: this file contains NBFixes between carboxylates and sodium,
 CHARMM>    ! which will only apply if the main files containing carboxylate atom types
 CHARMM>    ! have been read in first!
 CHARMM>     
  
 CHARMM>    !references
 CHARMM>    !
 CHARMM>    !TIP3P water model
 CHARMM>    !
 CHARMM>    !W.L. Jorgensen; J.Chandrasekhar; J.D. Madura; R.W. Impey;
 CHARMM>    !M.L. Klein; "Comparison of simple potential functions for
 CHARMM>    !simulating liquid water", J. Chem. Phys. 79 926-935 (1983).
 CHARMM>    !
 CHARMM>    !IONS
 CHARMM>    !
 CHARMM>    !Ions from Roux and coworkers
 CHARMM>    !
 CHARMM>    !Beglov, D. and Roux, B., Finite Representation of an Infinite
 CHARMM>    !Bulk System: Solvent Boundary Potential for Computer Simulations,
 CHARMM>    !Journal of Chemical Physics, 1994, 100: 9050-9063
 CHARMM>    !
 CHARMM>    !ZINC
 CHARMM>    !
 CHARMM>    !Stote, R.H. and Karplus, M. Zinc Binding in Proteins and
 CHARMM>    !Solution: A Simple but Accurate Nonbonded Representation, PROTEINS:
 CHARMM>    !Structure, Function, and Genetics 23:12-31 (1995)
 CHARMM>     
  
 CHARMM>    !test "append" to determine if previous toppar files have been read and
 CHARMM>    !add append to "read rtf card" if true
 CHARMM>    set nat ?NATC
 RDCMND: can not substitute energy "?NATC"
 Parameter: NAT <- "?NATC"
  
 CHARMM>    set app
 Parameter: APP <- "" <empty>
  
 CHARMM>    !We're exploiting what is arguably a bug in the parser. On the left hand side,
 CHARMM>    !the quotes have priority, so NAT is correctly substituted. On the right hand
 CHARMM>    !side, the ? has priority and NATC" (sic) is not a valid substitution...
 CHARMM>    if "@NAT" ne "?NATC" if @nat ne 0 set app append
 Parameter: NAT -> "?NATC"
 Parameter: NAT -> "?NATC"
 RDCMND: can not substitute energy "?NATC""
 Comparing ""?NATC"" and ""?NATC"".
 IF test evaluated as false.  Skipping command
  
 CHARMM>     
  
 CHARMM>    read rtf card  !REA 26/07/2013 - deleted @app - always stream this first and everything else must be appended)
 MAINIO> Residue topology file being read from unit  99.
 RDTITL> * TOPOLOGY FOR WATER AND IONS
 RDTITL> *
  
 CHARMM>     
  
 CHARMM>    read para card flex  !REA - deleted @app

          PARAMETER FILE BEING READ FROM UNIT 99
 RDTITL> * PARAMETERS FOR WATER AND IONS
 RDTITL> *
 PARMIO> NONBOND, HBOND lists and IMAGE atoms cleared.
  
 CHARMM>     
  
 CHARMM>    ! The following section contains NBFixes for sodium interacting with
 CHARMM>    ! carboxylate oxygens of various CHARMM force fields. It will generate
 CHARMM>    ! level -1 warnings whenever any of these force fields have not been
 CHARMM>    ! read prior to the current stream file. Since we don't want to force
 CHARMM>    ! the user to always read all the force fields, we're suppressing the
 CHARMM>    ! warnings. The only side effect is that you will have "most severe
 CHARMM>    ! warning was at level 0" at the end of your output. Also note that
 CHARMM>    ! the user is responsible for reading the current file last if they
 CHARMM>    ! want the NBFixes to apply. A more elegant solution would require new
 CHARMM>    ! features to be added to CHARMM.
 CHARMM>    ! parallel fix, to avoid duplicated messages in the log
 CHARMM>    set para
 Parameter: PARA <- "" <empty>
  
 CHARMM>    if ?NUMNODE gt 1 set para node 0
 RDCMND substituted energy or value "?NUMNODE" to "1"
 Comparing "1" and "1".
 IF test evaluated as false.  Skipping command
  
 CHARMM>     
  
 CHARMM>    set wrn ?WRNLEV
 RDCMND substituted energy or value "?WRNLEV" to "5"
 Parameter: WRN <- "5"
  
 CHARMM>    ! Some versions of CHARMM don't seem to initialize wrnlev...
 CHARMM>    if "@WRN" eq "?WRNLEV" set wrn 5
 Parameter: WRN -> "5"
 RDCMND: can not substitute energy "?WRNLEV""
 Comparing ""5"" and ""?WRNLEV"".
 IF test evaluated as false.  Skipping command
  
 CHARMM>    set bom ?bomlev
 RDCMND substituted energy or value "?BOMLEV" to "0"
 Parameter: BOM <- "0"
  
 CHARMM>    WRNLEV -1 @PARA
 Parameter: PARA -> "" <empty>
  
 CHARMM>    BOMLEV -1 @PARA
 Parameter: PARA -> "" <empty>
  
 CHARMM>    read para card flex append

          PARAMETER FILE BEING READ FROM UNIT 99
 RDTITL> * NBFIX BETWEEN CARBOXYLATE AND SODIUM
 RDTITL> *
 PARMIO> NONBOND, HBOND lists and IMAGE atoms cleared.
  
 CHARMM>    BOMLEV @bom @PARA
 Parameter: BOM -> "0"
 Parameter: PARA -> "" <empty>
  
 CHARMM>    WRNLEV @wrn @PARA
 Parameter: WRN -> "5"
 Parameter: PARA -> "" <empty>
  
 CHARMM>     
  
 CHARMM>    return
 VCLOSE: Closing unit   99 with status "KEEP"

                    RETURNING TO INPUT STREAM     5
  
 CHARMM>    read rtf card name @charmmtop/top_all36_prot.rtf append flex
 Parameter: CHARMMTOP -> "/USERS/ROBERT_ARBON/CODE/C41A2/TOPPAR"
 VOPEN> Attempting to open::/USERS/ROBERT_ARBON/CODE/C41A2/TOPPAR/TOP_ALL36_PROT.RTF::
 MAINIO> Residue topology file being read from unit  90.
 TITLE> *>>>>>>>>CHARMM36 ALL-HYDROGEN TOPOLOGY FILE FOR PROTEINS <<<<<<
 TITLE> *>>>>> INCLUDES PHI, PSI CROSS TERM MAP (CMAP) CORRECTION <<<<<<<
 TITLE> *>>>>>>>>>>>>>>>>>>>>>>>>>> MAY 2011 <<<<<<<<<<<<<<<<<<<<<<<<<<<<
 TITLE> * ALL COMMENTS TO THE CHARMM WEB SITE: WWW.CHARMM.ORG
 TITLE> *             PARAMETER SET DISCUSSION FORUM
 TITLE> *
 VCLOSE: Closing unit   90 with status "KEEP"
  
 CHARMM>    read rtf card name @datadir/ra/aadh_topologies.rtf append flex
 Parameter: DATADIR -> "/USERS/ROBERT_ARBON/CODE/AADH/DATA"
 VOPEN> Attempting to open::/USERS/ROBERT_ARBON/CODE/AADH/DATA/RA/AADH_TOPOLOGIES.RTF::
 MAINIO> Residue topology file being read from unit  90.
 TITLE> * RESIDUES AND PATCHES FOR CREATING AADH REACTANT AND PRODUCTS
 TITLE> * ATOM DEFINITIONS IS TAKEN FROM TOP_ALL36_PROT.RTF
 TITLE> * PREAMLE IS TAKEN FROM TOP_TTW.INP
 TITLE> * >>>>>
 TITLE> * RESI TTW - /DATA/KR/TOP_TTW.INP
 TITLE> * RESI TTW2 - /DATA/KR/TOP_TTW.INP - I DON'T THINK THIS IS USED SO THIS WON'T BE ADJUSTED.
 TITLE> * PRES TRPM - /DATA/NEW_MD/TRPM.RTF
 TITLE> * PRES TTWP - /DATA/KR/TTW_PROD.RTF
 TITLE> * PRES ASP1/2 - /DATA/KR/TTW_PROD.RTF
 TITLE> * PRES TTQ_TRP - /DATA/NEW_MD/TTW_TOP.INP
 TITLE> * THE ORIGINAL PATCHES AND RESIDUES WERE SPECIFIED IN THE CHARM22 FF
 TITLE> * 23/07/2016 - THE PRODUCT PATCHES WILL HAVE TO CHANGE (TO GET RID OF DELE STATEMENT)
 TITLE> *               AND TO PRESERVE THE ATOMS LABELLING CHANGES.
 TITLE> *
 WARNING from DECODI -- Zero length string being converted to 0
 RTFRDR> WARNING: Version number is NOT specified.
 VCLOSE: Closing unit   90 with status "KEEP"
  
 CHARMM>    read para card name @charmmtop/par_all36_prot_mod.prm append flex
 Parameter: CHARMMTOP -> "/USERS/ROBERT_ARBON/CODE/C41A2/TOPPAR"
 VOPEN> Attempting to open::/USERS/ROBERT_ARBON/CODE/C41A2/TOPPAR/PAR_ALL36_PROT_MOD.PRM::

          PARAMETER FILE BEING READ FROM UNIT 90
 TITLE> *>>>> CHARMM36 ALL-HYDROGEN PARAMETER FILE FOR PROTEINS <<<<<<<<<<
 TITLE> *>>>>> INCLUDES PHI, PSI CROSS TERM MAP (CMAP) CORRECTION <<<<<<<<
 TITLE> *>>>>>>>>>>>>>>>>>>>>>>>>>> JAN. 2016 <<<<<<<<<<<<<<<<<<<<<<<<<<<<
 TITLE> * ALL COMMENTS TO THE CHARMM WEB SITE: WWW.CHARMM.ORG
 TITLE> *             PARAMETER SET DISCUSSION FORUM
 TITLE> *
 PARMIO> NONBOND, HBOND lists and IMAGE atoms cleared.
 VCLOSE: Closing unit   90 with status "KEEP"
  
 CHARMM>    read para card name @datadir/ra/aadh_parameters.prm append flex
 Parameter: DATADIR -> "/USERS/ROBERT_ARBON/CODE/AADH/DATA"
 VOPEN> Attempting to open::/USERS/ROBERT_ARBON/CODE/AADH/DATA/RA/AADH_PARAMETERS.PRM::

          PARAMETER FILE BEING READ FROM UNIT 90
 TITLE> * PARAMETERS SPECIFIC TO AADH.  TO BE USED IN CONJUNCTION WITH AADH_TOPOLOGIES.RTF
 TITLE> * THESE WERE TAKEN FROM EACH SECTION IN /DATA/KR/PAR_TTW.INP
 TITLE> *   AND ADDITIONALLY FROM /DATA/NEW_MD/PAR_TTW.INP
 TITLE> * THERE'S NO ANGLE PARAMETERS FOR HA ONLY HA1/2/3 SO CHANGE THE HAS IN THE AADH_TOPOLOGIES
 TITLE> * ADDED NBFIX
 TITLE>  
 PARMIO> NONBOND, HBOND lists and IMAGE atoms cleared.
 VCLOSE: Closing unit   90 with status "KEEP"
  
 CHARMM>     
  
 CHARMM>    read psf card name ../common/@molname.psf
 Parameter: MOLNAME -> "2AGY_C36_STATE0"
 VOPEN> Attempting to open::../COMMON/2AGY_C36_STATE0.PSF::
 MAINIO> Protein structure file being read from unit  90.
 TITLE>  * BASED ON 2AGY_SOL_ION.PDB CREATED BY KR, FOUND IN CURIE/KR8728/AADH/NEW_MD
 TITLE>  * VMD REMOVED THE SOLVATED IONS AND WATER BUT KEPT THE CRYSTAL WATER AND PROTEIN
 TITLE>  * NEW PSF AND PDB CREATED USING THE CHARMM 36 FORCEFIELD
 TITLE>  *  DATE:     8/13/16     16: 0: 5      CREATED BY USER: robert_arbon
 TITLE>  *
 PSFSUM> PSF modified: NONBOND lists and IMAGE atoms cleared.
 PSFSUM> Summary of the structure file counters :
         Number of segments      =        8   Number of residues   =     2458
         Number of atoms         =    18956   Number of groups     =     5808
         Number of bonds         =    19155   Number of angles     =    27848
         Number of dihedrals     =    38677   Number of impropers  =     2624
         Number of cross-terms   =      936
         Number of HB acceptors  =     2950   Number of HB donors  =     4670
         Number of NB exclusions =        0   Total charge =  -12.00000
 VCLOSE: Closing unit   90 with status "KEEP"
  
 CHARMM>    read coor card name ../common/@molname.crd
 Parameter: MOLNAME -> "2AGY_C36_STATE0"
 VOPEN> Attempting to open::../COMMON/2AGY_C36_STATE0.CRD::
          SPATIAL COORDINATES BEING READ FROM UNIT 90
 TITLE> * BASED ON 2AGY_SOL_ION.PDB CREATED BY KR, FOUND IN CURIE/KR8728/AADH/NEW_MD
 TITLE> * VMD REMOVED THE SOLVATED IONS AND WATER BUT KEPT THE CRYSTAL WATER AND PROTEIN
 TITLE> * NEW PSF AND PDB CREATED USING THE CHARMM 36 FORCEFIELD
 TITLE> *  DATE:     8/13/16     16: 0: 5      CREATED BY USER: ROBERT_ARBON
 TITLE> *
 VCLOSE: Closing unit   90 with status "KEEP"
  
 CHARMM>     
  
 CHARMM>    ! SELECTIONS
 CHARMM>    define prot sele .not. segid XW* end
 SELRPN>  14420 atoms have been selected out of  18956
  
 CHARMM>    define mainc sele type n .or. type ca .or. type c .or. type o end
 SELRPN>   3780 atoms have been selected out of  18956
  
 CHARMM>     
  
 CHARMM>    ! CONSTRAINTS:
 CHARMM>    cons harm sele mainc end force 1.0
 SELRPN>   3780 atoms have been selected out of  18956
 CSTRAN: Harmonic Restraints
          ABSOlute type as set number  1.  Number of selected atoms:   3780
          Reference coordinates set to main coordinates.
          Mass weighting will NOT be used for new restraints.
          The force constant of       1.00000 will be used.
          An exponent of  2 will be used.
          The XYZ scale factors are:       1.00000       1.00000       1.00000
          A total of   3780 atoms are restrained.
  
 CHARMM>     
  
 CHARMM>    ! NONBOND OPTIONS
 CHARMM>    NBONDED nbxmod  5 atom cdiel fshift vatom vdistance vfswitch -
 CHARMM>    cutnb 14.0 ctofnb 12.0 ctonnb 10.0 eps 1.0 e14fac 1.0 wmin 1.5

 NONBOND OPTION FLAGS: 
     ELEC     VDW      ATOMs    CDIElec  FSHIft   VATOm    VFSWIt  
     BYGRoup  NOEXtnd  NOEWald 
 CUTNB  = 14.000 CTEXNB =999.000 CTONNB = 10.000 CTOFNB = 12.000
 CGONNB =  0.000 CGOFNB = 10.000
 WMIN   =  1.500 WRNMXD =  0.500 E14FAC =  1.000 EPS    =  1.000
 NBXMOD =      5
 There are        0 atom  pairs and        0 atom  exclusions.
 There are        0 group pairs and        0 group exclusions.
 <MAKINB> with mode   5 found  45495 exclusions and  37937 interactions(1-4)
 <MAKGRP> found  12527 group exclusions.
 Generating nonbond list with Exclusion mode = 5
 == PRIMARY == SPACE FOR  5447038 ATOM PAIRS AND        0 GROUP PAIRS
 == PRIMARY == SPACE FOR  8170577 ATOM PAIRS AND        0 GROUP PAIRS
 == PRIMARY == SPACE FOR 12255886 ATOM PAIRS AND        0 GROUP PAIRS

 General atom nonbond list generation found:
  8811522 ATOM PAIRS WERE FOUND FOR ATOM LIST
   514117 GROUP PAIRS REQUIRED ATOM SEARCHES

  
 CHARMM>     
  
 CHARMM>    coor copy comp
 SELECTED COORDINATES COPIED TO THE COMPARISON SET.

  
 CHARMM>     
  
 CHARMM>    !MINIMIZATION
 CHARMM>     
  
 CHARMM>    mini sd nstep 50 nprint 25

 NONBOND OPTION FLAGS: 
     ELEC     VDW      ATOMs    CDIElec  FSHIft   VATOm    VFSWIt  
     BYGRoup  NOEXtnd  NOEWald 
 CUTNB  = 14.000 CTEXNB =999.000 CTONNB = 10.000 CTOFNB = 12.000
 CGONNB =  0.000 CGOFNB = 10.000
 WMIN   =  1.500 WRNMXD =  0.500 E14FAC =  1.000 EPS    =  1.000
 NBXMOD =      5
 There are  8811522 atom  pairs and    83432 atom  exclusions.
 There are        0 group pairs and    12527 group exclusions.
 Generating nonbond list with Exclusion mode = 5
 == PRIMARY == SPACE FOR 12255886 ATOM PAIRS AND        0 GROUP PAIRS

 General atom nonbond list generation found:
  8811522 ATOM PAIRS WERE FOUND FOR ATOM LIST
   514117 GROUP PAIRS REQUIRED ATOM SEARCHES



 STEEPD> An energy minimization has been requested.

 NSTEP  =           50   NPRINT =           25
 STEP   =    0.0200000   TOLFUN =    0.0000000
 TOLGRD =    0.0000000   TOLSTP =    0.0000000

MINI MIN: Cycle      ENERgy      Delta-E         GRMS    Step-size
MINI INTERN:          BONDs       ANGLes       UREY-b    DIHEdrals    IMPRopers
MINI CROSS:           CMAPs        PMF1D        PMF2D        PRIMO
MINI EXTERN:        VDWaals         ELEC       HBONds          ASP         USER
 ----------       ---------    ---------    ---------    ---------    ---------
MINI>        0  0.75920E+25  0.00000E+00  0.20450E+26  0.20000E-01
MINI INTERN>     4056.46216   3850.68187    598.55066   8752.35747    115.56863
MINI CROSS>      -275.82432      0.00000      0.00000      0.00000
MINI EXTERN>    0.75920E+25 -0.24490E+05  0.00000E+00  0.00000E+00  0.00000E+00
 ----------       ---------    ---------    ---------    ---------    ---------
 UPDECI: Nonbond update at step         1
 Generating nonbond list with Exclusion mode = 5
 == PRIMARY == SPACE FOR 12255886 ATOM PAIRS AND        0 GROUP PAIRS

 General atom nonbond list generation found:
  8811508 ATOM PAIRS WERE FOUND FOR ATOM LIST
   514143 GROUP PAIRS REQUIRED ATOM SEARCHES

 UPDECI: Nonbond update at step         2
 Generating nonbond list with Exclusion mode = 5
 == PRIMARY == SPACE FOR 12255886 ATOM PAIRS AND        0 GROUP PAIRS

 General atom nonbond list generation found:
  8811503 ATOM PAIRS WERE FOUND FOR ATOM LIST
   514165 GROUP PAIRS REQUIRED ATOM SEARCHES

 UPDECI: Nonbond update at step         3
 Generating nonbond list with Exclusion mode = 5
 == PRIMARY == SPACE FOR 12255886 ATOM PAIRS AND        0 GROUP PAIRS

 General atom nonbond list generation found:
  8811482 ATOM PAIRS WERE FOUND FOR ATOM LIST
   514177 GROUP PAIRS REQUIRED ATOM SEARCHES

 UPDECI: Nonbond update at step         4
 Generating nonbond list with Exclusion mode = 5
 == PRIMARY == SPACE FOR 12255886 ATOM PAIRS AND        0 GROUP PAIRS

 General atom nonbond list generation found:
  8811462 ATOM PAIRS WERE FOUND FOR ATOM LIST
   514196 GROUP PAIRS REQUIRED ATOM SEARCHES

 UPDECI: Nonbond update at step         5
 Generating nonbond list with Exclusion mode = 5
 == PRIMARY == SPACE FOR 12255886 ATOM PAIRS AND        0 GROUP PAIRS

 General atom nonbond list generation found:
  8811440 ATOM PAIRS WERE FOUND FOR ATOM LIST
   514278 GROUP PAIRS REQUIRED ATOM SEARCHES

 EPHI: WARNING. bent improper torsion angle is 

far from minimum for;
    IPHI= 2433  with deltaPHI=-163.0237 MIN=   0.0000 ATOMS:13465134621346713466
 UPDECI: Nonbond update at step         6
 Generating nonbond list with Exclusion mode = 5
 == PRIMARY == SPACE FOR 12255886 ATOM PAIRS AND        0 GROUP PAIRS

 General atom nonbond list generation found:
  8811403 ATOM PAIRS WERE FOUND FOR ATOM LIST
   514296 GROUP PAIRS REQUIRED ATOM SEARCHES

 EPHI: WARNING. bent improper torsion angle is 

far from minimum for;
    IPHI= 2433  with deltaPHI=-163.0242 MIN=   0.0000 ATOMS:13465134621346713466
 UPDECI: Nonbond update at step         7
 Generating nonbond list with Exclusion mode = 5
 == PRIMARY == SPACE FOR 12255886 ATOM PAIRS AND        0 GROUP PAIRS

 General atom nonbond list generation found:
  8811405 ATOM PAIRS WERE FOUND FOR ATOM LIST
   514299 GROUP PAIRS REQUIRED ATOM SEARCHES

 EPHI: WARNING. bent improper torsion angle is 

far from minimum for;
    IPHI= 2433  with deltaPHI=-163.8695 MIN=   0.0000 ATOMS:13465134621346713466
 UPDECI: Nonbond update at step         8
 Generating nonbond list with Exclusion mode = 5
 == PRIMARY == SPACE FOR 12255886 ATOM PAIRS AND        0 GROUP PAIRS

 General atom nonbond list generation found:
  8811412 ATOM PAIRS WERE FOUND FOR ATOM LIST
   514303 GROUP PAIRS REQUIRED ATOM SEARCHES

 EPHI: WARNING. bent improper torsion angle is 

far from minimum for;
    IPHI= 2433  with deltaPHI= 156.2537 MIN=   0.0000 ATOMS:13465134621346713466
 UPDECI: Nonbond update at step         9
 Generating nonbond list with Exclusion mode = 5
 == PRIMARY == SPACE FOR 12255886 ATOM PAIRS AND        0 GROUP PAIRS

 General atom nonbond list generation found:
  8811402 ATOM PAIRS WERE FOUND FOR ATOM LIST
   514345 GROUP PAIRS REQUIRED ATOM SEARCHES

 UPDECI: Nonbond update at step        10
 Generating nonbond list with Exclusion mode = 5
 == PRIMARY == SPACE FOR 12255886 ATOM PAIRS AND        0 GROUP PAIRS

 General atom nonbond list generation found:
  8811397 ATOM PAIRS WERE FOUND FOR ATOM LIST
   514358 GROUP PAIRS REQUIRED ATOM SEARCHES

 UPDECI: Nonbond update at step        11
 Generating nonbond list with Exclusion mode = 5
 == PRIMARY == SPACE FOR 12255886 ATOM PAIRS AND        0 GROUP PAIRS

 General atom nonbond list generation found:
  8811373 ATOM PAIRS WERE FOUND FOR ATOM LIST
   514372 GROUP PAIRS REQUIRED ATOM SEARCHES

 EPHI: WARNING. bent improper torsion angle is 

far from minimum for;
    IPHI= 2434  with deltaPHI=-136.2182 MIN=   0.0000 ATOMS:13467134651346913468
 UPDECI: Nonbond update at step        12
 Generating nonbond list with Exclusion mode = 5
 == PRIMARY == SPACE FOR 12255886 ATOM PAIRS AND        0 GROUP PAIRS

 General atom nonbond list generation found:
  8811350 ATOM PAIRS WERE FOUND FOR ATOM LIST
   514413 GROUP PAIRS REQUIRED ATOM SEARCHES

 EPHI: WARNING. bent improper torsion angle is 

far from minimum for;
    IPHI= 2434  with deltaPHI=-132.8337 MIN=   0.0000 ATOMS:13467134651346913468
 UPDECI: Nonbond update at step        13
 Generating nonbond list with Exclusion mode = 5
 == PRIMARY == SPACE FOR 12255886 ATOM PAIRS AND        0 GROUP PAIRS

 General atom nonbond list generation found:
  8811289 ATOM PAIRS WERE FOUND FOR ATOM LIST
   514437 GROUP PAIRS REQUIRED ATOM SEARCHES

 EPHI: WARNING. bent improper torsion angle is 

far from minimum for;
    IPHI= 2434  with deltaPHI=-129.6150 MIN=   0.0000 ATOMS:13467134651346913468
 UPDECI: Nonbond update at step        14
 Generating nonbond list with Exclusion mode = 5
 == PRIMARY == SPACE FOR 12255886 ATOM PAIRS AND        0 GROUP PAIRS

 General atom nonbond list generation found:
  8811239 ATOM PAIRS WERE FOUND FOR ATOM LIST
   514506 GROUP PAIRS REQUIRED ATOM SEARCHES

 EPHI: WARNING. bent improper torsion angle is 

far from minimum for;
    IPHI= 2434  with deltaPHI=-121.6432 MIN=   0.0000 ATOMS:13467134651346913468
 UPDECI: Nonbond update at step        15
 Generating nonbond list with Exclusion mode = 5
 == PRIMARY == SPACE FOR 12255886 ATOM PAIRS AND        0 GROUP PAIRS

 General atom nonbond list generation found:
  8811227 ATOM PAIRS WERE FOUND FOR ATOM LIST
   514532 GROUP PAIRS REQUIRED ATOM SEARCHES

 EPHI: WARNING. bent improper torsion angle is 

far from minimum for;
    IPHI= 2434  with deltaPHI=-121.3604 MIN=   0.0000 ATOMS:13467134651346913468
 EPHI: WARNING. bent improper torsion angle is 

far from minimum for;
    IPHI= 2434  with deltaPHI=-121.3524 MIN=   0.0000 ATOMS:13467134651346913468
 EPHI: WARNING. bent improper torsion angle is 

far from minimum for;
    IPHI= 2434  with deltaPHI=-113.4722 MIN=   0.0000 ATOMS:13467134651346913468
 UPDECI: Nonbond update at step        18
 Generating nonbond list with Exclusion mode = 5
 == PRIMARY == SPACE FOR 12255886 ATOM PAIRS AND        0 GROUP PAIRS

 General atom nonbond list generation found:
  8811182 ATOM PAIRS WERE FOUND FOR ATOM LIST
   514346 GROUP PAIRS REQUIRED ATOM SEARCHES

 EPHI: WARNING. bent improper torsion angle is 

far from minimum for;
    IPHI= 2434  with deltaPHI= -90.1189 MIN=   0.0000 ATOMS:13467134651346913468
 UPDECI: Nonbond update at step        19
 Generating nonbond list with Exclusion mode = 5
 == PRIMARY == SPACE FOR 12255886 ATOM PAIRS AND        0 GROUP PAIRS

 General atom nonbond list generation found:
  8811212 ATOM PAIRS WERE FOUND FOR ATOM LIST
   514345 GROUP PAIRS REQUIRED ATOM SEARCHES

 EPHI: WARNING. bent improper torsion angle is 

far from minimum for;
    IPHI= 2434  with deltaPHI= -86.5542 MIN=   0.0000 ATOMS:13467134651346913468
 UPDECI: Nonbond update at step        21
 Generating nonbond list with Exclusion mode = 5
 == PRIMARY == SPACE FOR 12255886 ATOM PAIRS AND        0 GROUP PAIRS

 General atom nonbond list generation found:
  8811202 ATOM PAIRS WERE FOUND FOR ATOM LIST
   514186 GROUP PAIRS REQUIRED ATOM SEARCHES

 EPHIFASTER: WARNING.  dihedral38562 is almost linear.
 derivatives may be affected for atoms:14376143821438414385
 EPHIFASTER: WARNING.  dihedral38577 is almost linear.
 derivatives may be affected for atoms:14383143821438414385
MINI>       25  0.24061E+05  0.75920E+25  0.37275E+02  0.41599E-02
MINI INTERN>    30480.71387   7363.61410   2855.85299   8862.75180    279.03039
MINI CROSS>      -295.16518      0.00000      0.00000      0.00000
MINI EXTERN>     8405.99531 -33942.06977      0.00000      0.00000      0.00000
MINI CONSTR>       50.56138      0.00000      0.00000      0.00000      0.00000
 ----------       ---------    ---------    ---------    ---------    ---------
 UPDECI: Nonbond update at step        26
 Generating nonbond list with Exclusion mode = 5
 == PRIMARY == SPACE FOR 12255886 ATOM PAIRS AND        0 GROUP PAIRS

 General atom nonbond list generation found:
  8810872 ATOM PAIRS WERE FOUND FOR ATOM LIST
   513854 GROUP PAIRS REQUIRED ATOM SEARCHES

 UPDECI: Nonbond update at step        30
 Generating nonbond list with Exclusion mode = 5
 == PRIMARY == SPACE FOR 12255886 ATOM PAIRS AND        0 GROUP PAIRS

 General atom nonbond list generation found:
  8810713 ATOM PAIRS WERE FOUND FOR ATOM LIST
   513711 GROUP PAIRS REQUIRED ATOM SEARCHES

 UPDECI: Nonbond update at step        34
 Generating nonbond list with Exclusion mode = 5
 == PRIMARY == SPACE FOR 12255886 ATOM PAIRS AND        0 GROUP PAIRS

 General atom nonbond list generation found:
  8810543 ATOM PAIRS WERE FOUND FOR ATOM LIST
   513649 GROUP PAIRS REQUIRED ATOM SEARCHES

 UPDECI: Nonbond update at step        39
 Generating nonbond list with Exclusion mode = 5
 == PRIMARY == SPACE FOR 12255886 ATOM PAIRS AND        0 GROUP PAIRS

 General atom nonbond list generation found:
  8810377 ATOM PAIRS WERE FOUND FOR ATOM LIST
   513564 GROUP PAIRS REQUIRED ATOM SEARCHES

 UPDECI: Nonbond update at step        42
 Generating nonbond list with Exclusion mode = 5
 == PRIMARY == SPACE FOR 12255886 ATOM PAIRS AND        0 GROUP PAIRS

 General atom nonbond list generation found:
  8809614 ATOM PAIRS WERE FOUND FOR ATOM LIST
   513601 GROUP PAIRS REQUIRED ATOM SEARCHES

 UPDECI: Nonbond update at step        43
 Generating nonbond list with Exclusion mode = 5
 == PRIMARY == SPACE FOR 12255886 ATOM PAIRS AND        0 GROUP PAIRS

 General atom nonbond list generation found:
  8809487 ATOM PAIRS WERE FOUND FOR ATOM LIST
   513581 GROUP PAIRS REQUIRED ATOM SEARCHES

MINI>       50 -18782.21928  42843.50418     18.34486      0.00498
MINI INTERN>     1979.74996   3802.31976    592.67401   8719.40629    207.14721
MINI CROSS>      -352.58187      0.00000      0.00000      0.00000
MINI EXTERN>      362.15154 -34131.52994      0.00000      0.00000      0.00000
MINI CONSTR>       38.44377      0.00000      0.00000      0.00000      0.00000
 ----------       ---------    ---------    ---------    ---------    ---------

 STEEPD> Minimization exiting with number of steps limit (        50) exceeded.

STPD MIN: Cycle      ENERgy      Delta-E         GRMS    Step-size
STPD INTERN:          BONDs       ANGLes       UREY-b    DIHEdrals    IMPRopers
STPD CROSS:           CMAPs        PMF1D        PMF2D        PRIMO
STPD EXTERN:        VDWaals         ELEC       HBONds          ASP         USER
STPD CONSTR:       HARMonic    CDIHedral          CIC     RESDistance       NOE
 ----------       ---------    ---------    ---------    ---------    ---------
STPD>       50 -18782.21928  42843.50418     18.34486      0.00598
STPD INTERN>     1979.74996   3802.31976    592.67401   8719.40629    207.14721
STPD CROSS>      -352.58187      0.00000      0.00000      0.00000
STPD EXTERN>      362.15154 -34131.52994      0.00000      0.00000      0.00000
STPD CONSTR>       38.44377      0.00000      0.00000      0.00000      0.00000
 ----------       ---------    ---------    ---------    ---------    ---------
  
 CHARMM>    mini abnr nstep 3500 npri 25 tolg 0.01

 NONBOND OPTION FLAGS: 
     ELEC     VDW      ATOMs    CDIElec  FSHIft   VATOm    VFSWIt  
     BYGRoup  NOEXtnd  NOEWald 
 CUTNB  = 14.000 CTEXNB =999.000 CTONNB = 10.000 CTOFNB = 12.000
 CGONNB =  0.000 CGOFNB = 10.000
 WMIN   =  1.500 WRNMXD =  0.500 E14FAC =  1.000 EPS    =  1.000
 NBXMOD =      5
 There are  8809487 atom  pairs and    83432 atom  exclusions.
 There are        0 group pairs and    12527 group exclusions.
 Generating nonbond list with Exclusion mode = 5
 == PRIMARY == SPACE FOR 12255886 ATOM PAIRS AND        0 GROUP PAIRS

 General atom nonbond list generation found:
  8808730 ATOM PAIRS WERE FOUND FOR ATOM LIST
   513565 GROUP PAIRS REQUIRED ATOM SEARCHES



 ABNER> An energy minimization has been requested.

 EIGRNG =    0.0005000   MINDIM =            5
 NPRINT =           25   NSTEP  =         3500
 PSTRCT =    0.0000000   SDSTP  =    0.0200000
 STPLIM =    1.0000000   STRICT =    0.1000000
 TOLFUN =    0.0000000   TOLGRD =    0.0100000
 TOLITR =          100   TOLSTP =    0.0000000
 FMEM   =    0.0000000
MINI MIN: Cycle      ENERgy      Delta-E         GRMS    Step-size
MINI INTERN:          BONDs       ANGLes       UREY-b    DIHEdrals    IMPRopers
MINI CROSS:           CMAPs        PMF1D        PMF2D        PRIMO
MINI EXTERN:        VDWaals         ELEC       HBONds          ASP         USER
MINI CONSTR:       HARMonic    CDIHedral          CIC     RESDistance       NOE
 ----------       ---------    ---------    ---------    ---------    ---------
MINI>        0 -18782.21928  42843.50418     18.34486      0.00000
MINI INTERN>     1979.74996   3802.31976    592.67401   8719.40629    207.14721
MINI CROSS>      -352.58187      0.00000      0.00000      0.00000
MINI EXTERN>      362.15154 -34131.52994      0.00000      0.00000      0.00000
MINI CONSTR>       38.44377      0.00000      0.00000      0.00000      0.00000
 ----------       ---------    ---------    ---------    ---------    ---------
 UPDECI: Nonbond update at step        10
 Generating nonbond list with Exclusion mode = 5
 == PRIMARY == SPACE FOR 12255886 ATOM PAIRS AND        0 GROUP PAIRS

 General atom nonbond list generation found:
  8807574 ATOM PAIRS WERE FOUND FOR ATOM LIST
   513420 GROUP PAIRS REQUIRED ATOM SEARCHES

 UPDECI: Nonbond update at step        19
 Generating nonbond list with Exclusion mode = 5
 == PRIMARY == SPACE FOR 12255886 ATOM PAIRS AND        0 GROUP PAIRS

 General atom nonbond list generation found:
  8804430 ATOM PAIRS WERE FOUND FOR ATOM LIST
   513169 GROUP PAIRS REQUIRED ATOM SEARCHES

MINI>       25 -25561.35070   6779.13142      2.72981      2.71438
MINI INTERN>     1409.57132   2921.43875    236.75748   8654.79755    138.47473
MINI CROSS>      -405.13534      0.00000      0.00000      0.00000
MINI EXTERN>    -2922.38198 -35689.98296      0.00000      0.00000      0.00000
MINI CONSTR>       95.10976      0.00000      0.00000      0.00000      0.00000
 ----------       ---------    ---------    ---------    ---------    ---------
 UPDECI: Nonbond update at step        27
 Generating nonbond list with Exclusion mode = 5
 == PRIMARY == SPACE FOR 12255886 ATOM PAIRS AND        0 GROUP PAIRS

 General atom nonbond list generation found:
  8801387 ATOM PAIRS WERE FOUND FOR ATOM LIST
   513200 GROUP PAIRS REQUIRED ATOM SEARCHES

 UPDECI: Nonbond update at step        40
 Generating nonbond list with Exclusion mode = 5
 == PRIMARY == SPACE FOR 12255886 ATOM PAIRS AND        0 GROUP PAIRS

 General atom nonbond list generation found:
  8795190 ATOM PAIRS WERE FOUND FOR ATOM LIST
   512826 GROUP PAIRS REQUIRED ATOM SEARCHES

MINI>       50 -27995.05654   2433.70584      1.50649      0.90215
MINI INTERN>     1388.01882   2790.25154    186.27171   8627.93668    120.31920
MINI CROSS>      -431.88384      0.00000      0.00000      0.00000
MINI EXTERN>    -3490.65909 -37387.12072      0.00000      0.00000      0.00000
MINI CONSTR>      201.80916      0.00000      0.00000      0.00000      0.00000
 ----------       ---------    ---------    ---------    ---------    ---------
 UPDECI: Nonbond update at step        54
 Generating nonbond list with Exclusion mode = 5
 == PRIMARY == SPACE FOR 12255886 ATOM PAIRS AND        0 GROUP PAIRS

 General atom nonbond list generation found:
  8788150 ATOM PAIRS WERE FOUND FOR ATOM LIST
   512844 GROUP PAIRS REQUIRED ATOM SEARCHES

 UPDECI: Nonbond update at step        67
 Generating nonbond list with Exclusion mode = 5
 == PRIMARY == SPACE FOR 12255886 ATOM PAIRS AND        0 GROUP PAIRS

 General atom nonbond list generation found:
  8782484 ATOM PAIRS WERE FOUND FOR ATOM LIST
   512800 GROUP PAIRS REQUIRED ATOM SEARCHES

MINI>       75 -29012.28629   1017.22976      0.84922      0.29984
MINI INTERN>     1351.81393   2726.24399    165.52029   8645.55827    116.49856
MINI CROSS>      -442.32243      0.00000      0.00000      0.00000
MINI EXTERN>    -3505.17332 -38397.51801      0.00000      0.00000      0.00000
MINI CONSTR>      327.09243      0.00000      0.00000      0.00000      0.00000
 ----------       ---------    ---------    ---------    ---------    ---------
MINI>      100 -29921.49329    909.20700      0.66058      0.09965
MINI INTERN>     1309.08930   2597.00397    155.08297   8602.19404    109.43050
MINI CROSS>      -447.93825      0.00000      0.00000      0.00000
MINI EXTERN>    -3622.23616 -38924.55954      0.00000      0.00000      0.00000
MINI CONSTR>      300.43987      0.00000      0.00000      0.00000      0.00000
 ----------       ---------    ---------    ---------    ---------    ---------
 UPDECI: Nonbond update at step       112
 Generating nonbond list with Exclusion mode = 5
 == PRIMARY == SPACE FOR 12255886 ATOM PAIRS AND        0 GROUP PAIRS

 General atom nonbond list generation found:
  8779638 ATOM PAIRS WERE FOUND FOR ATOM LIST
   512493 GROUP PAIRS REQUIRED ATOM SEARCHES

MINI>      125 -30518.26083    596.76754      1.02959      0.15334
MINI INTERN>     1310.78628   2558.50352    152.63644   8583.63034    108.18834
MINI CROSS>      -447.84748      0.00000      0.00000      0.00000
MINI EXTERN>    -3360.52191 -39689.62131      0.00000      0.00000      0.00000
MINI CONSTR>      265.98495      0.00000      0.00000      0.00000      0.00000
 ----------       ---------    ---------    ---------    ---------    ---------
 UPDECI: Nonbond update at step       143
 Generating nonbond list with Exclusion mode = 5
 == PRIMARY == SPACE FOR 12255886 ATOM PAIRS AND        0 GROUP PAIRS

 General atom nonbond list generation found:
  8782745 ATOM PAIRS WERE FOUND FOR ATOM LIST
   512523 GROUP PAIRS REQUIRED ATOM SEARCHES

MINI>      150 -31007.49353    489.23269      0.83695      0.14157
MINI INTERN>     1345.54882   2581.44278    151.92828   8578.54831    108.02890
MINI CROSS>      -454.73666      0.00000      0.00000      0.00000
MINI EXTERN>    -3256.58129 -40341.64996      0.00000      0.00000      0.00000
MINI CONSTR>      279.97728      0.00000      0.00000      0.00000      0.00000
 ----------       ---------    ---------    ---------    ---------    ---------
 UPDECI: Nonbond update at step       162
 Generating nonbond list with Exclusion mode = 5
 == PRIMARY == SPACE FOR 12255886 ATOM PAIRS AND        0 GROUP PAIRS

 General atom nonbond list generation found:
  8785776 ATOM PAIRS WERE FOUND FOR ATOM LIST
   512680 GROUP PAIRS REQUIRED ATOM SEARCHES

MINI>      175 -31417.83320    410.33967      0.44058      0.07842
MINI INTERN>     1343.76782   2614.81769    151.05178   8577.02351    107.43025
MINI CROSS>      -464.51889      0.00000      0.00000      0.00000
MINI EXTERN>    -3164.63026 -40873.56268      0.00000      0.00000      0.00000
MINI CONSTR>      290.78758      0.00000      0.00000      0.00000      0.00000
 ----------       ---------    ---------    ---------    ---------    ---------
 UPDECI: Nonbond update at step       180
 Generating nonbond list with Exclusion mode = 5
 == PRIMARY == SPACE FOR 12255886 ATOM PAIRS AND        0 GROUP PAIRS

 General atom nonbond list generation found:
  8788791 ATOM PAIRS WERE FOUND FOR ATOM LIST
   512824 GROUP PAIRS REQUIRED ATOM SEARCHES

MINI>      200 -31693.94889    276.11569      0.89178      0.12066
MINI INTERN>     1356.91579   2607.86970    150.89030   8576.16841    105.91321
MINI CROSS>      -471.64496      0.00000      0.00000      0.00000
MINI EXTERN>    -3089.28425 -41218.78086      0.00000      0.00000      0.00000
MINI CONSTR>      288.00376      0.00000      0.00000      0.00000      0.00000
 ----------       ---------    ---------    ---------    ---------    ---------
 UPDECI: Nonbond update at step       213
 Generating nonbond list with Exclusion mode = 5
 == PRIMARY == SPACE FOR 12255886 ATOM PAIRS AND        0 GROUP PAIRS

 General atom nonbond list generation found:
  8793141 ATOM PAIRS WERE FOUND FOR ATOM LIST
   513057 GROUP PAIRS REQUIRED ATOM SEARCHES

MINI>      225 -31859.34926    165.40037      0.78695      0.11140
MINI INTERN>     1369.89033   2625.88100    150.85553   8581.63164    107.21266
MINI CROSS>      -475.47655      0.00000      0.00000      0.00000
MINI EXTERN>    -3045.26108 -41464.27152      0.00000      0.00000      0.00000
MINI CONSTR>      290.18873      0.00000      0.00000      0.00000      0.00000
 ----------       ---------    ---------    ---------    ---------    ---------
 UPDECI: Nonbond update at step       240
 Generating nonbond list with Exclusion mode = 5
 == PRIMARY == SPACE FOR 12255886 ATOM PAIRS AND        0 GROUP PAIRS

 General atom nonbond list generation found:
  8797459 ATOM PAIRS WERE FOUND FOR ATOM LIST
   513202 GROUP PAIRS REQUIRED ATOM SEARCHES

MINI>      250 -32013.05155    153.70229      0.41159      0.06171
MINI INTERN>     1368.03667   2626.89959    150.40528   8584.89029    107.23644
MINI CROSS>      -478.49068      0.00000      0.00000      0.00000
MINI EXTERN>    -3037.10983 -41624.77378      0.00000      0.00000      0.00000
MINI CONSTR>      289.85445      0.00000      0.00000      0.00000      0.00000
 ----------       ---------    ---------    ---------    ---------    ---------
 UPDECI: Nonbond update at step       267
 Generating nonbond list with Exclusion mode = 5
 == PRIMARY == SPACE FOR 12255886 ATOM PAIRS AND        0 GROUP PAIRS

 General atom nonbond list generation found:
  8800310 ATOM PAIRS WERE FOUND FOR ATOM LIST
   513521 GROUP PAIRS REQUIRED ATOM SEARCHES

MINI>      275 -32158.00986    144.95830      0.68015      0.09495
MINI INTERN>     1371.49251   2623.91525    150.58204   8586.02794    107.13099
MINI CROSS>      -480.60260      0.00000      0.00000      0.00000
MINI EXTERN>    -3005.04725 -41799.72141      0.00000      0.00000      0.00000
MINI CONSTR>      288.21267      0.00000      0.00000      0.00000      0.00000
 ----------       ---------    ---------    ---------    ---------    ---------
MINI>      300 -32275.15067    117.14081      0.82891      0.12987
MINI INTERN>     1381.54562   2628.20259    150.92486   8588.03452    107.92651
MINI CROSS>      -482.98031      0.00000      0.00000      0.00000
MINI EXTERN>    -2970.93317 -41966.14852      0.00000      0.00000      0.00000
MINI CONSTR>      288.27724      0.00000      0.00000      0.00000      0.00000
 ----------       ---------    ---------    ---------    ---------    ---------
 UPDECI: Nonbond update at step       301
 Generating nonbond list with Exclusion mode = 5
 == PRIMARY == SPACE FOR 12255886 ATOM PAIRS AND        0 GROUP PAIRS

 General atom nonbond list generation found:
  8804777 ATOM PAIRS WERE FOUND FOR ATOM LIST
   513734 GROUP PAIRS REQUIRED ATOM SEARCHES

MINI>      325 -32378.26917    103.11850      0.25631      0.03837
MINI INTERN>     1381.09905   2634.13797    150.91781   8588.61070    108.20712
MINI CROSS>      -484.64267      0.00000      0.00000      0.00000
MINI EXTERN>    -2935.59661 -42109.01984      0.00000      0.00000      0.00000
MINI CONSTR>      288.01729      0.00000      0.00000      0.00000      0.00000
 ----------       ---------    ---------    ---------    ---------    ---------
 UPDECI: Nonbond update at step       343
 Generating nonbond list with Exclusion mode = 5
 == PRIMARY == SPACE FOR 12255886 ATOM PAIRS AND        0 GROUP PAIRS

 General atom nonbond list generation found:
  8808525 ATOM PAIRS WERE FOUND FOR ATOM LIST
   513921 GROUP PAIRS REQUIRED ATOM SEARCHES

MINI>      350 -32463.34965     85.08048      0.34316      0.05903
MINI INTERN>     1384.09991   2648.92627    151.56295   8590.26931    108.73724
MINI CROSS>      -485.54888      0.00000      0.00000      0.00000
MINI EXTERN>    -2895.94698 -42252.70544      0.00000      0.00000      0.00000
MINI CONSTR>      287.25596      0.00000      0.00000      0.00000      0.00000
 ----------       ---------    ---------    ---------    ---------    ---------
MINI>      375 -32565.71889    102.36924      0.19425      0.03270
MINI INTERN>     1388.20568   2641.28570    151.70258   8590.20154    109.04511
MINI CROSS>      -485.22959      0.00000      0.00000      0.00000
MINI EXTERN>    -2876.64323 -42373.28537      0.00000      0.00000      0.00000
MINI CONSTR>      288.99868      0.00000      0.00000      0.00000      0.00000
 ----------       ---------    ---------    ---------    ---------    ---------
 UPDECI: Nonbond update at step       378
 Generating nonbond list with Exclusion mode = 5
 == PRIMARY == SPACE FOR 12255886 ATOM PAIRS AND        0 GROUP PAIRS

 General atom nonbond list generation found:
  8812585 ATOM PAIRS WERE FOUND FOR ATOM LIST
   513844 GROUP PAIRS REQUIRED ATOM SEARCHES

MINI>      400 -32643.51568     77.79679      0.30209      0.05032
MINI INTERN>     1388.55142   2660.47635    152.41900   8594.03702    109.56033
MINI CROSS>      -486.43294      0.00000      0.00000      0.00000
MINI EXTERN>    -2836.54134 -42517.09569      0.00000      0.00000      0.00000
MINI CONSTR>      291.51016      0.00000      0.00000      0.00000      0.00000
 ----------       ---------    ---------    ---------    ---------    ---------
 UPDECI: Nonbond update at step       419
 Generating nonbond list with Exclusion mode = 5
 == PRIMARY == SPACE FOR 12255886 ATOM PAIRS AND        0 GROUP PAIRS

 General atom nonbond list generation found:
  8815193 ATOM PAIRS WERE FOUND FOR ATOM LIST
   514038 GROUP PAIRS REQUIRED ATOM SEARCHES

MINI>      425 -32701.37522     57.85953      0.26281      0.04645
MINI INTERN>     1391.23448   2654.50408    152.28744   8596.96992    109.80090
MINI CROSS>      -487.39515      0.00000      0.00000      0.00000
MINI EXTERN>    -2795.83343 -42616.06383      0.00000      0.00000      0.00000
MINI CONSTR>      293.12038      0.00000      0.00000      0.00000      0.00000
 ----------       ---------    ---------    ---------    ---------    ---------
MINI>      450 -32748.96684     47.59163      0.13049      0.02859
MINI INTERN>     1393.98284   2654.57001    152.21619   8598.72053    109.69857
MINI CROSS>      -488.51966      0.00000      0.00000      0.00000
MINI EXTERN>    -2777.41857 -42686.53938      0.00000      0.00000      0.00000
MINI CONSTR>      294.32263      0.00000      0.00000      0.00000      0.00000
 ----------       ---------    ---------    ---------    ---------    ---------
 UPDECI: Nonbond update at step       459
 Generating nonbond list with Exclusion mode = 5
 == PRIMARY == SPACE FOR 12255886 ATOM PAIRS AND        0 GROUP PAIRS

 General atom nonbond list generation found:
  8817227 ATOM PAIRS WERE FOUND FOR ATOM LIST
   514020 GROUP PAIRS REQUIRED ATOM SEARCHES

MINI>      475 -32782.15262     33.18577      0.16256      0.02640
MINI INTERN>     1393.42976   2661.50675    152.29420   8599.95916    109.53835
MINI CROSS>      -487.45120      0.00000      0.00000      0.00000
MINI EXTERN>    -2780.56184 -42725.72375      0.00000      0.00000      0.00000
MINI CONSTR>      294.85596      0.00000      0.00000      0.00000      0.00000
 ----------       ---------    ---------    ---------    ---------    ---------
 UPDECI: Nonbond update at step       499
 Generating nonbond list with Exclusion mode = 5
 == PRIMARY == SPACE FOR 12255886 ATOM PAIRS AND        0 GROUP PAIRS

 General atom nonbond list generation found:
  8818333 ATOM PAIRS WERE FOUND FOR ATOM LIST
   514058 GROUP PAIRS REQUIRED ATOM SEARCHES

MINI>      500 -32818.64389     36.49127      0.34329      0.06769
MINI INTERN>     1392.95942   2663.21581    152.56338   8601.12137    109.64039
MINI CROSS>      -487.14994      0.00000      0.00000      0.00000
MINI EXTERN>    -2757.88942 -42789.28377      0.00000      0.00000      0.00000
MINI CONSTR>      296.17888      0.00000      0.00000      0.00000      0.00000
 ----------       ---------    ---------    ---------    ---------    ---------
MINI>      525 -32856.64422     38.00033      0.13660      0.02250
MINI INTERN>     1397.61984   2667.41348    152.48402   8601.01408    109.65491
MINI CROSS>      -486.55148      0.00000      0.00000      0.00000
MINI EXTERN>    -2746.97355 -42849.23988      0.00000      0.00000      0.00000
MINI CONSTR>      297.93436      0.00000      0.00000      0.00000      0.00000
 ----------       ---------    ---------    ---------    ---------    ---------
 UPDECI: Nonbond update at step       543
 Generating nonbond list with Exclusion mode = 5
 == PRIMARY == SPACE FOR 12255886 ATOM PAIRS AND        0 GROUP PAIRS

 General atom nonbond list generation found:
  8819215 ATOM PAIRS WERE FOUND FOR ATOM LIST
   514099 GROUP PAIRS REQUIRED ATOM SEARCHES

MINI>      550 -32886.11333     29.46912      0.23564      0.03462
MINI INTERN>     1398.00877   2668.45633    152.50388   8600.17249    109.87469
MINI CROSS>      -486.11894      0.00000      0.00000      0.00000
MINI EXTERN>    -2758.36052 -42869.30631      0.00000      0.00000      0.00000
MINI CONSTR>      298.65626      0.00000      0.00000      0.00000      0.00000
 ----------       ---------    ---------    ---------    ---------    ---------
MINI>      575 -32914.49726     28.38393      0.21393      0.03196
MINI INTERN>     1398.50831   2673.51621    152.88616   8603.43981    109.76902
MINI CROSS>      -486.56508      0.00000      0.00000      0.00000
MINI EXTERN>    -2743.45097 -42921.89742      0.00000      0.00000      0.00000
MINI CONSTR>      299.29669      0.00000      0.00000      0.00000      0.00000
 ----------       ---------    ---------    ---------    ---------    ---------
MINI>      600 -32941.96053     27.46327      0.18530      0.02951
MINI INTERN>     1398.69778   2673.66596    152.91503   8605.25548    109.72626
MINI CROSS>      -486.22297      0.00000      0.00000      0.00000
MINI EXTERN>    -2740.94942 -42955.25183      0.00000      0.00000      0.00000
MINI CONSTR>      300.20317      0.00000      0.00000      0.00000      0.00000
 ----------       ---------    ---------    ---------    ---------    ---------
 UPDECI: Nonbond update at step       605
 Generating nonbond list with Exclusion mode = 5
 == PRIMARY == SPACE FOR 12255886 ATOM PAIRS AND        0 GROUP PAIRS

 General atom nonbond list generation found:
  8820026 ATOM PAIRS WERE FOUND FOR ATOM LIST
   514072 GROUP PAIRS REQUIRED ATOM SEARCHES

MINI>      625 -32963.45755     21.49701      0.19753      0.02724
MINI INTERN>     1399.88924   2673.50225    153.08174   8605.94400    109.66051
MINI CROSS>      -486.18657      0.00000      0.00000      0.00000
MINI EXTERN>    -2736.69958 -42983.11389      0.00000      0.00000      0.00000
MINI CONSTR>      300.46474      0.00000      0.00000      0.00000      0.00000
 ----------       ---------    ---------    ---------    ---------    ---------
 UPDECI: Nonbond update at step       645
 Generating nonbond list with Exclusion mode = 5
 == PRIMARY == SPACE FOR 12255886 ATOM PAIRS AND        0 GROUP PAIRS

 General atom nonbond list generation found:
  8820635 ATOM PAIRS WERE FOUND FOR ATOM LIST
   514046 GROUP PAIRS REQUIRED ATOM SEARCHES

MINI>      650 -32985.98535     22.52780      0.30038      0.04657
MINI INTERN>     1399.00796   2676.57645    153.28209   8607.24184    109.34511
MINI CROSS>      -486.55885      0.00000      0.00000      0.00000
MINI EXTERN>    -2726.82509 -43019.12470      0.00000      0.00000      0.00000
MINI CONSTR>      301.06985      0.00000      0.00000      0.00000      0.00000
 ----------       ---------    ---------    ---------    ---------    ---------
 UPDECI: Nonbond update at step       673
 Generating nonbond list with Exclusion mode = 5
 == PRIMARY == SPACE FOR 12255886 ATOM PAIRS AND        0 GROUP PAIRS

 General atom nonbond list generation found:
  8821506 ATOM PAIRS WERE FOUND FOR ATOM LIST
   514050 GROUP PAIRS REQUIRED ATOM SEARCHES

MINI>      675 -33018.98334     32.99799      0.16136      0.02580
MINI INTERN>     1404.04988   2679.30572    153.13258   8610.41702    109.36543
MINI CROSS>      -486.66607      0.00000      0.00000      0.00000
MINI EXTERN>    -2714.75881 -43076.69186      0.00000      0.00000      0.00000
MINI CONSTR>      302.86277      0.00000      0.00000      0.00000      0.00000
 ----------       ---------    ---------    ---------    ---------    ---------
MINI>      700 -33042.81564     23.83230      0.17348      0.02382
MINI INTERN>     1405.25379   2679.38941    153.15945   8611.51032    109.76778
MINI CROSS>      -486.33169      0.00000      0.00000      0.00000
MINI EXTERN>    -2706.00182 -43113.77721      0.00000      0.00000      0.00000
MINI CONSTR>      304.21433      0.00000      0.00000      0.00000      0.00000
 ----------       ---------    ---------    ---------    ---------    ---------
MINI>      725 -33058.11493     15.29929      0.27446      0.03665
MINI INTERN>     1404.20198   2685.89532    153.27285   8610.56259    109.69487
MINI CROSS>      -485.98274      0.00000      0.00000      0.00000
MINI EXTERN>    -2706.16905 -43133.97868      0.00000      0.00000      0.00000
MINI CONSTR>      304.38794      0.00000      0.00000      0.00000      0.00000
 ----------       ---------    ---------    ---------    ---------    ---------
 UPDECI: Nonbond update at step       730
 Generating nonbond list with Exclusion mode = 5
 == PRIMARY == SPACE FOR 12255886 ATOM PAIRS AND        0 GROUP PAIRS

 General atom nonbond list generation found:
  8821989 ATOM PAIRS WERE FOUND FOR ATOM LIST
   514093 GROUP PAIRS REQUIRED ATOM SEARCHES

MINI>      750 -33082.32735     24.21241      0.23919      0.03384
MINI INTERN>     1406.73048   2683.47516    153.40486   8612.43030    109.72754
MINI CROSS>      -484.77347      0.00000      0.00000      0.00000
MINI EXTERN>    -2697.76146 -43170.38925      0.00000      0.00000      0.00000
MINI CONSTR>      304.82849      0.00000      0.00000      0.00000      0.00000
 ----------       ---------    ---------    ---------    ---------    ---------
 UPDECI: Nonbond update at step       768
 Generating nonbond list with Exclusion mode = 5
 == PRIMARY == SPACE FOR 12255886 ATOM PAIRS AND        0 GROUP PAIRS

 General atom nonbond list generation found:
  8822038 ATOM PAIRS WERE FOUND FOR ATOM LIST
   514095 GROUP PAIRS REQUIRED ATOM SEARCHES

MINI>      775 -33098.02225     15.69490      0.11849      0.01874
MINI INTERN>     1406.66912   2683.37090    153.19200   8612.93092    109.44486
MINI CROSS>      -484.35443      0.00000      0.00000      0.00000
MINI EXTERN>    -2696.97066 -43186.88786      0.00000      0.00000      0.00000
MINI CONSTR>      304.58289      0.00000      0.00000      0.00000      0.00000
 ----------       ---------    ---------    ---------    ---------    ---------
MINI>      800 -33108.46769     10.44544      0.28230      0.02884
MINI INTERN>     1410.11590   2683.43891    153.20875   8612.88342    109.45420
MINI CROSS>      -483.35413      0.00000      0.00000      0.00000
MINI EXTERN>    -2686.79377 -43211.85406      0.00000      0.00000      0.00000
MINI CONSTR>      304.43309      0.00000      0.00000      0.00000      0.00000
 ----------       ---------    ---------    ---------    ---------    ---------
 UPDECI: Nonbond update at step       803
 Generating nonbond list with Exclusion mode = 5
 == PRIMARY == SPACE FOR 12255886 ATOM PAIRS AND        0 GROUP PAIRS

 General atom nonbond list generation found:
  8822131 ATOM PAIRS WERE FOUND FOR ATOM LIST
   514168 GROUP PAIRS REQUIRED ATOM SEARCHES

MINI>      825 -33121.96306     13.49536      0.06960      0.01169
MINI INTERN>     1408.24699   2684.25030    153.22972   8614.25456    109.31939
MINI CROSS>      -482.79122      0.00000      0.00000      0.00000
MINI EXTERN>    -2682.91456 -43230.01387      0.00000      0.00000      0.00000
MINI CONSTR>      304.45563      0.00000      0.00000      0.00000      0.00000
 ----------       ---------    ---------    ---------    ---------    ---------
MINI>      850 -33131.49082      9.52777      0.11525      0.01798
MINI INTERN>     1409.07346   2683.95112    153.25668   8615.27179    109.32305
MINI CROSS>      -483.23539      0.00000      0.00000      0.00000
MINI EXTERN>    -2681.08239 -43242.34905      0.00000      0.00000      0.00000
MINI CONSTR>      304.29991      0.00000      0.00000      0.00000      0.00000
 ----------       ---------    ---------    ---------    ---------    ---------
 UPDECI: Nonbond update at step       859
 Generating nonbond list with Exclusion mode = 5
 == PRIMARY == SPACE FOR 12255886 ATOM PAIRS AND        0 GROUP PAIRS

 General atom nonbond list generation found:
  8822378 ATOM PAIRS WERE FOUND FOR ATOM LIST
   514267 GROUP PAIRS REQUIRED ATOM SEARCHES

MINI>      875 -33148.30749     16.81666      0.09736      0.01660
MINI INTERN>     1409.71605   2685.20323    153.33876   8616.95292    109.27148
MINI CROSS>      -484.01401      0.00000      0.00000      0.00000
MINI EXTERN>    -2681.67883 -43261.19474      0.00000      0.00000      0.00000
MINI CONSTR>      304.09766      0.00000      0.00000      0.00000      0.00000
 ----------       ---------    ---------    ---------    ---------    ---------
MINI>      900 -33157.05004      8.74256      0.06388      0.01533
MINI INTERN>     1410.19487   2685.42568    153.25287   8616.98376    109.26827
MINI CROSS>      -483.89256      0.00000      0.00000      0.00000
MINI EXTERN>    -2677.56071 -43274.79526      0.00000      0.00000      0.00000
MINI CONSTR>      304.07304      0.00000      0.00000      0.00000      0.00000
 ----------       ---------    ---------    ---------    ---------    ---------
 UPDECI: Nonbond update at step       906
 Generating nonbond list with Exclusion mode = 5
 == PRIMARY == SPACE FOR 12255886 ATOM PAIRS AND        0 GROUP PAIRS

 General atom nonbond list generation found:
  8822753 ATOM PAIRS WERE FOUND FOR ATOM LIST
   514217 GROUP PAIRS REQUIRED ATOM SEARCHES

MINI>      925 -33174.18158     17.13153      0.17964      0.02912
MINI INTERN>     1409.97807   2684.77362    153.35063   8616.42143    109.20396
MINI CROSS>      -483.16368      0.00000      0.00000      0.00000
MINI EXTERN>    -2676.96286 -43291.79893      0.00000      0.00000      0.00000
MINI CONSTR>      304.01620      0.00000      0.00000      0.00000      0.00000
 ----------       ---------    ---------    ---------    ---------    ---------
 UPDECI: Nonbond update at step       935
 Generating nonbond list with Exclusion mode = 5
 == PRIMARY == SPACE FOR 12255886 ATOM PAIRS AND        0 GROUP PAIRS

 General atom nonbond list generation found:
  8822964 ATOM PAIRS WERE FOUND FOR ATOM LIST
   514314 GROUP PAIRS REQUIRED ATOM SEARCHES

MINI>      950 -33187.05727     12.87570      0.11880      0.01613
MINI INTERN>     1410.55547   2685.66744    153.30412   8615.97129    109.18843
MINI CROSS>      -483.38697      0.00000      0.00000      0.00000
MINI EXTERN>    -2677.08246 -43305.04334      0.00000      0.00000      0.00000
MINI CONSTR>      303.76875      0.00000      0.00000      0.00000      0.00000
 ----------       ---------    ---------    ---------    ---------    ---------
MINI>      975 -33197.10284     10.04557      0.16672      0.02482
MINI INTERN>     1410.88676   2687.10392    153.45940   8615.38739    109.15500
MINI CROSS>      -484.20618      0.00000      0.00000      0.00000
MINI EXTERN>    -2675.15770 -43316.97237      0.00000      0.00000      0.00000
MINI CONSTR>      303.24093      0.00000      0.00000      0.00000      0.00000
 ----------       ---------    ---------    ---------    ---------    ---------
 UPDECI: Nonbond update at step       984
 Generating nonbond list with Exclusion mode = 5
 == PRIMARY == SPACE FOR 12255886 ATOM PAIRS AND        0 GROUP PAIRS

 General atom nonbond list generation found:
  8823044 ATOM PAIRS WERE FOUND FOR ATOM LIST
   514428 GROUP PAIRS REQUIRED ATOM SEARCHES

MINI>     1000 -33209.63148     12.52863      0.04890      0.00825
MINI INTERN>     1411.05310   2687.81884    153.40360   8615.75522    109.32135
MINI CROSS>      -485.39259      0.00000      0.00000      0.00000
MINI EXTERN>    -2672.71903 -43331.72483      0.00000      0.00000      0.00000
MINI CONSTR>      302.85286      0.00000      0.00000      0.00000      0.00000
 ----------       ---------    ---------    ---------    ---------    ---------
MINI>     1025 -33218.75513      9.12366      0.09280      0.01269
MINI INTERN>     1412.50589   2690.52830    153.49892   8616.52440    109.38830
MINI CROSS>      -486.00615      0.00000      0.00000      0.00000
MINI EXTERN>    -2664.66373 -43353.17995      0.00000      0.00000      0.00000
MINI CONSTR>      302.64889      0.00000      0.00000      0.00000      0.00000
 ----------       ---------    ---------    ---------    ---------    ---------
MINI>     1050 -33224.19894      5.44380      0.04144      0.00703
MINI INTERN>     1411.86706   2689.85820    153.47765   8616.65755    109.31305
MINI CROSS>      -485.99107      0.00000      0.00000      0.00000
MINI EXTERN>    -2663.46750 -43358.48249      0.00000      0.00000      0.00000
MINI CONSTR>      302.56861      0.00000      0.00000      0.00000      0.00000
 ----------       ---------    ---------    ---------    ---------    ---------
 UPDECI: Nonbond update at step      1063
 Generating nonbond list with Exclusion mode = 5
 == PRIMARY == SPACE FOR 12255886 ATOM PAIRS AND        0 GROUP PAIRS

 General atom nonbond list generation found:
  8822647 ATOM PAIRS WERE FOUND FOR ATOM LIST
   514407 GROUP PAIRS REQUIRED ATOM SEARCHES

MINI>     1075 -33232.46662      8.26768      0.07615      0.01803
MINI INTERN>     1411.82082   2690.02159    153.48747   8616.14410    109.56563
MINI CROSS>      -485.49655      0.00000      0.00000      0.00000
MINI EXTERN>    -2664.36964 -43366.48684      0.00000      0.00000      0.00000
MINI CONSTR>      302.84679      0.00000      0.00000      0.00000      0.00000
 ----------       ---------    ---------    ---------    ---------    ---------
MINI>     1100 -33240.71456      8.24793      0.06167      0.00999
MINI INTERN>     1412.64764   2690.13069    153.56337   8617.02505    109.63257
MINI CROSS>      -485.68209      0.00000      0.00000      0.00000
MINI EXTERN>    -2659.86262 -43381.67757      0.00000      0.00000      0.00000
MINI CONSTR>      303.50841      0.00000      0.00000      0.00000      0.00000
 ----------       ---------    ---------    ---------    ---------    ---------
 UPDECI: Nonbond update at step      1115
 Generating nonbond list with Exclusion mode = 5
 == PRIMARY == SPACE FOR 12255886 ATOM PAIRS AND        0 GROUP PAIRS

 General atom nonbond list generation found:
  8822043 ATOM PAIRS WERE FOUND FOR ATOM LIST
   514371 GROUP PAIRS REQUIRED ATOM SEARCHES

MINI>     1125 -33250.96583     10.25127      0.12808      0.02561
MINI INTERN>     1412.91215   2690.03378    153.43048   8617.07446    109.41252
MINI CROSS>      -485.87665      0.00000      0.00000      0.00000
MINI EXTERN>    -2657.31060 -43394.61286      0.00000      0.00000      0.00000
MINI CONSTR>      303.97088      0.00000      0.00000      0.00000      0.00000
 ----------       ---------    ---------    ---------    ---------    ---------
MINI>     1150 -33260.46007      9.49424      0.06865      0.01419
MINI INTERN>     1413.62210   2690.20084    153.36782   8617.14390    109.07105
MINI CROSS>      -486.20664      0.00000      0.00000      0.00000
MINI EXTERN>    -2650.56514 -43411.65980      0.00000      0.00000      0.00000
MINI CONSTR>      304.56580      0.00000      0.00000      0.00000      0.00000
 ----------       ---------    ---------    ---------    ---------    ---------
 UPDECI: Nonbond update at step      1160
 Generating nonbond list with Exclusion mode = 5
 == PRIMARY == SPACE FOR 12255886 ATOM PAIRS AND        0 GROUP PAIRS

 General atom nonbond list generation found:
  8821697 ATOM PAIRS WERE FOUND FOR ATOM LIST
   514360 GROUP PAIRS REQUIRED ATOM SEARCHES

MINI>     1175 -33271.28761     10.82754      0.08749      0.01455
MINI INTERN>     1413.90801   2690.53503    153.41109   8615.87114    108.92217
MINI CROSS>      -486.15171      0.00000      0.00000      0.00000
MINI EXTERN>    -2643.59302 -43429.57260      0.00000      0.00000      0.00000
MINI CONSTR>      305.38227      0.00000      0.00000      0.00000      0.00000
 ----------       ---------    ---------    ---------    ---------    ---------
MINI>     1200 -33280.87202      9.58441      0.08299      0.01344
MINI INTERN>     1414.00524   2690.05071    153.29279   8615.33334    108.74143
MINI CROSS>      -486.44575      0.00000      0.00000      0.00000
MINI EXTERN>    -2642.39455 -43438.36471      0.00000      0.00000      0.00000
MINI CONSTR>      304.90948      0.00000      0.00000      0.00000      0.00000
 ----------       ---------    ---------    ---------    ---------    ---------
 UPDECI: Nonbond update at step      1207
 Generating nonbond list with Exclusion mode = 5
 == PRIMARY == SPACE FOR 12255886 ATOM PAIRS AND        0 GROUP PAIRS

 General atom nonbond list generation found:
  8821604 ATOM PAIRS WERE FOUND FOR ATOM LIST
   514351 GROUP PAIRS REQUIRED ATOM SEARCHES

MINI>     1225 -33287.84494      6.97292      0.14415      0.01838
MINI INTERN>     1413.84731   2689.26088    153.33342   8614.11875    108.66539
MINI CROSS>      -486.48011      0.00000      0.00000      0.00000
MINI EXTERN>    -2642.16427 -43441.92118      0.00000      0.00000      0.00000
MINI CONSTR>      303.49486      0.00000      0.00000      0.00000      0.00000
 ----------       ---------    ---------    ---------    ---------    ---------
 UPDECI: Nonbond update at step      1250
 Generating nonbond list with Exclusion mode = 5
 == PRIMARY == SPACE FOR 12255886 ATOM PAIRS AND        0 GROUP PAIRS

 General atom nonbond list generation found:
  8821322 ATOM PAIRS WERE FOUND FOR ATOM LIST
   514364 GROUP PAIRS REQUIRED ATOM SEARCHES

MINI>     1250 -33299.52139     11.67645      0.14306      0.02095
MINI INTERN>     1413.78030   2688.95335    153.51193   8608.82741    108.63419
MINI CROSS>      -486.08695      0.00000      0.00000      0.00000
MINI EXTERN>    -2636.73000 -43451.23226      0.00000      0.00000      0.00000
MINI CONSTR>      300.82063      0.00000      0.00000      0.00000      0.00000
 ----------       ---------    ---------    ---------    ---------    ---------
MINI>     1275 -33304.28741      4.76602      0.07340      0.01160
MINI INTERN>     1413.77976   2688.73936    153.54597   8607.91642    108.54975
MINI CROSS>      -485.82009      0.00000      0.00000      0.00000
MINI EXTERN>    -2637.74466 -43454.01215      0.00000      0.00000      0.00000
MINI CONSTR>      300.75821      0.00000      0.00000      0.00000      0.00000
 ----------       ---------    ---------    ---------    ---------    ---------
MINI>     1300 -33306.91440      2.62700      0.07992      0.01071
MINI INTERN>     1413.91696   2688.39258    153.50158   8607.10490    108.46279
MINI CROSS>      -485.94960      0.00000      0.00000      0.00000
MINI EXTERN>    -2638.69120 -43454.86159      0.00000      0.00000      0.00000
MINI CONSTR>      301.20918      0.00000      0.00000      0.00000      0.00000
 ----------       ---------    ---------    ---------    ---------    ---------
MINI>     1325 -33309.23905      2.32465      0.06401      0.00989
MINI INTERN>     1414.13753   2688.82089    153.50672   8606.71188    108.32050
MINI CROSS>      -486.02760      0.00000      0.00000      0.00000
MINI EXTERN>    -2637.11042 -43458.63363      0.00000      0.00000      0.00000
MINI CONSTR>      301.03507      0.00000      0.00000      0.00000      0.00000
 ----------       ---------    ---------    ---------    ---------    ---------
 UPDECI: Nonbond update at step      1338
 Generating nonbond list with Exclusion mode = 5
 == PRIMARY == SPACE FOR 12255886 ATOM PAIRS AND        0 GROUP PAIRS

 General atom nonbond list generation found:
  8820192 ATOM PAIRS WERE FOUND FOR ATOM LIST
   514347 GROUP PAIRS REQUIRED ATOM SEARCHES

MINI>     1350 -33321.07625     11.83719      0.30554      0.03865
MINI INTERN>     1417.61889   2688.41110    153.59020   8604.70921    108.15166
MINI CROSS>      -485.92010      0.00000      0.00000      0.00000
MINI EXTERN>    -2650.94536 -43457.59738      0.00000      0.00000      0.00000
MINI CONSTR>      300.90554      0.00000      0.00000      0.00000      0.00000
 ----------       ---------    ---------    ---------    ---------    ---------
 UPDECI: Nonbond update at step      1364
 Generating nonbond list with Exclusion mode = 5
 == PRIMARY == SPACE FOR 12255886 ATOM PAIRS AND        0 GROUP PAIRS

 General atom nonbond list generation found:
  8819617 ATOM PAIRS WERE FOUND FOR ATOM LIST
   514317 GROUP PAIRS REQUIRED ATOM SEARCHES

MINI>     1375 -33332.27258     11.19633      0.11811      0.01650
MINI INTERN>     1414.80517   2686.80300    153.54542   8605.19535    108.01613
MINI CROSS>      -485.86144      0.00000      0.00000      0.00000
MINI EXTERN>    -2643.68473 -43472.55017      0.00000      0.00000      0.00000
MINI CONSTR>      301.45870      0.00000      0.00000      0.00000      0.00000
 ----------       ---------    ---------    ---------    ---------    ---------
MINI>     1400 -33342.92435     10.65178      0.11801      0.01982
MINI INTERN>     1415.36954   2687.03085    153.51088   8606.53148    108.06415
MINI CROSS>      -485.83920      0.00000      0.00000      0.00000
MINI EXTERN>    -2630.26878 -43499.20519      0.00000      0.00000      0.00000
MINI CONSTR>      301.88191      0.00000      0.00000      0.00000      0.00000
 ----------       ---------    ---------    ---------    ---------    ---------
 UPDECI: Nonbond update at step      1408
 Generating nonbond list with Exclusion mode = 5
 == PRIMARY == SPACE FOR 12255886 ATOM PAIRS AND        0 GROUP PAIRS

 General atom nonbond list generation found:
  8819426 ATOM PAIRS WERE FOUND FOR ATOM LIST
   514262 GROUP PAIRS REQUIRED ATOM SEARCHES

MINI>     1425 -33349.95174      7.02738      0.06511      0.01098
MINI INTERN>     1415.85778   2684.72580    153.49360   8605.99658    108.01318
MINI CROSS>      -485.77945      0.00000      0.00000      0.00000
MINI EXTERN>    -2631.87557 -43502.43045      0.00000      0.00000      0.00000
MINI CONSTR>      302.04678      0.00000      0.00000      0.00000      0.00000
 ----------       ---------    ---------    ---------    ---------    ---------
MINI>     1450 -33354.71109      4.75936      0.06401      0.01013
MINI INTERN>     1415.27593   2686.14220    153.47190   8606.46532    107.95495
MINI CROSS>      -485.78739      0.00000      0.00000      0.00000
MINI EXTERN>    -2631.44121 -43508.53934      0.00000      0.00000      0.00000
MINI CONSTR>      301.74654      0.00000      0.00000      0.00000      0.00000
 ----------       ---------    ---------    ---------    ---------    ---------
MINI>     1475 -33356.65750      1.94640      0.06864      0.00936
MINI INTERN>     1415.89316   2685.58037    153.47227   8606.22822    107.93110
MINI CROSS>      -485.51061      0.00000      0.00000      0.00000
MINI EXTERN>    -2628.87014 -43513.00442      0.00000      0.00000      0.00000
MINI CONSTR>      301.62256      0.00000      0.00000      0.00000      0.00000
 ----------       ---------    ---------    ---------    ---------    ---------
 UPDECI: Nonbond update at step      1488
 Generating nonbond list with Exclusion mode = 5
 == PRIMARY == SPACE FOR 12255886 ATOM PAIRS AND        0 GROUP PAIRS

 General atom nonbond list generation found:
  8819766 ATOM PAIRS WERE FOUND FOR ATOM LIST
   514233 GROUP PAIRS REQUIRED ATOM SEARCHES

MINI>     1500 -33361.00564      4.34815      0.15356      0.02080
MINI INTERN>     1416.45556   2685.79628    153.47874   8605.76927    107.88390
MINI CROSS>      -484.40699      0.00000      0.00000      0.00000
MINI EXTERN>    -2623.26188 -43524.36159      0.00000      0.00000      0.00000
MINI CONSTR>      301.64106      0.00000      0.00000      0.00000      0.00000
 ----------       ---------    ---------    ---------    ---------    ---------
MINI>     1525 -33364.31328      3.30764      0.04015      0.00691
MINI INTERN>     1416.55815   2685.93867    153.49622   8605.66779    107.70339
MINI CROSS>      -484.07547      0.00000      0.00000      0.00000
MINI EXTERN>    -2620.23896 -43531.10644      0.00000      0.00000      0.00000
MINI CONSTR>      301.74337      0.00000      0.00000      0.00000      0.00000
 ----------       ---------    ---------    ---------    ---------    ---------
MINI>     1550 -33367.69815      3.38487      0.08436      0.01182
MINI INTERN>     1416.95055   2685.91594    153.57598   8605.82162    107.71674
MINI CROSS>      -484.13532      0.00000      0.00000      0.00000
MINI EXTERN>    -2619.31937 -43535.99410      0.00000      0.00000      0.00000
MINI CONSTR>      301.76981      0.00000      0.00000      0.00000      0.00000
 ----------       ---------    ---------    ---------    ---------    ---------
 UPDECI: Nonbond update at step      1564
 Generating nonbond list with Exclusion mode = 5
 == PRIMARY == SPACE FOR 12255886 ATOM PAIRS AND        0 GROUP PAIRS

 General atom nonbond list generation found:
  8819863 ATOM PAIRS WERE FOUND FOR ATOM LIST
   514167 GROUP PAIRS REQUIRED ATOM SEARCHES

MINI>     1575 -33369.92145      2.22330      0.06747      0.01091
MINI INTERN>     1416.89763   2686.92565    153.70947   8605.73224    107.68504
MINI CROSS>      -484.00989      0.00000      0.00000      0.00000
MINI EXTERN>    -2621.13106 -43537.74877      0.00000      0.00000      0.00000
MINI CONSTR>      302.01823      0.00000      0.00000      0.00000      0.00000
 ----------       ---------    ---------    ---------    ---------    ---------
MINI>     1600 -33372.87532      2.95387      0.07035      0.01008
MINI INTERN>     1416.60163   2686.33312    153.78578   8605.55272    107.50248
MINI CROSS>      -483.91649      0.00000      0.00000      0.00000
MINI EXTERN>    -2618.45147 -43542.55242      0.00000      0.00000      0.00000
MINI CONSTR>      302.26932      0.00000      0.00000      0.00000      0.00000
 ----------       ---------    ---------    ---------    ---------    ---------
 UPDECI: Nonbond update at step      1618
 Generating nonbond list with Exclusion mode = 5
 == PRIMARY == SPACE FOR 12255886 ATOM PAIRS AND        0 GROUP PAIRS

 General atom nonbond list generation found:
  8819674 ATOM PAIRS WERE FOUND FOR ATOM LIST
   514221 GROUP PAIRS REQUIRED ATOM SEARCHES

MINI>     1625 -33379.55376      6.67844      0.08744      0.01723
MINI INTERN>     1417.11212   2687.78004    153.93744   8605.27707    107.50266
MINI CROSS>      -483.61234      0.00000      0.00000      0.00000
MINI EXTERN>    -2616.48261 -43554.13463      0.00000      0.00000      0.00000
MINI CONSTR>      303.06649      0.00000      0.00000      0.00000      0.00000
 ----------       ---------    ---------    ---------    ---------    ---------
MINI>     1650 -33385.08766      5.53390      0.05591      0.00954
MINI INTERN>     1417.53863   2688.21461    154.03509   8604.97448    107.52612
MINI CROSS>      -484.01563      0.00000      0.00000      0.00000
MINI EXTERN>    -2612.38565 -43564.77875      0.00000      0.00000      0.00000
MINI CONSTR>      303.80344      0.00000      0.00000      0.00000      0.00000
 ----------       ---------    ---------    ---------    ---------    ---------
MINI>     1675 -33389.73390      4.64624      0.05046      0.00881
MINI INTERN>     1418.25877   2687.78349    153.98556   8605.04892    107.30312
MINI CROSS>      -484.64014      0.00000      0.00000      0.00000
MINI EXTERN>    -2614.09395 -43568.87162      0.00000      0.00000      0.00000
MINI CONSTR>      305.49194      0.00000      0.00000      0.00000      0.00000
 ----------       ---------    ---------    ---------    ---------    ---------
 UPDECI: Nonbond update at step      1679
 Generating nonbond list with Exclusion mode = 5
 == PRIMARY == SPACE FOR 12255886 ATOM PAIRS AND        0 GROUP PAIRS

 General atom nonbond list generation found:
  8819374 ATOM PAIRS WERE FOUND FOR ATOM LIST
   514229 GROUP PAIRS REQUIRED ATOM SEARCHES

MINI>     1700 -33392.94199      3.20810      0.05111      0.00813
MINI INTERN>     1418.57860   2687.29384    153.97290   8604.66919    107.37109
MINI CROSS>      -484.66633      0.00000      0.00000      0.00000
MINI EXTERN>    -2613.19964 -43572.82622      0.00000      0.00000      0.00000
MINI CONSTR>      305.86458      0.00000      0.00000      0.00000      0.00000
 ----------       ---------    ---------    ---------    ---------    ---------
MINI>     1725 -33396.06312      3.12113      0.05072      0.00751
MINI INTERN>     1418.10494   2686.88757    153.85904   8604.81386    107.28717
MINI CROSS>      -484.94459      0.00000      0.00000      0.00000
MINI EXTERN>    -2611.95097 -43576.48810      0.00000      0.00000      0.00000
MINI CONSTR>      306.36795      0.00000      0.00000      0.00000      0.00000
 ----------       ---------    ---------    ---------    ---------    ---------
MINI>     1750 -33398.06794      2.00482      0.06518      0.01155
MINI INTERN>     1418.11965   2686.06099    153.77802   8605.50404    107.23071
MINI CROSS>      -485.11729      0.00000      0.00000      0.00000
MINI EXTERN>    -2613.62639 -43576.19051      0.00000      0.00000      0.00000
MINI CONSTR>      306.17283      0.00000      0.00000      0.00000      0.00000
 ----------       ---------    ---------    ---------    ---------    ---------
MINI>     1775 -33399.60412      1.53617      0.03122      0.00640
MINI INTERN>     1417.83917   2686.56551    153.85993   8604.86365    107.19258
MINI CROSS>      -484.87997      0.00000      0.00000      0.00000
MINI EXTERN>    -2613.47673 -43577.57962      0.00000      0.00000      0.00000
MINI CONSTR>      306.01136      0.00000      0.00000      0.00000      0.00000
 ----------       ---------    ---------    ---------    ---------    ---------
 UPDECI: Nonbond update at step      1781
 Generating nonbond list with Exclusion mode = 5
 == PRIMARY == SPACE FOR 12255886 ATOM PAIRS AND        0 GROUP PAIRS

 General atom nonbond list generation found:
  8819588 ATOM PAIRS WERE FOUND FOR ATOM LIST
   514194 GROUP PAIRS REQUIRED ATOM SEARCHES

MINI>     1800 -33408.26181      8.65770      0.10322      0.01801
MINI INTERN>     1418.26338   2685.92664    153.74988   8605.24177    107.41997
MINI CROSS>      -484.57377      0.00000      0.00000      0.00000
MINI EXTERN>    -2613.35008 -43587.13971      0.00000      0.00000      0.00000
MINI CONSTR>      306.20011      0.00000      0.00000      0.00000      0.00000
 ----------       ---------    ---------    ---------    ---------    ---------
MINI>     1825 -33412.32569      4.06387      0.03919      0.00599
MINI INTERN>     1418.34686   2685.79413    153.80525   8605.02480    107.28550
MINI CROSS>      -484.67662      0.00000      0.00000      0.00000
MINI EXTERN>    -2608.84648 -43595.56788      0.00000      0.00000      0.00000
MINI CONSTR>      306.50875      0.00000      0.00000      0.00000      0.00000
 ----------       ---------    ---------    ---------    ---------    ---------
MINI>     1850 -33413.52216      1.19648      0.06139      0.00921
MINI INTERN>     1418.12744   2686.07345    153.82693   8604.92163    107.27689
MINI CROSS>      -484.78828      0.00000      0.00000      0.00000
MINI EXTERN>    -2606.15507 -43599.46278      0.00000      0.00000      0.00000
MINI CONSTR>      306.65763      0.00000      0.00000      0.00000      0.00000
 ----------       ---------    ---------    ---------    ---------    ---------
MINI>     1875 -33414.43068      0.90852      0.03320      0.00510
MINI INTERN>     1418.30196   2685.60259    153.76733   8604.75701    107.27850
MINI CROSS>      -484.81252      0.00000      0.00000      0.00000
MINI EXTERN>    -2605.10342 -43601.02716      0.00000      0.00000      0.00000
MINI CONSTR>      306.80502      0.00000      0.00000      0.00000      0.00000
 ----------       ---------    ---------    ---------    ---------    ---------
 UPDECI: Nonbond update at step      1888
 Generating nonbond list with Exclusion mode = 5
 == PRIMARY == SPACE FOR 12255886 ATOM PAIRS AND        0 GROUP PAIRS

 General atom nonbond list generation found:
  8819601 ATOM PAIRS WERE FOUND FOR ATOM LIST
   514130 GROUP PAIRS REQUIRED ATOM SEARCHES

MINI>     1900 -33417.32331      2.89263      0.10966      0.00969
MINI INTERN>     1418.98088   2684.00431    153.79992   8604.49207    107.40375
MINI CROSS>      -484.72847      0.00000      0.00000      0.00000
MINI EXTERN>    -2601.51624 -43607.90478      0.00000      0.00000      0.00000
MINI CONSTR>      308.14525      0.00000      0.00000      0.00000      0.00000
 ----------       ---------    ---------    ---------    ---------    ---------
MINI>     1925 -33421.13521      3.81190      0.09367      0.01309
MINI INTERN>     1418.96689   2682.89881    153.81587   8604.33996    107.28734
MINI CROSS>      -484.77851      0.00000      0.00000      0.00000
MINI EXTERN>    -2594.28355 -43617.70966      0.00000      0.00000      0.00000
MINI CONSTR>      308.32764      0.00000      0.00000      0.00000      0.00000
 ----------       ---------    ---------    ---------    ---------    ---------
 UPDECI: Nonbond update at step      1940
 Generating nonbond list with Exclusion mode = 5
 == PRIMARY == SPACE FOR 12255886 ATOM PAIRS AND        0 GROUP PAIRS

 General atom nonbond list generation found:
  8819026 ATOM PAIRS WERE FOUND FOR ATOM LIST
   514078 GROUP PAIRS REQUIRED ATOM SEARCHES

MINI>     1950 -33423.58187      2.44666      0.05489      0.00806
MINI INTERN>     1419.11986   2683.34588    153.80601   8603.90294    107.19626
MINI CROSS>      -484.51152      0.00000      0.00000      0.00000
MINI EXTERN>    -2592.97173 -43621.18347      0.00000      0.00000      0.00000
MINI CONSTR>      307.71391      0.00000      0.00000      0.00000      0.00000
 ----------       ---------    ---------    ---------    ---------    ---------
MINI>     1975 -33425.13448      1.55261      0.02408      0.00446
MINI INTERN>     1419.24557   2683.17341    153.82477   8603.58587    107.19918
MINI CROSS>      -484.32645      0.00000      0.00000      0.00000
MINI EXTERN>    -2594.36508 -43620.76724      0.00000      0.00000      0.00000
MINI CONSTR>      307.29549      0.00000      0.00000      0.00000      0.00000
 ----------       ---------    ---------    ---------    ---------    ---------
MINI>     2000 -33425.88886      0.75438      0.02970      0.00687
MINI INTERN>     1419.54236   2683.14081    153.82886   8603.33041    107.14998
MINI CROSS>      -484.19702      0.00000      0.00000      0.00000
MINI EXTERN>    -2594.10914 -43621.66063      0.00000      0.00000      0.00000
MINI CONSTR>      307.08551      0.00000      0.00000      0.00000      0.00000
 ----------       ---------    ---------    ---------    ---------    ---------
 UPDECI: Nonbond update at step      2015
 Generating nonbond list with Exclusion mode = 5
 == PRIMARY == SPACE FOR 12255886 ATOM PAIRS AND        0 GROUP PAIRS

 General atom nonbond list generation found:
  8817943 ATOM PAIRS WERE FOUND FOR ATOM LIST
   514118 GROUP PAIRS REQUIRED ATOM SEARCHES

MINI>     2025 -33432.05329      6.16443      0.15108      0.02148
MINI INTERN>     1420.41709   2684.38721    153.98725   8601.84174    107.10560
MINI CROSS>      -483.74532      0.00000      0.00000      0.00000
MINI EXTERN>    -2595.05384 -43626.95132      0.00000      0.00000      0.00000
MINI CONSTR>      305.95832      0.00000      0.00000      0.00000      0.00000
 ----------       ---------    ---------    ---------    ---------    ---------
MINI>     2050 -33435.21976      3.16648      0.03418      0.00714
MINI INTERN>     1420.42283   2684.87840    154.06438   8601.96678    106.99452
MINI CROSS>      -483.94489      0.00000      0.00000      0.00000
MINI EXTERN>    -2592.75671 -43632.62319      0.00000      0.00000      0.00000
MINI CONSTR>      305.77810      0.00000      0.00000      0.00000      0.00000
 ----------       ---------    ---------    ---------    ---------    ---------
MINI>     2075 -33437.96977      2.75000      0.06032      0.01098
MINI INTERN>     1420.97592   2684.50848    154.06689   8602.16822    106.91119
MINI CROSS>      -483.95390      0.00000      0.00000      0.00000
MINI EXTERN>    -2593.21772 -43635.42921      0.00000      0.00000      0.00000
MINI CONSTR>      306.00036      0.00000      0.00000      0.00000      0.00000
 ----------       ---------    ---------    ---------    ---------    ---------
 UPDECI: Nonbond update at step      2099
 Generating nonbond list with Exclusion mode = 5
 == PRIMARY == SPACE FOR 12255886 ATOM PAIRS AND        0 GROUP PAIRS

 General atom nonbond list generation found:
  8817795 ATOM PAIRS WERE FOUND FOR ATOM LIST
   514095 GROUP PAIRS REQUIRED ATOM SEARCHES

MINI>     2100 -33439.92537      1.95561      0.03569      0.00608
MINI INTERN>     1420.73873   2684.93854    154.14746   8601.66299    106.81709
MINI CROSS>      -484.47161      0.00000      0.00000      0.00000
MINI EXTERN>    -2590.32551 -43639.71803      0.00000      0.00000      0.00000
MINI CONSTR>      306.28497      0.00000      0.00000      0.00000      0.00000
 ----------       ---------    ---------    ---------    ---------    ---------
MINI>     2125 -33445.42414      5.49877      0.06618      0.01027
MINI INTERN>     1421.11722   2685.40607    154.26344   8601.71952    106.77399
MINI CROSS>      -484.49317      0.00000      0.00000      0.00000
MINI EXTERN>    -2592.73357 -43643.71146      0.00000      0.00000      0.00000
MINI CONSTR>      306.23382      0.00000      0.00000      0.00000      0.00000
 ----------       ---------    ---------    ---------    ---------    ---------
MINI>     2150 -33447.28553      1.86140      0.03693      0.00569
MINI INTERN>     1420.95319   2684.98674    154.18967   8601.78423    106.78309
MINI CROSS>      -484.10708      0.00000      0.00000      0.00000
MINI EXTERN>    -2590.98058 -43646.87858      0.00000      0.00000      0.00000
MINI CONSTR>      305.98378      0.00000      0.00000      0.00000      0.00000
 ----------       ---------    ---------    ---------    ---------    ---------
MINI>     2175 -33448.17000      0.88447      0.03494      0.00525
MINI INTERN>     1421.03000   2684.75895    154.18752   8601.83105    106.81599
MINI CROSS>      -483.82905      0.00000      0.00000      0.00000
MINI EXTERN>    -2590.51573 -43648.12608      0.00000      0.00000      0.00000
MINI CONSTR>      305.67735      0.00000      0.00000      0.00000      0.00000
 ----------       ---------    ---------    ---------    ---------    ---------
 UPDECI: Nonbond update at step      2200
 Generating nonbond list with Exclusion mode = 5
 == PRIMARY == SPACE FOR 12255886 ATOM PAIRS AND        0 GROUP PAIRS

 General atom nonbond list generation found:
  8817673 ATOM PAIRS WERE FOUND FOR ATOM LIST
   514053 GROUP PAIRS REQUIRED ATOM SEARCHES

MINI>     2200 -33450.27633      2.10633      0.08381      0.01331
MINI INTERN>     1421.21961   2684.07720    154.14437   8600.92046    106.80095
MINI CROSS>      -482.67444      0.00000      0.00000      0.00000
MINI EXTERN>    -2589.17104 -43650.57561      0.00000      0.00000      0.00000
MINI CONSTR>      304.98217      0.00000      0.00000      0.00000      0.00000
 ----------       ---------    ---------    ---------    ---------    ---------
MINI>     2225 -33451.48508      1.20874      0.02768      0.00442
MINI INTERN>     1421.28276   2683.81745    154.10522   8601.06258    106.82270
MINI CROSS>      -482.10881      0.00000      0.00000      0.00000
MINI EXTERN>    -2588.36785 -43652.94933      0.00000      0.00000      0.00000
MINI CONSTR>      304.85019      0.00000      0.00000      0.00000      0.00000
 ----------       ---------    ---------    ---------    ---------    ---------
MINI>     2250 -33453.14202      1.65695      0.04485      0.00681
MINI INTERN>     1421.35052   2684.10947    154.12321   8601.14274    106.78455
MINI CROSS>      -482.32845      0.00000      0.00000      0.00000
MINI EXTERN>    -2586.41186 -43657.13583      0.00000      0.00000      0.00000
MINI CONSTR>      305.22362      0.00000      0.00000      0.00000      0.00000
 ----------       ---------    ---------    ---------    ---------    ---------
 UPDECI: Nonbond update at step      2265
 Generating nonbond list with Exclusion mode = 5
 == PRIMARY == SPACE FOR 12255886 ATOM PAIRS AND        0 GROUP PAIRS

 General atom nonbond list generation found:
  8817769 ATOM PAIRS WERE FOUND FOR ATOM LIST
   513939 GROUP PAIRS REQUIRED ATOM SEARCHES

MINI>     2275 -33456.23642      3.09440      0.07017      0.01164
MINI INTERN>     1420.93664   2684.73141    154.11906   8601.11517    106.85941
MINI CROSS>      -482.00581      0.00000      0.00000      0.00000
MINI EXTERN>    -2584.66629 -43663.23801      0.00000      0.00000      0.00000
MINI CONSTR>      305.91200      0.00000      0.00000      0.00000      0.00000
 ----------       ---------    ---------    ---------    ---------    ---------
MINI>     2300 -33458.33547      2.09905      0.07885      0.01074
MINI INTERN>     1421.00030   2684.59892    154.14255   8601.17010    106.87310
MINI CROSS>      -481.75669      0.00000      0.00000      0.00000
MINI EXTERN>    -2585.77510 -43664.05252      0.00000      0.00000      0.00000
MINI CONSTR>      305.46386      0.00000      0.00000      0.00000      0.00000
 ----------       ---------    ---------    ---------    ---------    ---------
MINI>     2325 -33461.17274      2.83727      0.05947      0.00992
MINI INTERN>     1421.20221   2685.82481    154.18114   8601.56247    106.83604
MINI CROSS>      -481.61151      0.00000      0.00000      0.00000
MINI EXTERN>    -2585.59284 -43668.75555      0.00000      0.00000      0.00000
MINI CONSTR>      305.18048      0.00000      0.00000      0.00000      0.00000
 ----------       ---------    ---------    ---------    ---------    ---------
MINI>     2350 -33462.64531      1.47257      0.03126      0.00549
MINI INTERN>     1421.31954   2685.57475    154.20426   8601.26242    106.87695
MINI CROSS>      -481.28830      0.00000      0.00000      0.00000
MINI EXTERN>    -2584.54884 -43671.08035      0.00000      0.00000      0.00000
MINI CONSTR>      305.03426      0.00000      0.00000      0.00000      0.00000
 ----------       ---------    ---------    ---------    ---------    ---------
 UPDECI: Nonbond update at step      2357
 Generating nonbond list with Exclusion mode = 5
 == PRIMARY == SPACE FOR 12255886 ATOM PAIRS AND        0 GROUP PAIRS

 General atom nonbond list generation found:
  8817498 ATOM PAIRS WERE FOUND FOR ATOM LIST
   514013 GROUP PAIRS REQUIRED ATOM SEARCHES

MINI>     2375 -33466.00338      3.35806      0.05107      0.00845
MINI INTERN>     1421.70174   2686.49689    154.27971   8601.44228    106.78579
MINI CROSS>      -481.69730      0.00000      0.00000      0.00000
MINI EXTERN>    -2580.08625 -43679.82955      0.00000      0.00000      0.00000
MINI CONSTR>      304.90332      0.00000      0.00000      0.00000      0.00000
 ----------       ---------    ---------    ---------    ---------    ---------
MINI>     2400 -33468.88212      2.87874      0.05161      0.00780
MINI INTERN>     1422.03359   2686.39911    154.29484   8601.37265    106.75579
MINI CROSS>      -481.54512      0.00000      0.00000      0.00000
MINI EXTERN>    -2578.79088 -43684.17055      0.00000      0.00000      0.00000
MINI CONSTR>      304.76845      0.00000      0.00000      0.00000      0.00000
 ----------       ---------    ---------    ---------    ---------    ---------
MINI>     2425 -33470.33884      1.45672      0.05179      0.00720
MINI INTERN>     1421.64310   2686.18689    154.27975   8601.32805    106.80503
MINI CROSS>      -481.31787      0.00000      0.00000      0.00000
MINI EXTERN>    -2578.88984 -43685.10735      0.00000      0.00000      0.00000
MINI CONSTR>      304.73341      0.00000      0.00000      0.00000      0.00000
 ----------       ---------    ---------    ---------    ---------    ---------

 ABNER> Minimization exiting with gradient tolerance ( 0.0100000) satisfied.

ABNR MIN: Cycle      ENERgy      Delta-E         GRMS    Step-size
ABNR INTERN:          BONDs       ANGLes       UREY-b    DIHEdrals    IMPRopers
ABNR CROSS:           CMAPs        PMF1D        PMF2D        PRIMO
ABNR EXTERN:        VDWaals         ELEC       HBONds          ASP         USER
ABNR CONSTR:       HARMonic    CDIHedral          CIC     RESDistance       NOE
 ----------       ---------    ---------    ---------    ---------    ---------
ABNR>     2440 -33470.59002      0.25119      0.00966      0.00223
ABNR INTERN>     1421.78873   2686.32816    154.28998   8601.42960    106.78835
ABNR CROSS>      -481.39100      0.00000      0.00000      0.00000
ABNR EXTERN>    -2579.04841 -43685.53446      0.00000      0.00000      0.00000
ABNR CONSTR>      304.75903      0.00000      0.00000      0.00000      0.00000
 ----------       ---------    ---------    ---------    ---------    ---------
  
 CHARMM>     
  
 CHARMM>    energy

 NONBOND OPTION FLAGS: 
     ELEC     VDW      ATOMs    CDIElec  FSHIft   VATOm    VFSWIt  
     BYGRoup  NOEXtnd  NOEWald 
 CUTNB  = 14.000 CTEXNB =999.000 CTONNB = 10.000 CTOFNB = 12.000
 CGONNB =  0.000 CGOFNB = 10.000
 WMIN   =  1.500 WRNMXD =  0.500 E14FAC =  1.000 EPS    =  1.000
 NBXMOD =      5
 There are  8817498 atom  pairs and    83432 atom  exclusions.
 There are        0 group pairs and    12527 group exclusions.
 Generating nonbond list with Exclusion mode = 5
 == PRIMARY == SPACE FOR 12255886 ATOM PAIRS AND        0 GROUP PAIRS

 General atom nonbond list generation found:
  8817249 ATOM PAIRS WERE FOUND FOR ATOM LIST
   513940 GROUP PAIRS REQUIRED ATOM SEARCHES

ENER ENR:  Eval#     ENERgy      Delta-E         GRMS
ENER INTERN:          BONDs       ANGLes       UREY-b    DIHEdrals    IMPRopers
ENER CROSS:           CMAPs        PMF1D        PMF2D        PRIMO
ENER EXTERN:        VDWaals         ELEC       HBONds          ASP         USER
ENER CONSTR:       HARMonic    CDIHedral          CIC     RESDistance       NOE
 ----------       ---------    ---------    ---------    ---------    ---------
ENER>        0 -33470.59002      0.25119      0.00966
ENER INTERN>     1421.78873   2686.32816    154.28998   8601.42960    106.78835
ENER CROSS>      -481.39100      0.00000      0.00000      0.00000
ENER EXTERN>    -2579.04841 -43685.53446      0.00000      0.00000      0.00000
ENER CONSTR>      304.75903      0.00000      0.00000      0.00000      0.00000
 ----------       ---------    ---------    ---------    ---------    ---------
  
 CHARMM>     
  
 CHARMM>    !CALCULATE RMS
 CHARMM>     
  
 CHARMM>    coor rms sele mainc end
 SELRPN>   3780 atoms have been selected out of  18956
 TOTAL SQUARE DIFF IS    304.7590  DENOMINATOR IS   3780.0000
       THUS RMS DIFF IS    0.283944
 RMS FOUND FOR SELECTED COORDINATES WITHOUT ROTATION
  
 CHARMM>    coor rms sele ( .not. type h* ) .and. ( .not. mainc ) end
 SELRPN>   5100 atoms have been selected out of  18956
 TOTAL SQUARE DIFF IS   4423.2424  DENOMINATOR IS   5100.0000
       THUS RMS DIFF IS    0.931291
 RMS FOUND FOR SELECTED COORDINATES WITHOUT ROTATION
  
 CHARMM>     
  
 CHARMM>    ! REORIENT PROTEIN
 CHARMM>    coordinate orient

 ORIENT THE COORDINATES TO ALIGN WITH AXIS

 MOMENTS
6899259.42419412-835753.503551903594931.62965738
                3009506.26620615-809200.23893396
                                8019049.45272733

 Transpose of the rotation matrix
     0.750870   -0.139046    0.645647
     0.659556    0.107022   -0.743997
     0.034351    0.984486    0.172069
 CENTER OF ATOMS BEFORE TRANSLATION     2.89536     1.23245    23.19408
 AXIS OF ROTATION IS -0.864339 -0.305682 -0.399346  ANGLE IS   89.14

 ALL COORDINATES ORIENTED IN THE MAIN SET BASED ON SELECTED ATOMS.

  
 CHARMM>     
  
 CHARMM>    !WRITE OUT STRUCTURE
 CHARMM>    write psf card name @molname_min.psf
 Parameter: MOLNAME -> "2AGY_C36_STATE0"
 VOPEN> Attempting to open::2agy_c36_state0_min.psf::
 RDTITL> * MINIMIZED 2AGY_C36_STATE0 TO REMOVE BAD VDWS CONTACTS
 RDTITL> * REORIENTED ALONG X AXIS
 RDTITL> *
 VCLOSE: Closing unit   90 with status "KEEP"
  
 CHARMM>     
  
 CHARMM>    write psf xplor card name @molname_min_xplor.psf
 Parameter: MOLNAME -> "2AGY_C36_STATE0"
 VOPEN> Attempting to open::2agy_c36_state0_min_xplor.psf::
 RDTITL> * MINIMIZED 2AGY_C36_STATE0 TO REMOVE BAD VDWS CONTACTS
 RDTITL> * REORIENTED ALONG X AXIS
 RDTITL> *
 VCLOSE: Closing unit   90 with status "KEEP"
  
 CHARMM>     
  
 CHARMM>    write coord card name @molname_min.crd
 Parameter: MOLNAME -> "2AGY_C36_STATE0"
 VOPEN> Attempting to open::2agy_c36_state0_min.crd::
 RDTITL> * MINIMIZED 2AGY_C36_STATE0 TO REMOVE BAD VDWS CONTACTS
 RDTITL> * REORIENTED ALONG X AXIS
 RDTITL> *
 VCLOSE: Closing unit   90 with status "KEEP"
 VCLOSE: Closing unit   90 with status "KEEP"
  
 CHARMM>     
  
 CHARMM>    write coord pdb name @molname_min.pdb
 Parameter: MOLNAME -> "2AGY_C36_STATE0"
 VOPEN> Attempting to open::2agy_c36_state0_min.pdb::
 RDTITL> * MINIMIZED 2AGY_C36_STATE0 TO REMOVE BAD VDWS CONTACTS
 RDTITL> * REORIENTED ALONG X AXIS
 RDTITL> *
  Write CHARMM-pdb format
 VCLOSE: Closing unit   90 with status "KEEP"
  
 CHARMM>     
  
 CHARMM>    ! CALCULATE SUITABLE CUTOFF SIZE
 CHARMM>    set padding 12
 Parameter: PADDING <- "12"
  
 CHARMM>    calc padding @padding*2
 Parameter: PADDING -> "12"
Evaluating: 12*2
 Parameter: PADDING <- "24"
  
 CHARMM>     
  
 CHARMM>    coordinate statistics select prot end
 SELRPN>  14420 atoms have been selected out of  18956
 STATISTICS FOR     14420 SELECTED ATOMS:
    XMIN =  -50.656348 XMAX =   49.525279 XAVE =   -0.195131
    YMIN =  -39.453818 YMAX =   38.448754 YAVE =   -0.077482
    ZMIN =  -28.873577 ZMAX =   30.078142 ZAVE =   -0.063177
    WMIN =    0.000000 WMAX =    0.000000 WAVE =    0.000000
  
 CHARMM>     
  
 CHARMM>    calc xdim = int( abs ( ?XMAX - ?XMIN ) + @padding)
 Parameter: PADDING -> "24"
 RDCMND substituted energy or value "?XMAX" to "49.5252793"
 RDCMND substituted energy or value "?XMIN" to "-50.6563482"
Evaluating: INT(ABS(49.5252793--50.6563482)+24)
 Parameter: XDIM <- "124"
  
 CHARMM>    calc ydim = int( abs ( ?YMAX - ?YMIN ) + @padding)
 Parameter: PADDING -> "24"
 RDCMND substituted energy or value "?YMAX" to "38.448754"
 RDCMND substituted energy or value "?YMIN" to "-39.4538179"
Evaluating: INT(ABS(38.448754--39.4538179)+24)
 Parameter: YDIM <- "101"
  
 CHARMM>    calc zdim = int( abs ( ?ZMAX - ?ZMIN ) + @padding)
 Parameter: PADDING -> "24"
 RDCMND substituted energy or value "?ZMAX" to "30.0781421"
 RDCMND substituted energy or value "?ZMIN" to "-28.8735766"
Evaluating: INT(ABS(30.0781421--28.8735766)+24)
 Parameter: ZDIM <- "82"
  
 CHARMM>     
  
 CHARMM>    open write unit 1 card name @molname_boxdims.str
 Parameter: MOLNAME -> "2AGY_C36_STATE0"
 VOPEN> Attempting to open::2agy_c36_state0_boxdims.str::
 OPNLGU> Unit  1 opened for WRITE access to 2agy_c36_state0_boxdims.str
  
 CHARMM>    write title unit 1
 RDTITL> * SET XSIZ 124
 RDTITL> * SET YSIZ 101
 RDTITL> * SET ZSIZ 82
 RDTITL> *
  
 CHARMM>     
  
 CHARMM>    close unit 1
 VCLOSE: Closing unit    1 with status "KEEP"
  
 CHARMM>     
  
 CHARMM>     
  
 CHARMM>     
  
 CHARMM>     
  
 CHARMM>     
  
 CHARMM>    stop
$$$$$$  New timer profile $$$$$
      NBONDS                         31.69 Other:            0.00
   List time                      31.69 Other:            0.00
      Nonbond force                 378.15 Other:            0.00
         Bond energy                     0.72 Other:            0.00
         Angle energy                    4.35 Other:            0.00
         Dihedral energy                 8.39 Other:            0.00
         Restraints energy               0.00 Other:            0.00
      INTRNL energy                  13.57 Other:            0.11
   Energy time                   392.52 Other:            0.79
 Total time                    438.12 Other:           13.92

                    NORMAL TERMINATION BY NORMAL STOP
                    MOST SEVERE WARNING WAS AT LEVEL  0

                    $$$$$ JOB ACCOUNTING INFORMATION $$$$$
                     ELAPSED TIME:     7.30  MINUTES 
                         CPU TIME:     7.17  MINUTES 
