1
                 Chemistry at HARvard Macromolecular Mechanics
           (CHARMM) - Developmental Version 41a2   February 15, 2016            
                             Git commit ID f89d5df                              
       Copyright(c) 1984-2014  President and Fellows of Harvard College
                              All Rights Reserved
     Current operating system: Linux-2.6.32-220.23.1.el6.x86_64(x86_64)@new     
                 Created on 11/17/16 at 16:36:17 by user: ra15808     

            Maximum number of ATOMS:    360720, and RESidues:      120240
 RDTITL> * JOIN THE WATER SHELL AND IONS WITH THE PROTEIN (+ XSTAL WATERS)
 RDTITL> *
  
 CHARMM>     
  
 CHARMM>    stream /panfs/panasas01/chem/ra15808/aadh/setup.inp
 VOPEN> Attempting to open::/panfs/panasas01/chem/ra15808/aadh/setup.inp::
 OPNLGU> Unit 99 opened for READONLY access to /panfs/panasas01/chem/ra15808/aadh/setup.inp

                    INPUT STREAM SWITCHING TO UNIT    99
 RDTITL> * DIRECTORY DEFINITIONS
 RDTITL> *
 Parameter: IN1 <- "" <empty>
  
 CHARMM>    set root /panfs/panasas01/chem/ra15808
 Parameter: ROOT <- "/PANFS/PANASAS01/CHEM/RA15808"
  
 CHARMM>    set datadir @root/aadh/data
 Parameter: ROOT -> "/PANFS/PANASAS01/CHEM/RA15808"
 Parameter: DATADIR <- "/PANFS/PANASAS01/CHEM/RA15808/AADH/DATA"
  
 CHARMM>    set geomdir @root/aadh/data/kr/geoms
 Parameter: ROOT -> "/PANFS/PANASAS01/CHEM/RA15808"
 Parameter: GEOMDIR <- "/PANFS/PANASAS01/CHEM/RA15808/AADH/DATA/KR/GEOMS"
  
 CHARMM>    set evbgeoms @root/aadh/evb/kr_geoms
 Parameter: ROOT -> "/PANFS/PANASAS01/CHEM/RA15808"
 Parameter: EVBGEOMS <- "/PANFS/PANASAS01/CHEM/RA15808/AADH/EVB/KR_GEOMS"
  
 CHARMM>    set basedir @root/aadh
 Parameter: ROOT -> "/PANFS/PANASAS01/CHEM/RA15808"
 Parameter: BASEDIR <- "/PANFS/PANASAS01/CHEM/RA15808/AADH"
  
 CHARMM>    set charmmtop @root/c41a2/toppar
 Parameter: ROOT -> "/PANFS/PANASAS01/CHEM/RA15808"
 Parameter: CHARMMTOP <- "/PANFS/PANASAS01/CHEM/RA15808/C41A2/TOPPAR"
  
 VCLOSE: Closing unit   99 with status "KEEP"

                    RETURNING TO INPUT STREAM     5
  
 CHARMM>     
  
 CHARMM>    prnlev 5
  
 CHARMM>     
  
 CHARMM>    stream @charmmtop/toppar_water_ions_fixed.str
 Parameter: CHARMMTOP -> "/PANFS/PANASAS01/CHEM/RA15808/C41A2/TOPPAR"
 VOPEN> Attempting to open::/panfs/panasas01/chem/ra15808/c41a2/toppar/toppar_water_ions_fixed.str::
 OPNLGU> Unit 99 opened for READONLY access to /panfs/panasas01/chem/ra15808/c41a2/toppar/toppar_water_ions_fixed.str

                    INPUT STREAM SWITCHING TO UNIT    99
 RDTITL> * TOPLOGY AND PARAMETER INFORMATION FOR WATER AND IONS.
 RDTITL> *
 Parameter: IN1 <- "" <empty>
  
 CHARMM>     
  
 CHARMM>    !Testcase
 CHARMM>    !test_water_ions.inp
 CHARMM>     
  
 CHARMM>    ! IMPORTANT NOTE: this file contains NBFixes between carboxylates and sodium,
 CHARMM>    ! which will only apply if the main files containing carboxylate atom types
 CHARMM>    ! have been read in first!
 CHARMM>     
  
 CHARMM>    !references
 CHARMM>    !
 CHARMM>    !TIP3P water model
 CHARMM>    !
 CHARMM>    !W.L. Jorgensen; J.Chandrasekhar; J.D. Madura; R.W. Impey;
 CHARMM>    !M.L. Klein; "Comparison of simple potential functions for
 CHARMM>    !simulating liquid water", J. Chem. Phys. 79 926-935 (1983).
 CHARMM>    !
 CHARMM>    !IONS
 CHARMM>    !
 CHARMM>    !Ions from Roux and coworkers
 CHARMM>    !
 CHARMM>    !Beglov, D. and Roux, B., Finite Representation of an Infinite
 CHARMM>    !Bulk System: Solvent Boundary Potential for Computer Simulations,
 CHARMM>    !Journal of Chemical Physics, 1994, 100: 9050-9063
 CHARMM>    !
 CHARMM>    !ZINC
 CHARMM>    !
 CHARMM>    !Stote, R.H. and Karplus, M. Zinc Binding in Proteins and
 CHARMM>    !Solution: A Simple but Accurate Nonbonded Representation, PROTEINS:
 CHARMM>    !Structure, Function, and Genetics 23:12-31 (1995)
 CHARMM>     
  
 CHARMM>    !test "append" to determine if previous toppar files have been read and
 CHARMM>    !add append to "read rtf card" if true
 CHARMM>    set nat ?NATC
 RDCMND: can not substitute energy "?NATC"
 Parameter: NAT <- "?NATC"
  
 CHARMM>    set app
 Parameter: APP <- "" <empty>
  
 CHARMM>    !We're exploiting what is arguably a bug in the parser. On the left hand side,
 CHARMM>    !the quotes have priority, so NAT is correctly substituted. On the right hand
 CHARMM>    !side, the ? has priority and NATC" (sic) is not a valid substitution...
 CHARMM>    if "@NAT" ne "?NATC" if @nat ne 0 set app append
 Parameter: NAT -> "?NATC"
 Parameter: NAT -> "?NATC"
 RDCMND: can not substitute energy "?NATC""
 Comparing ""?NATC"" and ""?NATC"".
 IF test evaluated as false.  Skipping command
  
 CHARMM>     
  
 CHARMM>    read rtf card  !REA 26/07/2013 - deleted @app - always stream this first and everything else must be appended)
 MAINIO> Residue topology file being read from unit  99.
 RDTITL> * TOPOLOGY FOR WATER AND IONS
 RDTITL> *
  
 CHARMM>     
  
 CHARMM>    read para card flex  !REA - deleted @app

          PARAMETER FILE BEING READ FROM UNIT 99
 RDTITL> * PARAMETERS FOR WATER AND IONS
 RDTITL> *
 PARMIO> NONBOND, HBOND lists and IMAGE atoms cleared.
  
 CHARMM>     
  
 CHARMM>    ! The following section contains NBFixes for sodium interacting with
 CHARMM>    ! carboxylate oxygens of various CHARMM force fields. It will generate
 CHARMM>    ! level -1 warnings whenever any of these force fields have not been
 CHARMM>    ! read prior to the current stream file. Since we don't want to force
 CHARMM>    ! the user to always read all the force fields, we're suppressing the
 CHARMM>    ! warnings. The only side effect is that you will have "most severe
 CHARMM>    ! warning was at level 0" at the end of your output. Also note that
 CHARMM>    ! the user is responsible for reading the current file last if they
 CHARMM>    ! want the NBFixes to apply. A more elegant solution would require new
 CHARMM>    ! features to be added to CHARMM.
 CHARMM>    ! parallel fix, to avoid duplicated messages in the log
 CHARMM>    set para
 Parameter: PARA <- "" <empty>
  
 CHARMM>    if ?NUMNODE gt 1 set para node 0
 RDCMND substituted energy or value "?NUMNODE" to "1"
 Comparing "1" and "1".
 IF test evaluated as false.  Skipping command
  
 CHARMM>     
  
 CHARMM>    set wrn ?WRNLEV
 RDCMND substituted energy or value "?WRNLEV" to "5"
 Parameter: WRN <- "5"
  
 CHARMM>    ! Some versions of CHARMM don't seem to initialize wrnlev...
 CHARMM>    if "@WRN" eq "?WRNLEV" set wrn 5
 Parameter: WRN -> "5"
 RDCMND: can not substitute energy "?WRNLEV""
 Comparing ""5"" and ""?WRNLEV"".
 IF test evaluated as false.  Skipping command
  
 CHARMM>    set bom ?bomlev
 RDCMND substituted energy or value "?BOMLEV" to "0"
 Parameter: BOM <- "0"
  
 CHARMM>    WRNLEV -1 @PARA
 Parameter: PARA -> "" <empty>
  
 CHARMM>    BOMLEV -1 @PARA
 Parameter: PARA -> "" <empty>
  
 CHARMM>    read para card flex append

          PARAMETER FILE BEING READ FROM UNIT 99
 RDTITL> * NBFIX BETWEEN CARBOXYLATE AND SODIUM
 RDTITL> *
 PARMIO> NONBOND, HBOND lists and IMAGE atoms cleared.
  
 CHARMM>    BOMLEV @bom @PARA
 Parameter: BOM -> "0"
 Parameter: PARA -> "" <empty>
  
 CHARMM>    WRNLEV @wrn @PARA
 Parameter: WRN -> "5"
 Parameter: PARA -> "" <empty>
  
 CHARMM>     
  
 CHARMM>    return
 VCLOSE: Closing unit   99 with status "KEEP"

                    RETURNING TO INPUT STREAM     5
  
 CHARMM>     
  
 CHARMM>    !
 CHARMM>    ! READ IN WATER AND IONS
 CHARMM>    !
 CHARMM>    !TIP3 20468
 CHARMM>    !ICL 51
 CHARMM>    !INA 63
 CHARMM>     
  
 CHARMM>    !open read unit 10 card name water_shell.pdb
 CHARMM>    !read segid W100 PDB build setup unit 10
 CHARMM>     
  
 CHARMM>     
  
 CHARMM>    read sequ tips 20468
  
 CHARMM>    gene BWAT setup first none last none nodihe noangl
 NO PATCHING WILL BE DONE ON THE FIRST RESIDUE
 NO PATCHING WILL BE DONE ON THE LAST  RESIDUE
 GENPSF> Segment   1 has been generated. Its identifier is BWAT.
 PSFSUM> PSF modified: NONBOND lists and IMAGE atoms cleared.
 PSFSUM> Summary of the structure file counters :
         Number of segments      =        1   Number of residues   =    20468
         Number of atoms         =    61404   Number of groups     =    20468
         Number of bonds         =    61404   Number of angles     =    20468
         Number of dihedrals     =        0   Number of impropers  =        0
         Number of cross-terms   =        0
         Number of HB acceptors  =    20468   Number of HB donors  =    40936
         Number of NB exclusions =        0   Total charge =    0.00000
 QXFORM> Expanded format used.
         More than 4 character RESID used.
  
 CHARMM>    read sequ CLA 51
  
 CHARMM>    gene CLA setup first none last none nodihe noangl
 NO PATCHING WILL BE DONE ON THE FIRST RESIDUE
 NO PATCHING WILL BE DONE ON THE LAST  RESIDUE
 GENPSF> Segment   2 has been generated. Its identifier is CLA.
 PSFSUM> PSF modified: NONBOND lists and IMAGE atoms cleared.
 PSFSUM> Summary of the structure file counters :
         Number of segments      =        2   Number of residues   =    20519
         Number of atoms         =    61455   Number of groups     =    20519
         Number of bonds         =    61404   Number of angles     =    20468
         Number of dihedrals     =        0   Number of impropers  =        0
         Number of cross-terms   =        0
         Number of HB acceptors  =    20468   Number of HB donors  =    40936
         Number of NB exclusions =        0   Total charge =  -51.00000
  
 CHARMM>    read sequ SOD 63
  
 CHARMM>    gene SOD setup first none last none nodihe noangl
 NO PATCHING WILL BE DONE ON THE FIRST RESIDUE
 NO PATCHING WILL BE DONE ON THE LAST  RESIDUE
 GENPSF> Segment   3 has been generated. Its identifier is SOD.
 PSFSUM> PSF modified: NONBOND lists and IMAGE atoms cleared.
 PSFSUM> Summary of the structure file counters :
         Number of segments      =        3   Number of residues   =    20582
         Number of atoms         =    61518   Number of groups     =    20582
         Number of bonds         =    61404   Number of angles     =    20468
         Number of dihedrals     =        0   Number of impropers  =        0
         Number of cross-terms   =        0
         Number of HB acceptors  =    20468   Number of HB donors  =    40936
         Number of NB exclusions =        0   Total charge =   12.00000
  
 CHARMM>     
  
 CHARMM>    read coor pdb name water_shell.pdb
 VOPEN> Attempting to open::water_shell.pdb::
  read CHARMM-pdb format
          SPATIAL COORDINATES BEING READ FROM UNIT 90
 TITLE>  CREATED BY SOLVATE 1.0.1 (C) 1996-2010 HELMUT GRUBMULLER
 TITLE>  HTTP://WWW.IMO.PHYSIK.UNI-MUENCHEN.DE/~GRUBI
 TITLE>  HELMUT.GRUBMUELLER@PHYSIK.UNI-MUENCHEN.DE
 TITLE>  
 TITLE>  *

 ** WARNING ** For atom in coordinate file, the residue type does not match that (RESN) in the PSF:    1 PSF= TIP3 INPUT= SOD 

 ** WARNING ** For atom in coordinate file, the corresponding residue in the PSF lacks that atom:
 INDEX=61405 IRES=    1 RESID=1    RES=SOD  ATOM=SOD 

 ** WARNING ** For atom in coordinate file, the residue type does not match that (RESN) in the PSF:    2 PSF= TIP3 INPUT= SOD 

 ** WARNING ** For atom in coordinate file, the corresponding residue in the PSF lacks that atom:
 INDEX=61406 IRES=    2 RESID=2    RES=SOD  ATOM=SOD 

 ** WARNING ** For atom in coordinate file, the residue type does not match that (RESN) in the PSF:    3 PSF= TIP3 INPUT= SOD 

 ** WARNING ** For atom in coordinate file, the corresponding residue in the PSF lacks that atom:
 INDEX=61407 IRES=    3 RESID=3    RES=SOD  ATOM=SOD 

 ** WARNING ** For atom in coordinate file, the residue type does not match that (RESN) in the PSF:    4 PSF= TIP3 INPUT= SOD 

 ** WARNING ** For atom in coordinate file, the corresponding residue in the PSF lacks that atom:
 INDEX=61408 IRES=    4 RESID=4    RES=SOD  ATOM=SOD 

 ** WARNING ** For atom in coordinate file, the residue type does not match that (RESN) in the PSF:    5 PSF= TIP3 INPUT= SOD 

 ** WARNING ** For atom in coordinate file, the corresponding residue in the PSF lacks that atom:
 INDEX=61409 IRES=    5 RESID=5    RES=SOD  ATOM=SOD 

 ** WARNING ** For atom in coordinate file, the corresponding residue in the PSF lacks that atom:
 INDEX=61410 IRES=    6 RESID=6    RES=SOD  ATOM=SOD 

 ** WARNING ** For atom in coordinate file, the corresponding residue in the PSF lacks that atom:
 INDEX=61411 IRES=    7 RESID=7    RES=SOD  ATOM=SOD 

 ** WARNING ** For atom in coordinate file, the corresponding residue in the PSF lacks that atom:
 INDEX=61412 IRES=    8 RESID=8    RES=SOD  ATOM=SOD 

 ** WARNING ** For atom in coordinate file, the corresponding residue in the PSF lacks that atom:
 INDEX=61413 IRES=    9 RESID=9    RES=SOD  ATOM=SOD 

 ** WARNING ** For atom in coordinate file, the corresponding residue in the PSF lacks that atom:
 INDEX=61414 IRES=   10 RESID=10   RES=SOD  ATOM=SOD 

 ** WARNING ** For atom in coordinate file, the corresponding residue in the PSF lacks that atom:
 INDEX=61415 IRES=   11 RESID=11   RES=SOD  ATOM=SOD 

 ** WARNING ** For atom in coordinate file, the corresponding residue in the PSF lacks that atom:
 INDEX=61416 IRES=   12 RESID=12   RES=SOD  ATOM=SOD 

 ** WARNING ** For atom in coordinate file, the corresponding residue in the PSF lacks that atom:
 INDEX=61417 IRES=   13 RESID=13   RES=SOD  ATOM=SOD 

 ** WARNING ** For atom in coordinate file, the corresponding residue in the PSF lacks that atom:
 INDEX=61418 IRES=   14 RESID=14   RES=SOD  ATOM=SOD 

 ** WARNING ** For atom in coordinate file, the corresponding residue in the PSF lacks that atom:
 INDEX=61419 IRES=   15 RESID=15   RES=SOD  ATOM=SOD 

 ** WARNING ** For atom in coordinate file, the corresponding residue in the PSF lacks that atom:
 INDEX=61420 IRES=   16 RESID=16   RES=SOD  ATOM=SOD 

 ** WARNING ** For atom in coordinate file, the corresponding residue in the PSF lacks that atom:
 INDEX=61421 IRES=   17 RESID=17   RES=SOD  ATOM=SOD 

 ** WARNING ** For atom in coordinate file, the corresponding residue in the PSF lacks that atom:
 INDEX=61422 IRES=   18 RESID=18   RES=SOD  ATOM=SOD 

 ** WARNING ** For atom in coordinate file, the corresponding residue in the PSF lacks that atom:
 INDEX=61423 IRES=   19 RESID=19   RES=SOD  ATOM=SOD 
 ** WARNING ** After reading, there are no coordinates for selected atom: 29998 10000 TIP3 OH2 
 ** WARNING ** After reading, there are no coordinates for selected atom: 29999 10000 TIP3 H1  
 ** WARNING ** After reading, there are no coordinates for selected atom: 30000 10000 TIP3 H2  
 ** WARNING ** After reading, there are no coordinates for selected atom: 30001 10001 TIP3 OH2 
 ** WARNING ** After reading, there are no coordinates for selected atom: 30002 10001 TIP3 H1  
 ** WARNING ** After reading, there are no coordinates for selected atom: 30003 10001 TIP3 H2  
 ** WARNING ** After reading, there are no coordinates for selected atom: 30004 10002 TIP3 OH2 
 ** WARNING ** After reading, there are no coordinates for selected atom: 30005 10002 TIP3 H1  
 ** WARNING ** After reading, there are no coordinates for selected atom: 30006 10002 TIP3 H2  
 ** WARNING ** After reading, there are no coordinates for selected atom: 30007 10003 TIP3 OH2 

 ** A total of 31521 selected atoms have no coordinates

 ** A total of  114 warnings were encountered during coordinate reading **

 ** WARNING ** Coordinates were overwritten for 31407 atoms.
 *** LEVEL  2 WARNING *** BOMLEV IS    0

 ** WARNING **   114 atoms in coordinates file had a sequence mismatch.
 *** LEVEL  0 WARNING *** BOMLEV IS    0
 BOMLEV HAS BEEN SATISFIED. TERMINATING.


                                                  
                            /---------\           
                           /           \          
                          /             \         
                         /               \        
                         !  XXXX   XXXX  !        
                         !  XXXX   XXXX  !        
                         !  XXX     XXX  !        
                         !       X       !        
                          --\   XXX   /--         
                           ! !  XXX  ! !          
                           ! !       ! !          
                           ! I I I I I !          
                           !  I I I I  !          
                            \         /           
                             --     --            
                               \---/              
                        XXX             XXX       
                       XXXX             XXXX      
                       XXXXX           XXXXX      
                          XXX         XXX         
                            XXX     XXX           
                               XXXXX              
                              XXX XXX             
                            XXX     XXX           
                          XXX         XXX         
                       XXXXX           XXXXX      
                       XXXX             XXXX      
                        XXX             XXX       
                                                  
                                                  
 Execution terminated due to the detection of a fatal error.

                    ABNORMAL TERMINATION
                    MOST SEVERE WARNING WAS AT LEVEL  0

                    $$$$$ JOB ACCOUNTING INFORMATION $$$$$
                     ELAPSED TIME:     3.18  SECONDS 
                         CPU TIME:     2.45  SECONDS 
